Notice	: Detecting System...
Notice	: No virtualized environment detected.
Notice	: Linux Distribution: Ubuntu
Notice	: Detection complete.
Warning : Unable to detect java version! Java may not be installed or may be outdated.
Error	: McMyAdmin was not shut down properly!
Error	: To avoid potential data loss, please perform /quit on this console.
Error	: Startup will resume in 5 seconds...
Notice	: Starting McMyAdmin Personal v2.7.0.2
Notice	: Checking for updates...
Notice	: Checking for Minecraft Server updates...
Notice	: Starting webserver...
Notice	: McMyAdmin has started and is ready for use.
Notice	: Server jar hash is d38e7271-d0fb-d1ac-394b-f3ade2649a5c
Notice	: Starting Minecraft Server...
Console	: [14:57:26] [Server thread/INFO]: Starting minecraft server version 1.12.2
Console	: [14:57:26] [Server thread/INFO]: Loading properties
Console	: [14:57:26] [Server thread/INFO]: Default game type: SURVIVAL
Console	: [14:57:26] [Server thread/INFO]: Generating keypair
Console	: [14:57:30] [Server thread/INFO]: Starting Minecraft server on *:25565
Console	: [14:57:31] [Server thread/INFO]: Using epoll channel type
Console	: [14:57:31] [Server thread/INFO]: Preparing level "world"
Console	: [14:57:33] [Server thread/INFO]: Loaded 488 advancements
Console	: [14:57:33] [Server thread/INFO]: Preparing start region for level 0
Console	: [14:57:36] [Server thread/INFO]: Preparing spawn area: 0%
Console	: [14:57:37] [Server thread/INFO]: Preparing spawn area: 5%
Console	: [14:57:38] [Server thread/INFO]: Preparing spawn area: 14%
Console	: [14:57:39] [Server thread/INFO]: Preparing spawn area: 28%
Console	: [14:57:40] [Server thread/WARN]: Keeping entity minecraft:skeleton that already exists with UUID a0d8fab1-8d9a-4e93-8810-a9b8dcec051b
Console	: [14:57:40] [Server thread/INFO]: Preparing spawn area: 50%
Console	: [14:57:41] [Server thread/WARN]: Keeping entity minecraft:wolf that already exists with UUID 0c0051a8-17ba-4dac-a7cd-da9eb1a0208d
Console	: [14:57:41] [Server thread/INFO]: Preparing spawn area: 70%
Console	: [14:57:42] [Server thread/INFO]: Done (11.458s)! For help, type "help" or "?"
Console	: [14:57:47] [Server thread/WARN]: Can't keep up! Did the system time change, or is the server overloaded? Running 3731ms behind, skipping 74 tick(s)
Console	: [15:00:00] [Server thread/INFO]: [Server] This server is running McMyAdmin Personal v2.7.0.2
Console	: [15:00:00] [Server thread/INFO]: [Server] Saving world data. Expect lag for a short while.
Console	: [15:00:00] [Server thread/INFO]: Saving...
Console	: [15:00:00] [Server thread/INFO]: Saved the world
Console	: [15:00:00] [Server thread/INFO]: [Server] Save Complete
Console	: [15:06:00] [Server thread/INFO]: There are 0/10 players online:
Console	: [15:06:00] [Server thread/INFO]: 
Console	: [15:12:00] [Server thread/INFO]: There are 0/10 players online:
Console	: [15:12:00] [Server thread/INFO]: 
