Notice	: Detecting System...
Notice	: No virtualized environment detected.
Notice	: Linux Distribution: Ubuntu
Notice	: Detection complete.
Warning : Unable to detect java version! Java may not be installed or may be outdated.
Error	: McMyAdmin was not shut down properly!
Error	: To avoid potential data loss, please perform /quit on this console.
Error	: Startup will resume in 5 seconds...
Notice	: Starting McMyAdmin Personal v2.7.0.2
Notice	: Checking for updates...
Notice	: Checking for Minecraft Server updates...
Notice	: Starting webserver...
Notice	: McMyAdmin has started and is ready for use.
Notice	: Server jar hash is d38e7271-d0fb-d1ac-394b-f3ade2649a5c
Notice	: Starting Minecraft Server...
Console	: [23:01:11] [Server thread/INFO]: Starting minecraft server version 1.12.2
Console	: [23:01:11] [Server thread/INFO]: Loading properties
Console	: [23:01:11] [Server thread/INFO]: Default game type: SURVIVAL
Console	: [23:01:11] [Server thread/INFO]: Generating keypair
Console	: [23:01:13] [Server thread/INFO]: Starting Minecraft server on *:25565
Console	: [23:01:13] [Server thread/INFO]: Using epoll channel type
Console	: [23:01:14] [Server thread/INFO]: Preparing level "world"
Console	: [23:01:16] [Server thread/INFO]: Loaded 488 advancements
Console	: [23:01:16] [Server thread/INFO]: Preparing start region for level 0
Console	: [23:01:19] [Server thread/INFO]: Preparing spawn area: 0%
Console	: [23:01:20] [Server thread/INFO]: Preparing spawn area: 4%
Console	: [23:01:21] [Server thread/INFO]: Preparing spawn area: 16%
Console	: [23:01:22] [Server thread/INFO]: Preparing spawn area: 41%
Console	: [23:01:23] [Server thread/INFO]: Preparing spawn area: 71%
Console	: [23:01:24] [Server thread/INFO]: Done (10.601s)! For help, type "help" or "?"
Console	: [23:07:00] [Server thread/INFO]: There are 0/10 players online:
Console	: [23:07:00] [Server thread/INFO]: 
Console	: [23:13:00] [Server thread/INFO]: There are 0/10 players online:
Console	: [23:13:00] [Server thread/INFO]: 
