Notice	: Detecting System...
Notice	: No virtualized environment detected.
Notice	: Linux Distribution: Ubuntu
Notice	: Detection complete.
Warning : Unable to detect java version! Java may not be installed or may be outdated.
Error	: McMyAdmin was not shut down properly!
Error	: To avoid potential data loss, please perform /quit on this console.
Error	: Startup will resume in 5 seconds...
Notice	: Starting McMyAdmin Personal v2.7.0.2
Notice	: Checking for updates...
Notice	: Starting webserver...
Notice	: Checking for Minecraft Server updates...
Notice	: McMyAdmin has started and is ready for use.
Notice	: Server jar hash is d38e7271-d0fb-d1ac-394b-f3ade2649a5c
Notice	: Starting Minecraft Server...
Console	: [03:38:31] [Server thread/INFO]: Starting minecraft server version 1.12.2
Console	: [03:38:31] [Server thread/INFO]: Loading properties
Console	: [03:38:31] [Server thread/INFO]: Default game type: SURVIVAL
Console	: [03:38:31] [Server thread/INFO]: Generating keypair
Console	: [03:38:32] [Server thread/INFO]: Starting Minecraft server on *:25565
Console	: [03:38:32] [Server thread/INFO]: Using epoll channel type
Console	: [03:38:33] [Server thread/INFO]: Preparing level "world"
Console	: [03:38:36] [Server thread/INFO]: Loaded 488 advancements
Console	: [03:38:36] [Server thread/INFO]: Preparing start region for level 0
Console	: [03:38:39] [Server thread/INFO]: Preparing spawn area: 0%
Console	: [03:38:40] [Server thread/INFO]: Preparing spawn area: 4%
Console	: [03:38:41] [Server thread/INFO]: Preparing spawn area: 12%
Console	: [03:38:42] [Server thread/INFO]: Preparing spawn area: 24%
Console	: [03:38:43] [Server thread/INFO]: Preparing spawn area: 35%
Console	: [03:38:44] [Server thread/INFO]: Preparing spawn area: 52%
Console	: [03:38:45] [Server thread/INFO]: Preparing spawn area: 63%
Console	: [03:38:46] [Server thread/INFO]: Preparing spawn area: 92%
Console	: [03:38:47] [Server thread/INFO]: Done (13.806s)! For help, type "help" or "?"
Console	: [03:44:00] [Server thread/INFO]: There are 0/10 players online:
Console	: [03:44:00] [Server thread/INFO]: 
Console	: [03:45:00] [Server thread/INFO]: [Server] Saving world data. Expect lag for a short while.
Console	: [03:45:00] [Server thread/INFO]: Saving...
Console	: [03:45:00] [Server thread/INFO]: Saved the world
Console	: [03:45:00] [Server thread/INFO]: [Server] Save Complete
Console	: [03:51:00] [Server thread/INFO]: There are 0/10 players online:
Console	: [03:51:00] [Server thread/INFO]: 
Console	: [03:57:00] [Server thread/INFO]: There are 0/10 players online:
Console	: [03:57:00] [Server thread/INFO]: 
Console	: [04:00:00] [Server thread/INFO]: [Server] This server is running McMyAdmin Personal v2.7.0.2
Console	: [04:00:00] [Server thread/INFO]: [Server] Saving world data. Expect lag for a short while.
Console	: [04:00:00] [Server thread/INFO]: Saving...
Console	: [04:00:00] [Server thread/INFO]: Saved the world
Console	: [04:00:00] [Server thread/INFO]: [Server] Save Complete
Console	: [04:00:00] [Server thread/INFO]: [Server] Automatic restart.
Console	: [04:00:00] [Server thread/INFO]: [Server] Server is restarting. World is being saved.
Console	: [04:00:00] [Server thread/INFO]: Saving is already turned on
Console	: [04:00:00] [Server thread/INFO]: Saving...
Console	: [04:00:00] [Server thread/INFO]: Saved the world
Console	: [04:00:00] [Server thread/INFO]: Stopping the server
Console	: [04:00:00] [Server thread/INFO]: Stopping server
Console	: [04:00:00] [Server thread/INFO]: Saving players
Console	: [04:00:00] [Server thread/INFO]: Saving worlds
Console	: [04:00:00] [Server thread/INFO]: Saving chunks for level 'world'/overworld
Console	: [04:00:00] [Server thread/INFO]: Saving chunks for level 'world'/the_nether
Console	: [04:00:00] [Server thread/INFO]: Saving chunks for level 'world'/the_end
Console	: [04:00:00] [Server Shutdown Thread/INFO]: Stopping server
Console	: [04:00:00] [Server Shutdown Thread/INFO]: Saving players
Notice	: Minecraft server has stopped running.
Notice	: Server jar hash is d38e7271-d0fb-d1ac-394b-f3ade2649a5c
Notice	: Starting Minecraft Server...
Console	: [04:00:06] [Server thread/INFO]: Starting minecraft server version 1.12.2
Console	: [04:00:06] [Server thread/INFO]: Loading properties
Console	: [04:00:06] [Server thread/INFO]: Default game type: SURVIVAL
Console	: [04:00:06] [Server thread/INFO]: Generating keypair
Console	: [04:00:06] [Server thread/INFO]: Starting Minecraft server on *:25565
Console	: [04:00:06] [Server thread/INFO]: Using epoll channel type
Console	: [04:00:06] [Server thread/INFO]: Preparing level "world"
Console	: [04:00:07] [Server thread/INFO]: Loaded 488 advancements
Console	: [04:00:07] [Server thread/INFO]: Preparing start region for level 0
Console	: [04:00:08] [Server thread/INFO]: Preparing spawn area: 17%
Console	: [04:00:09] [Server thread/INFO]: Preparing spawn area: 83%
Console	: [04:00:09] [Server thread/INFO]: Done (2.694s)! For help, type "help" or "?"
Notice	: Checking for updates...
Notice	: Checking for Minecraft Server updates...
Console	: [04:06:00] [Server thread/INFO]: There are 0/10 players online:
Console	: [04:06:00] [Server thread/INFO]: 
Console	: [04:12:00] [Server thread/INFO]: There are 0/10 players online:
Console	: [04:12:00] [Server thread/INFO]: 
Console	: [04:15:00] [Server thread/INFO]: [Server] Saving world data. Expect lag for a short while.
Console	: [04:15:00] [Server thread/INFO]: Saving...
Console	: [04:15:00] [Server thread/INFO]: Saved the world
Console	: [04:15:00] [Server thread/INFO]: [Server] Save Complete
Console	: [04:21:00] [Server thread/INFO]: There are 0/10 players online:
Console	: [04:21:00] [Server thread/INFO]: 
Console	: [04:27:00] [Server thread/INFO]: There are 0/10 players online:
Console	: [04:27:00] [Server thread/INFO]: 
Console	: [04:30:00] [Server thread/INFO]: [Server] This server is running McMyAdmin Personal v2.7.0.2
Console	: [04:30:00] [Server thread/INFO]: [Server] Saving world data. Expect lag for a short while.
Console	: [04:30:00] [Server thread/INFO]: Saving...
Console	: [04:30:00] [Server thread/INFO]: Saved the world
Console	: [04:30:00] [Server thread/INFO]: [Server] Save Complete
Console	: [04:36:00] [Server thread/INFO]: There are 0/10 players online:
Console	: [04:36:00] [Server thread/INFO]: 
Console	: [04:42:00] [Server thread/INFO]: There are 0/10 players online:
Console	: [04:42:00] [Server thread/INFO]: 
Console	: [04:45:00] [Server thread/INFO]: [Server] Saving world data. Expect lag for a short while.
Console	: [04:45:00] [Server thread/INFO]: Saving...
Console	: [04:45:00] [Server thread/INFO]: Saved the world
Console	: [04:45:00] [Server thread/INFO]: [Server] Save Complete
Console	: [04:51:00] [Server thread/INFO]: There are 0/10 players online:
Console	: [04:51:00] [Server thread/INFO]: 
Console	: [04:57:00] [Server thread/INFO]: There are 0/10 players online:
Console	: [04:57:00] [Server thread/INFO]: 
Console	: [05:00:00] [Server thread/INFO]: [Server] This server is running McMyAdmin Personal v2.7.0.2
Console	: [05:00:00] [Server thread/INFO]: [Server] Saving world data. Expect lag for a short while.
Console	: [05:00:00] [Server thread/INFO]: Saving...
Console	: [05:00:00] [Server thread/INFO]: Saved the world
Console	: [05:00:00] [Server thread/INFO]: [Server] Save Complete
