Notice	: Detecting System...
Notice	: No virtualized environment detected.
Notice	: Linux Distribution: Ubuntu
Notice	: Detection complete.
Warning : Unable to detect java version! Java may not be installed or may be outdated.
Error	: McMyAdmin was not shut down properly!
Error	: To avoid potential data loss, please perform /quit on this console.
Error	: Startup will resume in 5 seconds...
Notice	: Starting McMyAdmin Personal v2.7.0.2
Notice	: Checking for updates...
Notice	: Checking for Minecraft Server updates...
Notice	: Starting webserver...
Notice	: McMyAdmin has started and is ready for use.
Notice	: Server jar hash is d38e7271-d0fb-d1ac-394b-f3ade2649a5c
Notice	: Starting Minecraft Server...
Console	: [00:08:48] [Server thread/INFO]: Starting minecraft server version 1.12.2
Console	: [00:08:48] [Server thread/INFO]: Loading properties
Console	: [00:08:48] [Server thread/INFO]: Default game type: SURVIVAL
Console	: [00:08:48] [Server thread/INFO]: Generating keypair
Console	: [00:08:50] [Server thread/INFO]: Starting Minecraft server on *:25565
Console	: [00:08:50] [Server thread/INFO]: Using epoll channel type
Console	: [00:08:51] [Server thread/INFO]: Preparing level "world"
Console	: [00:08:53] [Server thread/INFO]: Loaded 488 advancements
Console	: [00:08:53] [Server thread/INFO]: Preparing start region for level 0
Console	: [00:08:57] [Server thread/INFO]: Preparing spawn area: 0%
Console	: [00:08:58] [Server thread/INFO]: Preparing spawn area: 3%
Console	: [00:08:59] [Server thread/INFO]: Preparing spawn area: 12%
Console	: [00:09:00] [Server thread/INFO]: Preparing spawn area: 23%
Console	: [00:09:01] [Server thread/INFO]: Preparing spawn area: 35%
Console	: [00:09:02] [Server thread/INFO]: Preparing spawn area: 54%
Console	: [00:09:03] [Server thread/INFO]: Preparing spawn area: 70%
Console	: [00:09:04] [Server thread/INFO]: Preparing spawn area: 98%
Console	: [00:09:04] [Server thread/INFO]: Done (12.560s)! For help, type "help" or "?"
Console	: [00:09:09] [Server thread/WARN]: Can't keep up! Did the system time change, or is the server overloaded? Running 2722ms behind, skipping 54 tick(s)
Console	: [00:15:00] [Server thread/INFO]: There are 0/10 players online:
Console	: [00:15:00] [Server thread/INFO]: 
Console	: [00:15:00] [Server thread/INFO]: [Server] Saving world data. Expect lag for a short while.
Console	: [00:15:00] [Server thread/INFO]: Saving...
Console	: [00:15:00] [Server thread/INFO]: Saved the world
Console	: [00:15:00] [Server thread/INFO]: [Server] Save Complete
