Notice	: Detecting System...
Notice	: No virtualized environment detected.
Notice	: Linux Distribution: Ubuntu
Notice	: Detection complete.
Warning : Unable to detect java version! Java may not be installed or may be outdated.
Error	: McMyAdmin was not shut down properly!
Error	: To avoid potential data loss, please perform /quit on this console.
Error	: Startup will resume in 5 seconds...
Notice	: Starting McMyAdmin Personal v2.7.0.2
Notice	: Checking for updates...
Notice	: Checking for Minecraft Server updates...
Notice	: Starting webserver...
Notice	: McMyAdmin has started and is ready for use.
Notice	: Server jar hash is d38e7271-d0fb-d1ac-394b-f3ade2649a5c
Notice	: Starting Minecraft Server...
Console	: [11:23:32] [Server thread/INFO]: Starting minecraft server version 1.12.2
Console	: [11:23:33] [Server thread/INFO]: Loading properties
Console	: [11:23:33] [Server thread/INFO]: Default game type: SURVIVAL
Console	: [11:23:33] [Server thread/INFO]: Generating keypair
Console	: [11:23:34] [Server thread/INFO]: Starting Minecraft server on *:25565
Console	: [11:23:34] [Server thread/INFO]: Using epoll channel type
Console	: [11:23:35] [Server thread/INFO]: Preparing level "world"
Console	: [11:23:37] [Server thread/INFO]: Loaded 488 advancements
Console	: [11:23:37] [Server thread/INFO]: Preparing start region for level 0
Console	: [11:23:40] [Server thread/INFO]: Preparing spawn area: 0%
Console	: [11:23:41] [Server thread/INFO]: Preparing spawn area: 6%
Console	: [11:23:42] [Server thread/INFO]: Preparing spawn area: 20%
Console	: [11:23:43] [Server thread/INFO]: Preparing spawn area: 32%
Console	: [11:23:44] [Server thread/WARN]: Keeping entity minecraft:skeleton that already exists with UUID a0d8fab1-8d9a-4e93-8810-a9b8dcec051b
Console	: [11:23:44] [Server thread/INFO]: Preparing spawn area: 59%
Console	: [11:23:45] [Server thread/WARN]: Keeping entity minecraft:wolf that already exists with UUID 0c0051a8-17ba-4dac-a7cd-da9eb1a0208d
Console	: [11:23:45] [Server thread/INFO]: Done (10.461s)! For help, type "help" or "?"
Console	: [11:23:50] [Server thread/WARN]: Can't keep up! Did the system time change, or is the server overloaded? Running 2687ms behind, skipping 53 tick(s)
Console	: [11:29:00] [Server thread/INFO]: There are 0/10 players online:
Console	: [11:29:00] [Server thread/INFO]: 
Console	: [11:30:00] [Server thread/INFO]: [Server] This server is running McMyAdmin Personal v2.7.0.2
Console	: [11:30:00] [Server thread/INFO]: [Server] Saving world data. Expect lag for a short while.
Console	: [11:30:00] [Server thread/INFO]: Saving...
Console	: [11:30:00] [Server thread/INFO]: Saved the world
Console	: [11:30:00] [Server thread/INFO]: [Server] Save Complete
Console	: [11:36:00] [Server thread/INFO]: There are 0/10 players online:
Console	: [11:36:00] [Server thread/INFO]: 
Console	: [11:42:00] [Server thread/INFO]: There are 0/10 players online:
Console	: [11:42:00] [Server thread/INFO]: 
Console	: [11:45:00] [Server thread/INFO]: [Server] Saving world data. Expect lag for a short while.
Console	: [11:45:00] [Server thread/INFO]: Saving...
Console	: [11:45:00] [Server thread/INFO]: Saved the world
Console	: [11:45:00] [Server thread/INFO]: [Server] Save Complete
Console	: [11:51:00] [Server thread/INFO]: There are 0/10 players online:
Console	: [11:51:00] [Server thread/INFO]: 
Console	: [11:57:00] [Server thread/INFO]: There are 0/10 players online:
Console	: [11:57:00] [Server thread/INFO]: 
Console	: [12:00:00] [Server thread/INFO]: [Server] This server is running McMyAdmin Personal v2.7.0.2
Console	: [12:00:00] [Server thread/INFO]: [Server] Saving world data. Expect lag for a short while.
Console	: [12:00:00] [Server thread/INFO]: Saving...
Console	: [12:00:00] [Server thread/INFO]: Saved the world
Console	: [12:00:00] [Server thread/INFO]: [Server] Save Complete
Console	: [12:06:00] [Server thread/INFO]: There are 0/10 players online:
Console	: [12:06:00] [Server thread/INFO]: 
Console	: [12:12:00] [Server thread/INFO]: There are 0/10 players online:
Console	: [12:12:00] [Server thread/INFO]: 
Console	: [12:15:00] [Server thread/INFO]: [Server] Saving world data. Expect lag for a short while.
Console	: [12:15:00] [Server thread/INFO]: Saving...
Console	: [12:15:00] [Server thread/INFO]: Saved the world
Console	: [12:15:00] [Server thread/INFO]: [Server] Save Complete
Console	: [12:21:00] [Server thread/INFO]: There are 0/10 players online:
Console	: [12:21:00] [Server thread/INFO]: 
Console	: [12:27:00] [Server thread/INFO]: There are 0/10 players online:
Console	: [12:27:00] [Server thread/INFO]: 
Console	: [12:30:00] [Server thread/INFO]: [Server] This server is running McMyAdmin Personal v2.7.0.2
Console	: [12:30:00] [Server thread/INFO]: [Server] Saving world data. Expect lag for a short while.
Console	: [12:30:00] [Server thread/INFO]: Saving...
Console	: [12:30:00] [Server thread/INFO]: Saved the world
Console	: [12:30:00] [Server thread/INFO]: [Server] Save Complete
Console	: [12:36:00] [Server thread/INFO]: There are 0/10 players online:
Console	: [12:36:00] [Server thread/INFO]: 
Console	: [12:42:00] [Server thread/INFO]: There are 0/10 players online:
Console	: [12:42:00] [Server thread/INFO]: 
Console	: [12:45:00] [Server thread/INFO]: [Server] Saving world data. Expect lag for a short while.
Console	: [12:45:00] [Server thread/INFO]: Saving...
Console	: [12:45:00] [Server thread/INFO]: Saved the world
Console	: [12:45:00] [Server thread/INFO]: [Server] Save Complete
Console	: [12:51:00] [Server thread/INFO]: There are 0/10 players online:
Console	: [12:51:00] [Server thread/INFO]: 
Console	: [12:57:00] [Server thread/INFO]: There are 0/10 players online:
Console	: [12:57:00] [Server thread/INFO]: 
Console	: [13:00:00] [Server thread/INFO]: [Server] This server is running McMyAdmin Personal v2.7.0.2
Console	: [13:00:00] [Server thread/INFO]: [Server] Saving world data. Expect lag for a short while.
Console	: [13:00:00] [Server thread/INFO]: Saving...
Console	: [13:00:00] [Server thread/INFO]: Saved the world
Console	: [13:00:00] [Server thread/INFO]: [Server] Save Complete
Console	: [13:06:00] [Server thread/INFO]: There are 0/10 players online:
Console	: [13:06:00] [Server thread/INFO]: 
Console	: [13:12:00] [Server thread/INFO]: There are 0/10 players online:
Console	: [13:12:00] [Server thread/INFO]: 
Console	: [13:15:00] [Server thread/INFO]: [Server] Saving world data. Expect lag for a short while.
Console	: [13:15:00] [Server thread/INFO]: Saving...
Console	: [13:15:00] [Server thread/INFO]: Saved the world
Console	: [13:15:00] [Server thread/INFO]: [Server] Save Complete
Console	: [13:21:00] [Server thread/INFO]: There are 0/10 players online:
Console	: [13:21:00] [Server thread/INFO]: 
Console	: [13:27:00] [Server thread/INFO]: There are 0/10 players online:
Console	: [13:27:00] [Server thread/INFO]: 
Console	: [13:30:00] [Server thread/INFO]: [Server] This server is running McMyAdmin Personal v2.7.0.2
Console	: [13:30:00] [Server thread/INFO]: [Server] Saving world data. Expect lag for a short while.
Console	: [13:30:00] [Server thread/INFO]: Saving...
Console	: [13:30:00] [Server thread/INFO]: Saved the world
Console	: [13:30:00] [Server thread/INFO]: [Server] Save Complete
Console	: [13:36:00] [Server thread/INFO]: There are 0/10 players online:
Console	: [13:36:00] [Server thread/INFO]: 
Console	: [13:42:00] [Server thread/INFO]: There are 0/10 players online:
Console	: [13:42:00] [Server thread/INFO]: 
Console	: [13:45:00] [Server thread/INFO]: [Server] Saving world data. Expect lag for a short while.
Console	: [13:45:00] [Server thread/INFO]: Saving...
Console	: [13:45:00] [Server thread/INFO]: Saved the world
Console	: [13:45:00] [Server thread/INFO]: [Server] Save Complete
Console	: [13:51:00] [Server thread/INFO]: There are 0/10 players online:
Console	: [13:51:00] [Server thread/INFO]: 
Console	: [13:57:00] [Server thread/INFO]: There are 0/10 players online:
Console	: [13:57:00] [Server thread/INFO]: 
Console	: [14:00:00] [Server thread/INFO]: [Server] This server is running McMyAdmin Personal v2.7.0.2
Console	: [14:00:00] [Server thread/INFO]: [Server] Saving world data. Expect lag for a short while.
Console	: [14:00:00] [Server thread/INFO]: Saving...
Console	: [14:00:00] [Server thread/INFO]: Saved the world
Console	: [14:00:00] [Server thread/INFO]: [Server] Save Complete
Console	: [14:06:00] [Server thread/INFO]: There are 0/10 players online:
Console	: [14:06:00] [Server thread/INFO]: 
Console	: [14:12:00] [Server thread/INFO]: There are 0/10 players online:
Console	: [14:12:00] [Server thread/INFO]: 
Console	: [14:15:00] [Server thread/INFO]: [Server] Saving world data. Expect lag for a short while.
Console	: [14:15:00] [Server thread/INFO]: Saving...
Console	: [14:15:00] [Server thread/INFO]: Saved the world
Console	: [14:15:00] [Server thread/INFO]: [Server] Save Complete
Console	: [14:21:00] [Server thread/INFO]: There are 0/10 players online:
Console	: [14:21:00] [Server thread/INFO]: 
Console	: [14:27:00] [Server thread/INFO]: There are 0/10 players online:
Console	: [14:27:00] [Server thread/INFO]: 
Console	: [14:30:00] [Server thread/INFO]: [Server] This server is running McMyAdmin Personal v2.7.0.2
Console	: [14:30:00] [Server thread/INFO]: [Server] Saving world data. Expect lag for a short while.
Console	: [14:30:00] [Server thread/INFO]: Saving...
Console	: [14:30:00] [Server thread/INFO]: Saved the world
Console	: [14:30:00] [Server thread/INFO]: [Server] Save Complete
Console	: [14:36:00] [Server thread/INFO]: There are 0/10 players online:
Console	: [14:36:00] [Server thread/INFO]: 
Console	: [14:42:00] [Server thread/INFO]: There are 0/10 players online:
Console	: [14:42:00] [Server thread/INFO]: 
Console	: [14:45:00] [Server thread/INFO]: [Server] Saving world data. Expect lag for a short while.
Console	: [14:45:00] [Server thread/INFO]: Saving...
Console	: [14:45:00] [Server thread/INFO]: Saved the world
Console	: [14:45:00] [Server thread/INFO]: [Server] Save Complete
Console	: [14:51:00] [Server thread/INFO]: There are 0/10 players online:
Console	: [14:51:00] [Server thread/INFO]: 
Console	: [14:57:00] [Server thread/INFO]: There are 0/10 players online:
Console	: [14:57:00] [Server thread/INFO]: 
Console	: [15:00:00] [Server thread/INFO]: [Server] This server is running McMyAdmin Personal v2.7.0.2
Console	: [15:00:00] [Server thread/INFO]: [Server] Saving world data. Expect lag for a short while.
Console	: [15:00:00] [Server thread/INFO]: Saving...
Console	: [15:00:00] [Server thread/INFO]: Saved the world
Console	: [15:00:00] [Server thread/INFO]: [Server] Save Complete
Console	: [15:06:00] [Server thread/INFO]: There are 0/10 players online:
Console	: [15:06:00] [Server thread/INFO]: 
Console	: [15:12:00] [Server thread/INFO]: There are 0/10 players online:
Console	: [15:12:00] [Server thread/INFO]: 
Console	: [15:15:00] [Server thread/INFO]: [Server] Saving world data. Expect lag for a short while.
Console	: [15:15:00] [Server thread/INFO]: Saving...
Console	: [15:15:00] [Server thread/INFO]: Saved the world
Console	: [15:15:00] [Server thread/INFO]: [Server] Save Complete
Console	: [15:21:00] [Server thread/INFO]: There are 0/10 players online:
Console	: [15:21:00] [Server thread/INFO]: 
Console	: [15:27:00] [Server thread/INFO]: There are 0/10 players online:
Console	: [15:27:00] [Server thread/INFO]: 
Console	: [15:30:00] [Server thread/INFO]: [Server] This server is running McMyAdmin Personal v2.7.0.2
Console	: [15:30:00] [Server thread/INFO]: [Server] Saving world data. Expect lag for a short while.
Console	: [15:30:00] [Server thread/INFO]: Saving...
Console	: [15:30:00] [Server thread/INFO]: Saved the world
Console	: [15:30:00] [Server thread/INFO]: [Server] Save Complete
Console	: [15:36:00] [Server thread/INFO]: There are 0/10 players online:
Console	: [15:36:00] [Server thread/INFO]: 
Console	: [15:42:00] [Server thread/INFO]: There are 0/10 players online:
Console	: [15:42:00] [Server thread/INFO]: 
Console	: [15:45:00] [Server thread/INFO]: [Server] Saving world data. Expect lag for a short while.
Console	: [15:45:00] [Server thread/INFO]: Saving...
Console	: [15:45:00] [Server thread/INFO]: Saved the world
Console	: [15:45:00] [Server thread/INFO]: [Server] Save Complete
Console	: [15:51:00] [Server thread/INFO]: There are 0/10 players online:
Console	: [15:51:00] [Server thread/INFO]: 
Console	: [15:57:00] [Server thread/INFO]: There are 0/10 players online:
Console	: [15:57:00] [Server thread/INFO]: 
Console	: [16:00:00] [Server thread/INFO]: [Server] This server is running McMyAdmin Personal v2.7.0.2
Console	: [16:00:00] [Server thread/INFO]: [Server] Saving world data. Expect lag for a short while.
Console	: [16:00:00] [Server thread/INFO]: Saving...
Console	: [16:00:00] [Server thread/INFO]: Saved the world
Console	: [16:00:00] [Server thread/INFO]: [Server] Save Complete
