Notice	: Detecting System...
Notice	: No virtualized environment detected.
Notice	: Linux Distribution: Ubuntu
Notice	: Detection complete.
Warning : Unable to detect java version! Java may not be installed or may be outdated.
Error	: McMyAdmin was not shut down properly!
Error	: To avoid potential data loss, please perform /quit on this console.
Error	: Startup will resume in 5 seconds...
Notice	: Starting McMyAdmin Personal v2.7.0.2
Notice	: Checking for updates...
Notice	: Starting webserver...
Notice	: Checking for Minecraft Server updates...
Notice	: McMyAdmin has started and is ready for use.
Notice	: Server jar hash is d38e7271-d0fb-d1ac-394b-f3ade2649a5c
Notice	: Starting Minecraft Server...
Console	: [04:51:54] [Server thread/INFO]: Starting minecraft server version 1.12.2
Console	: [04:51:54] [Server thread/INFO]: Loading properties
Console	: [04:51:54] [Server thread/INFO]: Default game type: SURVIVAL
Console	: [04:51:54] [Server thread/INFO]: Generating keypair
Console	: [04:51:55] [Server thread/INFO]: Starting Minecraft server on *:25565
Console	: [04:51:55] [Server thread/INFO]: Using epoll channel type
Console	: [04:51:56] [Server thread/INFO]: Preparing level "world"
Console	: [04:51:59] [Server thread/INFO]: Loaded 488 advancements
Console	: [04:51:59] [Server thread/INFO]: Preparing start region for level 0
Console	: [04:52:04] [Server thread/INFO]: Preparing spawn area: 0%
Console	: [04:52:05] [Server thread/INFO]: Preparing spawn area: 3%
Console	: [04:52:06] [Server thread/INFO]: Preparing spawn area: 11%
Console	: [04:52:07] [Server thread/INFO]: Preparing spawn area: 23%
Console	: [04:52:08] [Server thread/INFO]: Preparing spawn area: 30%
Console	: [04:52:09] [Server thread/INFO]: Preparing spawn area: 45%
Console	: [04:52:10] [Server thread/INFO]: Preparing spawn area: 69%
Console	: [04:52:11] [Server thread/INFO]: Done (14.847s)! For help, type "help" or "?"
Console	: [04:52:16] [Server thread/WARN]: Can't keep up! Did the system time change, or is the server overloaded? Running 2664ms behind, skipping 53 tick(s)
