Notice	: Detecting System...
Notice	: No virtualized environment detected.
Notice	: Linux Distribution: Ubuntu
Notice	: Detection complete.
Warning : Unable to detect java version! Java may not be installed or may be outdated.
Error	: McMyAdmin was not shut down properly!
Error	: To avoid potential data loss, please perform /quit on this console.
Error	: Startup will resume in 5 seconds...
Notice	: Starting McMyAdmin Personal v2.7.0.2
Notice	: Checking for updates...
Notice	: Starting webserver...
Notice	: Checking for Minecraft Server updates...
Notice	: McMyAdmin has started and is ready for use.
Notice	: Server jar hash is d38e7271-d0fb-d1ac-394b-f3ade2649a5c
Notice	: Starting Minecraft Server...
Console	: [15:25:20] [Server thread/INFO]: Starting minecraft server version 1.12.2
Console	: [15:25:20] [Server thread/INFO]: Loading properties
Console	: [15:25:20] [Server thread/INFO]: Default game type: SURVIVAL
Console	: [15:25:20] [Server thread/INFO]: Generating keypair
Console	: [15:25:21] [Server thread/INFO]: Starting Minecraft server on *:25565
Console	: [15:25:21] [Server thread/INFO]: Using epoll channel type
Console	: [15:25:21] [Server thread/INFO]: Preparing level "world"
Console	: [15:25:24] [Server thread/INFO]: Loaded 488 advancements
Console	: [15:25:24] [Server thread/INFO]: Preparing start region for level 0
Console	: [15:25:28] [Server thread/INFO]: Preparing spawn area: 0%
Console	: [15:25:29] [Server thread/INFO]: Preparing spawn area: 3%
Console	: [15:25:30] [Server thread/INFO]: Preparing spawn area: 9%
Console	: [15:25:31] [Server thread/INFO]: Preparing spawn area: 16%
Console	: [15:25:32] [Server thread/INFO]: Preparing spawn area: 24%
Console	: [15:25:33] [Server thread/INFO]: Preparing spawn area: 36%
Console	: [15:25:34] [Server thread/INFO]: Preparing spawn area: 55%
Console	: [15:25:35] [Server thread/INFO]: Preparing spawn area: 84%
Console	: [15:25:35] [Server thread/INFO]: Done (13.780s)! For help, type "help" or "?"
Console	: [15:25:39] [Server thread/WARN]: Can't keep up! Did the system time change, or is the server overloaded? Running 2408ms behind, skipping 48 tick(s)
Console	: [15:30:00] [Server thread/INFO]: [Server] This server is running McMyAdmin Personal v2.7.0.2
Console	: [15:30:00] [Server thread/INFO]: [Server] Saving world data. Expect lag for a short while.
Console	: [15:30:00] [Server thread/INFO]: Saving...
Console	: [15:30:00] [Server thread/INFO]: Saved the world
Console	: [15:30:00] [Server thread/INFO]: [Server] Save Complete
