Notice	: Detecting System...
Notice	: No virtualized environment detected.
Notice	: Linux Distribution: Ubuntu
Notice	: Detection complete.
Warning : Unable to detect java version! Java may not be installed or may be outdated.
Error	: McMyAdmin was not shut down properly!
Error	: To avoid potential data loss, please perform /quit on this console.
Error	: Startup will resume in 5 seconds...
Notice	: Starting McMyAdmin Personal v2.7.0.2
Notice	: Checking for updates...
Notice	: Starting webserver...
Notice	: Checking for Minecraft Server updates...
Notice	: McMyAdmin has started and is ready for use.
Notice	: Server jar hash is d38e7271-d0fb-d1ac-394b-f3ade2649a5c
Notice	: Starting Minecraft Server...
Console	: [13:30:09] [Server thread/INFO]: Starting minecraft server version 1.12.2
Console	: [13:30:09] [Server thread/INFO]: Loading properties
Console	: [13:30:09] [Server thread/INFO]: Default game type: SURVIVAL
Console	: [13:30:09] [Server thread/INFO]: Generating keypair
Console	: [13:30:10] [Server thread/INFO]: Starting Minecraft server on *:25565
Console	: [13:30:10] [Server thread/INFO]: Using epoll channel type
Console	: [13:30:12] [Server thread/INFO]: Preparing level "world"
Console	: [13:30:14] [Server thread/INFO]: Loaded 488 advancements
Console	: [13:30:15] [Server thread/INFO]: Preparing start region for level 0
Console	: [13:30:18] [Server thread/INFO]: Preparing spawn area: 0%
Console	: [13:30:19] [Server thread/INFO]: Preparing spawn area: 3%
Console	: [13:30:20] [Server thread/INFO]: Preparing spawn area: 8%
Console	: [13:30:21] [Server thread/INFO]: Preparing spawn area: 24%
Console	: [13:30:22] [Server thread/INFO]: Preparing spawn area: 37%
Console	: [13:30:22] [Server thread/WARN]: Keeping entity minecraft:skeleton that already exists with UUID a0d8fab1-8d9a-4e93-8810-a9b8dcec051b
Console	: [13:30:23] [Server thread/INFO]: Preparing spawn area: 67%
Console	: [13:30:23] [Server thread/WARN]: Keeping entity minecraft:wolf that already exists with UUID 0c0051a8-17ba-4dac-a7cd-da9eb1a0208d
Console	: [13:30:24] [Server thread/INFO]: Preparing spawn area: 98%
Console	: [13:30:24] [Server thread/INFO]: Done (11.905s)! For help, type "help" or "?"
Console	: [13:36:00] [Server thread/INFO]: There are 0/10 players online:
Console	: [13:36:00] [Server thread/INFO]: 
Console	: [13:42:00] [Server thread/INFO]: There are 0/10 players online:
Console	: [13:42:00] [Server thread/INFO]: 
Console	: [13:45:00] [Server thread/INFO]: [Server] Saving world data. Expect lag for a short while.
Console	: [13:45:00] [Server thread/INFO]: Saving...
Console	: [13:45:00] [Server thread/INFO]: Saved the world
Console	: [13:45:00] [Server thread/INFO]: [Server] Save Complete
Console	: [13:51:00] [Server thread/INFO]: There are 0/10 players online:
Console	: [13:51:00] [Server thread/INFO]: 
Console	: [13:57:00] [Server thread/INFO]: There are 0/10 players online:
Console	: [13:57:00] [Server thread/INFO]: 
Console	: [14:00:00] [Server thread/INFO]: [Server] This server is running McMyAdmin Personal v2.7.0.2
Console	: [14:00:00] [Server thread/INFO]: [Server] Saving world data. Expect lag for a short while.
Console	: [14:00:00] [Server thread/INFO]: Saving...
Console	: [14:00:00] [Server thread/INFO]: Saved the world
Console	: [14:00:00] [Server thread/INFO]: [Server] Save Complete
Console	: [14:06:00] [Server thread/INFO]: There are 0/10 players online:
Console	: [14:06:00] [Server thread/INFO]: 
Console	: [14:12:00] [Server thread/INFO]: There are 0/10 players online:
Console	: [14:12:00] [Server thread/INFO]: 
Console	: [14:15:00] [Server thread/INFO]: [Server] Saving world data. Expect lag for a short while.
Console	: [14:15:00] [Server thread/INFO]: Saving...
Console	: [14:15:00] [Server thread/INFO]: Saved the world
Console	: [14:15:00] [Server thread/INFO]: [Server] Save Complete
Console	: [14:21:00] [Server thread/INFO]: There are 0/10 players online:
Console	: [14:21:00] [Server thread/INFO]: 
Console	: [14:27:00] [Server thread/INFO]: There are 0/10 players online:
Console	: [14:27:00] [Server thread/INFO]: 
Console	: [14:30:00] [Server thread/INFO]: [Server] This server is running McMyAdmin Personal v2.7.0.2
Console	: [14:30:00] [Server thread/INFO]: [Server] Saving world data. Expect lag for a short while.
Console	: [14:30:00] [Server thread/INFO]: Saving...
Console	: [14:30:00] [Server thread/INFO]: Saved the world
Console	: [14:30:00] [Server thread/INFO]: [Server] Save Complete
Console	: [14:36:00] [Server thread/INFO]: There are 0/10 players online:
Console	: [14:36:00] [Server thread/INFO]: 
Console	: [14:42:00] [Server thread/INFO]: There are 0/10 players online:
Console	: [14:42:00] [Server thread/INFO]: 
Console	: [14:45:00] [Server thread/INFO]: [Server] Saving world data. Expect lag for a short while.
Console	: [14:45:00] [Server thread/INFO]: Saving...
Console	: [14:45:00] [Server thread/INFO]: Saved the world
Console	: [14:45:00] [Server thread/INFO]: [Server] Save Complete
Console	: [14:51:00] [Server thread/INFO]: There are 0/10 players online:
Console	: [14:51:00] [Server thread/INFO]: 
Console	: [14:57:00] [Server thread/INFO]: There are 0/10 players online:
Console	: [14:57:00] [Server thread/INFO]: 
Console	: [15:00:00] [Server thread/INFO]: [Server] This server is running McMyAdmin Personal v2.7.0.2
Console	: [15:00:00] [Server thread/INFO]: [Server] Saving world data. Expect lag for a short while.
Console	: [15:00:00] [Server thread/INFO]: Saving...
Console	: [15:00:00] [Server thread/INFO]: Saved the world
Console	: [15:00:00] [Server thread/INFO]: [Server] Save Complete
Console	: [15:06:00] [Server thread/INFO]: There are 0/10 players online:
Console	: [15:06:00] [Server thread/INFO]: 
Console	: [15:12:00] [Server thread/INFO]: There are 0/10 players online:
Console	: [15:12:00] [Server thread/INFO]: 
