Notice	: Detecting System...
Notice	: No virtualized environment detected.
Notice	: Linux Distribution: Ubuntu
Notice	: Detection complete.
Warning : Unable to detect java version! Java may not be installed or may be outdated.
Error	: McMyAdmin was not shut down properly!
Error	: To avoid potential data loss, please perform /quit on this console.
Error	: Startup will resume in 5 seconds...
Notice	: Starting McMyAdmin Personal v2.7.0.2
Notice	: Checking for updates...
Notice	: Checking for Minecraft Server updates...
Notice	: Starting webserver...
Notice	: McMyAdmin has started and is ready for use.
Notice	: Server jar hash is d38e7271-d0fb-d1ac-394b-f3ade2649a5c
Notice	: Starting Minecraft Server...
Console	: [18:36:13] [Server thread/INFO]: Starting minecraft server version 1.12.2
Console	: [18:36:13] [Server thread/INFO]: Loading properties
Console	: [18:36:13] [Server thread/INFO]: Default game type: SURVIVAL
Console	: [18:36:13] [Server thread/INFO]: Generating keypair
Console	: [18:36:14] [Server thread/INFO]: Starting Minecraft server on *:25565
Console	: [18:36:14] [Server thread/INFO]: Using epoll channel type
Console	: [18:36:15] [Server thread/INFO]: Preparing level "world"
Console	: [18:36:17] [Server thread/INFO]: Loaded 488 advancements
Console	: [18:36:17] [Server thread/INFO]: Preparing start region for level 0
Console	: [18:36:21] [Server thread/INFO]: Preparing spawn area: 0%
Console	: [18:36:22] [Server thread/INFO]: Preparing spawn area: 4%
Console	: [18:36:23] [Server thread/INFO]: Preparing spawn area: 13%
Console	: [18:36:24] [Server thread/INFO]: Preparing spawn area: 24%
Console	: [18:36:25] [Server thread/INFO]: Preparing spawn area: 36%
Console	: [18:36:26] [Server thread/WARN]: Keeping entity minecraft:skeleton that already exists with UUID a0d8fab1-8d9a-4e93-8810-a9b8dcec051b
Console	: [18:36:26] [Server thread/INFO]: Preparing spawn area: 51%
Console	: [18:36:27] [Server thread/INFO]: Preparing spawn area: 67%
Console	: [18:36:27] [Server thread/WARN]: Keeping entity minecraft:wolf that already exists with UUID 0c0051a8-17ba-4dac-a7cd-da9eb1a0208d
Console	: [18:36:28] [Server thread/INFO]: Preparing spawn area: 96%
Console	: [18:36:28] [Server thread/INFO]: Done (13.735s)! For help, type "help" or "?"
Console	: [18:36:35] [Server thread/WARN]: Can't keep up! Did the system time change, or is the server overloaded? Running 2638ms behind, skipping 52 tick(s)
