Notice	: Detecting System...
Notice	: No virtualized environment detected.
Notice	: Linux Distribution: Ubuntu
Notice	: Detection complete.
Warning : Unable to detect java version! Java may not be installed or may be outdated.
Error	: McMyAdmin was not shut down properly!
Error	: To avoid potential data loss, please perform /quit on this console.
Error	: Startup will resume in 5 seconds...
Notice	: Starting McMyAdmin Personal v2.7.0.2
Notice	: Checking for updates...
Notice	: Checking for Minecraft Server updates...
Notice	: Starting webserver...
Notice	: McMyAdmin has started and is ready for use.
Notice	: Server jar hash is d38e7271-d0fb-d1ac-394b-f3ade2649a5c
Notice	: Starting Minecraft Server...
Console	: [18:42:54] [Server thread/INFO]: Starting minecraft server version 1.12.2
Console	: [18:42:54] [Server thread/INFO]: Loading properties
Console	: [18:42:54] [Server thread/INFO]: Default game type: SURVIVAL
Console	: [18:42:54] [Server thread/INFO]: Generating keypair
Console	: [18:42:55] [Server thread/INFO]: Starting Minecraft server on *:25565
Console	: [18:42:55] [Server thread/INFO]: Using epoll channel type
Console	: [18:42:55] [Server thread/INFO]: Preparing level "world"
Console	: [18:42:57] [Server thread/INFO]: Loaded 488 advancements
Console	: [18:42:57] [Server thread/INFO]: Preparing start region for level 0
Console	: [18:43:00] [Server thread/INFO]: Preparing spawn area: 0%
Console	: [18:43:01] [Server thread/INFO]: Preparing spawn area: 8%
Console	: [18:43:02] [Server thread/INFO]: Preparing spawn area: 29%
Console	: [18:43:03] [Server thread/INFO]: Preparing spawn area: 48%
Console	: [18:43:04] [Server thread/INFO]: Preparing spawn area: 72%
Console	: [18:43:05] [Server thread/INFO]: Done (9.047s)! For help, type "help" or "?"
Console	: [18:45:00] [Server thread/INFO]: [Server] Saving world data. Expect lag for a short while.
Console	: [18:45:00] [Server thread/INFO]: Saving...
Console	: [18:45:00] [Server thread/INFO]: Saved the world
Console	: [18:45:00] [Server thread/INFO]: [Server] Save Complete
Console	: [18:51:00] [Server thread/INFO]: There are 0/10 players online:
Console	: [18:51:00] [Server thread/INFO]: 
Console	: [18:57:00] [Server thread/INFO]: There are 0/10 players online:
Console	: [18:57:00] [Server thread/INFO]: 
Console	: [19:00:00] [Server thread/INFO]: [Server] This server is running McMyAdmin Personal v2.7.0.2
Console	: [19:00:00] [Server thread/INFO]: [Server] Saving world data. Expect lag for a short while.
Console	: [19:00:00] [Server thread/INFO]: Saving...
Console	: [19:00:00] [Server thread/INFO]: Saved the world
Console	: [19:00:00] [Server thread/INFO]: [Server] Save Complete
Console	: [19:06:00] [Server thread/INFO]: There are 0/10 players online:
Console	: [19:06:00] [Server thread/INFO]: 
Console	: [19:12:00] [Server thread/INFO]: There are 0/10 players online:
Console	: [19:12:00] [Server thread/INFO]: 
Console	: [19:15:00] [Server thread/INFO]: [Server] Saving world data. Expect lag for a short while.
Console	: [19:15:00] [Server thread/INFO]: Saving...
Console	: [19:15:00] [Server thread/INFO]: Saved the world
Console	: [19:15:00] [Server thread/INFO]: [Server] Save Complete
Console	: [19:21:00] [Server thread/INFO]: There are 0/10 players online:
Console	: [19:21:00] [Server thread/INFO]: 
Console	: [19:27:00] [Server thread/INFO]: There are 0/10 players online:
Console	: [19:27:00] [Server thread/INFO]: 
Console	: [19:30:00] [Server thread/INFO]: [Server] This server is running McMyAdmin Personal v2.7.0.2
Console	: [19:30:00] [Server thread/INFO]: [Server] Saving world data. Expect lag for a short while.
Console	: [19:30:00] [Server thread/INFO]: Saving...
Console	: [19:30:00] [Server thread/INFO]: Saved the world
Console	: [19:30:00] [Server thread/INFO]: [Server] Save Complete
Console	: [19:36:00] [Server thread/INFO]: There are 0/10 players online:
Console	: [19:36:00] [Server thread/INFO]: 
Console	: [19:42:00] [Server thread/INFO]: There are 0/10 players online:
Console	: [19:42:00] [Server thread/INFO]: 
Console	: [19:45:00] [Server thread/INFO]: [Server] Saving world data. Expect lag for a short while.
Console	: [19:45:00] [Server thread/INFO]: Saving...
Console	: [19:45:00] [Server thread/INFO]: Saved the world
Console	: [19:45:00] [Server thread/INFO]: [Server] Save Complete
Console	: [19:51:00] [Server thread/INFO]: There are 0/10 players online:
Console	: [19:51:00] [Server thread/INFO]: 
Console	: [19:57:00] [Server thread/INFO]: There are 0/10 players online:
Console	: [19:57:00] [Server thread/INFO]: 
Console	: [20:00:00] [Server thread/INFO]: [Server] This server is running McMyAdmin Personal v2.7.0.2
Console	: [20:00:00] [Server thread/INFO]: [Server] Saving world data. Expect lag for a short while.
Console	: [20:00:00] [Server thread/INFO]: Saving...
Console	: [20:00:00] [Server thread/INFO]: Saved the world
Console	: [20:00:00] [Server thread/INFO]: [Server] Save Complete
Console	: [20:06:00] [Server thread/INFO]: There are 0/10 players online:
Console	: [20:06:00] [Server thread/INFO]: 
Console	: [20:12:00] [Server thread/INFO]: There are 0/10 players online:
Console	: [20:12:00] [Server thread/INFO]: 
Console	: [20:15:00] [Server thread/INFO]: [Server] Saving world data. Expect lag for a short while.
Console	: [20:15:00] [Server thread/INFO]: Saving...
Console	: [20:15:00] [Server thread/INFO]: Saved the world
Console	: [20:15:00] [Server thread/INFO]: [Server] Save Complete
Console	: [20:21:00] [Server thread/INFO]: There are 0/10 players online:
Console	: [20:21:00] [Server thread/INFO]: 
Console	: [20:27:00] [Server thread/INFO]: There are 0/10 players online:
Console	: [20:27:00] [Server thread/INFO]: 
Console	: [20:30:00] [Server thread/INFO]: [Server] This server is running McMyAdmin Personal v2.7.0.2
Console	: [20:30:00] [Server thread/INFO]: [Server] Saving world data. Expect lag for a short while.
Console	: [20:30:00] [Server thread/INFO]: Saving...
Console	: [20:30:00] [Server thread/INFO]: Saved the world
Console	: [20:30:00] [Server thread/INFO]: [Server] Save Complete
Console	: [20:36:00] [Server thread/INFO]: There are 0/10 players online:
Console	: [20:36:00] [Server thread/INFO]: 
Console	: [20:42:00] [Server thread/INFO]: There are 0/10 players online:
Console	: [20:42:00] [Server thread/INFO]: 
Console	: [20:45:00] [Server thread/INFO]: [Server] Saving world data. Expect lag for a short while.
Console	: [20:45:00] [Server thread/INFO]: Saving...
Console	: [20:45:00] [Server thread/INFO]: Saved the world
Console	: [20:45:00] [Server thread/INFO]: [Server] Save Complete
Console	: [20:51:00] [Server thread/INFO]: There are 0/10 players online:
Console	: [20:51:00] [Server thread/INFO]: 
Console	: [20:57:00] [Server thread/INFO]: There are 0/10 players online:
Console	: [20:57:00] [Server thread/INFO]: 
Console	: [21:00:00] [Server thread/INFO]: [Server] This server is running McMyAdmin Personal v2.7.0.2
Console	: [21:00:00] [Server thread/INFO]: [Server] Saving world data. Expect lag for a short while.
Console	: [21:00:00] [Server thread/INFO]: Saving...
Console	: [21:00:00] [Server thread/INFO]: Saved the world
Console	: [21:00:00] [Server thread/INFO]: [Server] Save Complete
Console	: [21:06:00] [Server thread/INFO]: There are 0/10 players online:
Console	: [21:06:00] [Server thread/INFO]: 
Console	: [21:12:00] [Server thread/INFO]: There are 0/10 players online:
Console	: [21:12:00] [Server thread/INFO]: 
Console	: [21:15:00] [Server thread/INFO]: [Server] Saving world data. Expect lag for a short while.
Console	: [21:15:00] [Server thread/INFO]: Saving...
Console	: [21:15:00] [Server thread/INFO]: Saved the world
Console	: [21:15:00] [Server thread/INFO]: [Server] Save Complete
Console	: [21:21:00] [Server thread/INFO]: There are 0/10 players online:
Console	: [21:21:00] [Server thread/INFO]: 
Console	: [21:27:00] [Server thread/INFO]: There are 0/10 players online:
Console	: [21:27:00] [Server thread/INFO]: 
Console	: [21:30:00] [Server thread/INFO]: [Server] This server is running McMyAdmin Personal v2.7.0.2
Console	: [21:30:00] [Server thread/INFO]: [Server] Saving world data. Expect lag for a short while.
Console	: [21:30:00] [Server thread/INFO]: Saving...
Console	: [21:30:00] [Server thread/INFO]: Saved the world
Console	: [21:30:00] [Server thread/INFO]: [Server] Save Complete
Console	: [21:36:00] [Server thread/INFO]: There are 0/10 players online:
Console	: [21:36:00] [Server thread/INFO]: 
Console	: [21:42:00] [Server thread/INFO]: There are 0/10 players online:
Console	: [21:42:00] [Server thread/INFO]: 
Console	: [21:45:00] [Server thread/INFO]: [Server] Saving world data. Expect lag for a short while.
Console	: [21:45:00] [Server thread/INFO]: Saving...
Console	: [21:45:00] [Server thread/INFO]: Saved the world
Console	: [21:45:00] [Server thread/INFO]: [Server] Save Complete
Console	: [21:51:00] [Server thread/INFO]: There are 0/10 players online:
Console	: [21:51:00] [Server thread/INFO]: 
Console	: [21:57:00] [Server thread/INFO]: There are 0/10 players online:
Console	: [21:57:00] [Server thread/INFO]: 
Console	: [22:00:00] [Server thread/INFO]: [Server] This server is running McMyAdmin Personal v2.7.0.2
Console	: [22:00:00] [Server thread/INFO]: [Server] Saving world data. Expect lag for a short while.
Console	: [22:00:00] [Server thread/INFO]: Saving...
Console	: [22:00:00] [Server thread/INFO]: Saved the world
Console	: [22:00:00] [Server thread/INFO]: [Server] Save Complete
Console	: [22:06:00] [Server thread/INFO]: There are 0/10 players online:
Console	: [22:06:00] [Server thread/INFO]: 
Console	: [22:12:00] [Server thread/INFO]: There are 0/10 players online:
Console	: [22:12:00] [Server thread/INFO]: 
Console	: [22:15:00] [Server thread/INFO]: [Server] Saving world data. Expect lag for a short while.
Console	: [22:15:00] [Server thread/INFO]: Saving...
Console	: [22:15:00] [Server thread/INFO]: Saved the world
Console	: [22:15:00] [Server thread/INFO]: [Server] Save Complete
Console	: [22:21:00] [Server thread/INFO]: There are 0/10 players online:
Console	: [22:21:00] [Server thread/INFO]: 
Console	: [22:27:00] [Server thread/INFO]: There are 0/10 players online:
Console	: [22:27:00] [Server thread/INFO]: 
