Notice	: Detecting System...
Notice	: No virtualized environment detected.
Notice	: Linux Distribution: Ubuntu
Notice	: Detection complete.
Warning : Unable to detect java version! Java may not be installed or may be outdated.
Error	: McMyAdmin was not shut down properly!
Error	: To avoid potential data loss, please perform /quit on this console.
Error	: Startup will resume in 5 seconds...
Notice	: Starting McMyAdmin Personal v2.7.0.2
Notice	: Checking for updates...
Notice	: Checking for Minecraft Server updates...
Notice	: Starting webserver...
Notice	: McMyAdmin has started and is ready for use.
Notice	: Server jar hash is d38e7271-d0fb-d1ac-394b-f3ade2649a5c
Notice	: Starting Minecraft Server...
Console	: [13:46:54] [Server thread/INFO]: Starting minecraft server version 1.12.2
Console	: [13:46:54] [Server thread/INFO]: Loading properties
Console	: [13:46:54] [Server thread/INFO]: Default game type: SURVIVAL
Console	: [13:46:54] [Server thread/INFO]: Generating keypair
Console	: [13:46:56] [Server thread/INFO]: Starting Minecraft server on *:25565
Console	: [13:46:57] [Server thread/INFO]: Using epoll channel type
Console	: [13:46:57] [Server thread/INFO]: Preparing level "world"
Console	: [13:46:59] [Server thread/INFO]: Loaded 488 advancements
Console	: [13:46:59] [Server thread/INFO]: Preparing start region for level 0
Console	: [13:47:02] [Server thread/INFO]: Preparing spawn area: 0%
Console	: [13:47:03] [Server thread/INFO]: Preparing spawn area: 4%
Console	: [13:47:04] [Server thread/INFO]: Preparing spawn area: 13%
Console	: [13:47:05] [Server thread/INFO]: Preparing spawn area: 26%
Console	: [13:47:06] [Server thread/INFO]: Preparing spawn area: 37%
Console	: [13:47:07] [Server thread/INFO]: Preparing spawn area: 63%
Console	: [13:47:08] [Server thread/INFO]: Preparing spawn area: 95%
Console	: [13:47:08] [Server thread/INFO]: Done (10.943s)! For help, type "help" or "?"
Console	: [13:47:11] [Server thread/WARN]: Can't keep up! Did the system time change, or is the server overloaded? Running 2058ms behind, skipping 41 tick(s)
Console	: [13:53:00] [Server thread/INFO]: There are 0/10 players online:
Console	: [13:53:00] [Server thread/INFO]: 
Console	: [13:59:00] [Server thread/INFO]: There are 0/10 players online:
Console	: [13:59:00] [Server thread/INFO]: 
Console	: [14:00:00] [Server thread/INFO]: [Server] This server is running McMyAdmin Personal v2.7.0.2
Console	: [14:00:00] [Server thread/INFO]: [Server] Saving world data. Expect lag for a short while.
Console	: [14:00:00] [Server thread/INFO]: Saving...
Console	: [14:00:00] [Server thread/INFO]: Saved the world
Console	: [14:00:00] [Server thread/INFO]: [Server] Save Complete
Console	: [14:06:00] [Server thread/INFO]: There are 0/10 players online:
Console	: [14:06:00] [Server thread/INFO]: 
Console	: [14:12:00] [Server thread/INFO]: There are 0/10 players online:
Console	: [14:12:00] [Server thread/INFO]: 
Console	: [14:15:00] [Server thread/INFO]: [Server] Saving world data. Expect lag for a short while.
Console	: [14:15:00] [Server thread/INFO]: Saving...
Console	: [14:15:00] [Server thread/INFO]: Saved the world
Console	: [14:15:00] [Server thread/INFO]: [Server] Save Complete
Console	: [14:21:00] [Server thread/INFO]: There are 0/10 players online:
Console	: [14:21:00] [Server thread/INFO]: 
Console	: [14:27:00] [Server thread/INFO]: There are 0/10 players online:
Console	: [14:27:00] [Server thread/INFO]: 
Console	: [14:30:00] [Server thread/INFO]: [Server] This server is running McMyAdmin Personal v2.7.0.2
Console	: [14:30:00] [Server thread/INFO]: [Server] Saving world data. Expect lag for a short while.
Console	: [14:30:00] [Server thread/INFO]: Saving...
Console	: [14:30:00] [Server thread/INFO]: Saved the world
Console	: [14:30:00] [Server thread/INFO]: [Server] Save Complete
Console	: [14:36:00] [Server thread/INFO]: There are 0/10 players online:
Console	: [14:36:00] [Server thread/INFO]: 
Console	: [14:42:00] [Server thread/INFO]: There are 0/10 players online:
Console	: [14:42:00] [Server thread/INFO]: 
Console	: [14:45:00] [Server thread/INFO]: [Server] Saving world data. Expect lag for a short while.
Console	: [14:45:00] [Server thread/INFO]: Saving...
Console	: [14:45:00] [Server thread/INFO]: Saved the world
Console	: [14:45:00] [Server thread/INFO]: [Server] Save Complete
Console	: [14:51:00] [Server thread/INFO]: There are 0/10 players online:
Console	: [14:51:00] [Server thread/INFO]: 
Console	: [14:57:00] [Server thread/INFO]: There are 0/10 players online:
Console	: [14:57:00] [Server thread/INFO]: 
Console	: [15:00:00] [Server thread/INFO]: [Server] This server is running McMyAdmin Personal v2.7.0.2
Console	: [15:00:00] [Server thread/INFO]: [Server] Saving world data. Expect lag for a short while.
Console	: [15:00:00] [Server thread/INFO]: Saving...
Console	: [15:00:00] [Server thread/INFO]: Saved the world
Console	: [15:00:00] [Server thread/INFO]: [Server] Save Complete
Console	: [15:06:00] [Server thread/INFO]: There are 0/10 players online:
Console	: [15:06:00] [Server thread/INFO]: 
Console	: [15:12:00] [Server thread/INFO]: There are 0/10 players online:
Console	: [15:12:00] [Server thread/INFO]: 
Console	: [15:15:00] [Server thread/INFO]: [Server] Saving world data. Expect lag for a short while.
Console	: [15:15:00] [Server thread/INFO]: Saving...
Console	: [15:15:00] [Server thread/INFO]: Saved the world
Console	: [15:15:00] [Server thread/INFO]: [Server] Save Complete
Console	: [15:21:00] [Server thread/INFO]: There are 0/10 players online:
Console	: [15:21:00] [Server thread/INFO]: 
