Notice	: Detecting System...
Notice	: No virtualized environment detected.
Notice	: Linux Distribution: Ubuntu
Notice	: Detection complete.
Warning : Unable to detect java version! Java may not be installed or may be outdated.
Error	: McMyAdmin was not shut down properly!
Error	: To avoid potential data loss, please perform /quit on this console.
Error	: Startup will resume in 5 seconds...
Notice	: Starting McMyAdmin Personal v2.7.0.2
Notice	: Checking for updates...
Notice	: Checking for Minecraft Server updates...
Notice	: Starting webserver...
Notice	: McMyAdmin has started and is ready for use.
Notice	: Server jar hash is d38e7271-d0fb-d1ac-394b-f3ade2649a5c
Notice	: Starting Minecraft Server...
Console	: [00:38:42] [Server thread/INFO]: Starting minecraft server version 1.12.2
Console	: [00:38:42] [Server thread/INFO]: Loading properties
Console	: [00:38:42] [Server thread/INFO]: Default game type: SURVIVAL
Console	: [00:38:42] [Server thread/INFO]: Generating keypair
Console	: [00:38:43] [Server thread/INFO]: Starting Minecraft server on *:25565
Console	: [00:38:43] [Server thread/INFO]: Using epoll channel type
Console	: [00:38:44] [Server thread/INFO]: Preparing level "world"
Console	: [00:38:46] [Server thread/INFO]: Loaded 488 advancements
Console	: [00:38:47] [Server thread/INFO]: Preparing start region for level 0
Console	: [00:38:51] [Server thread/INFO]: Preparing spawn area: 0%
Console	: [00:38:52] [Server thread/INFO]: Preparing spawn area: 4%
Console	: [00:38:53] [Server thread/INFO]: Preparing spawn area: 7%
Console	: [00:38:54] [Server thread/INFO]: Preparing spawn area: 12%
Console	: [00:38:55] [Server thread/INFO]: Preparing spawn area: 18%
Console	: [00:38:56] [Server thread/INFO]: Preparing spawn area: 30%
Console	: [00:38:57] [Server thread/WARN]: Keeping entity minecraft:skeleton that already exists with UUID a0d8fab1-8d9a-4e93-8810-a9b8dcec051b
Console	: [00:38:57] [Server thread/INFO]: Preparing spawn area: 49%
Console	: [00:38:58] [Server thread/WARN]: Keeping entity minecraft:wolf that already exists with UUID 0c0051a8-17ba-4dac-a7cd-da9eb1a0208d
Console	: [00:38:58] [Server thread/INFO]: Preparing spawn area: 73%
Console	: [00:38:59] [Server thread/INFO]: Done (14.605s)! For help, type "help" or "?"
Console	: [00:39:02] [Server thread/WARN]: Can't keep up! Did the system time change, or is the server overloaded? Running 2433ms behind, skipping 48 tick(s)
