Notice	: Detecting System...
Notice	: No virtualized environment detected.
Notice	: Linux Distribution: Ubuntu
Notice	: Detection complete.
Warning : Unable to detect java version! Java may not be installed or may be outdated.
Error	: McMyAdmin was not shut down properly!
Error	: To avoid potential data loss, please perform /quit on this console.
Error	: Startup will resume in 5 seconds...
Notice	: Starting McMyAdmin Personal v2.7.0.2
Notice	: Checking for updates...
Notice	: Starting webserver...
Notice	: Checking for Minecraft Server updates...
Notice	: McMyAdmin has started and is ready for use.
Notice	: Server jar hash is d38e7271-d0fb-d1ac-394b-f3ade2649a5c
Notice	: Starting Minecraft Server...
Console	: [23:14:34] [Server thread/INFO]: Starting minecraft server version 1.12.2
Console	: [23:14:34] [Server thread/INFO]: Loading properties
Console	: [23:14:34] [Server thread/INFO]: Default game type: SURVIVAL
Console	: [23:14:34] [Server thread/INFO]: Generating keypair
Console	: [23:14:35] [Server thread/INFO]: Starting Minecraft server on *:25565
Console	: [23:14:35] [Server thread/INFO]: Using epoll channel type
Console	: [23:14:35] [Server thread/INFO]: Preparing level "world"
Console	: [23:14:37] [Server thread/INFO]: Loaded 488 advancements
Console	: [23:14:37] [Server thread/INFO]: Preparing start region for level 0
Console	: [23:14:40] [Server thread/INFO]: Preparing spawn area: 0%
Console	: [23:14:41] [Server thread/INFO]: Preparing spawn area: 9%
Console	: [23:14:42] [Server thread/INFO]: Preparing spawn area: 29%
Console	: [23:14:43] [Server thread/INFO]: Preparing spawn area: 53%
Console	: [23:14:44] [Server thread/INFO]: Preparing spawn area: 96%
Console	: [23:14:44] [Server thread/INFO]: Done (8.298s)! For help, type "help" or "?"
Console	: [23:15:00] [Server thread/INFO]: [Server] Saving world data. Expect lag for a short while.
Console	: [23:15:00] [Server thread/INFO]: Saving...
Console	: [23:15:00] [Server thread/INFO]: Saved the world
Console	: [23:15:00] [Server thread/INFO]: [Server] Save Complete
Console	: [23:21:00] [Server thread/INFO]: There are 0/10 players online:
Console	: [23:21:00] [Server thread/INFO]: 
Console	: [23:27:00] [Server thread/INFO]: There are 0/10 players online:
Console	: [23:27:00] [Server thread/INFO]: 
Console	: [23:30:00] [Server thread/INFO]: [Server] This server is running McMyAdmin Personal v2.7.0.2
Console	: [23:30:00] [Server thread/INFO]: [Server] Saving world data. Expect lag for a short while.
Console	: [23:30:00] [Server thread/INFO]: Saving...
Console	: [23:30:00] [Server thread/INFO]: Saved the world
Console	: [23:30:00] [Server thread/INFO]: [Server] Save Complete
Console	: [23:36:00] [Server thread/INFO]: There are 0/10 players online:
Console	: [23:36:00] [Server thread/INFO]: 
Console	: [23:42:00] [Server thread/INFO]: There are 0/10 players online:
Console	: [23:42:00] [Server thread/INFO]: 
Console	: [23:45:00] [Server thread/INFO]: [Server] Saving world data. Expect lag for a short while.
Console	: [23:45:00] [Server thread/INFO]: Saving...
Console	: [23:45:00] [Server thread/INFO]: Saved the world
Console	: [23:45:00] [Server thread/INFO]: [Server] Save Complete
Console	: [23:51:00] [Server thread/INFO]: There are 0/10 players online:
Console	: [23:51:00] [Server thread/INFO]: 
Console	: [23:57:00] [Server thread/INFO]: There are 0/10 players online:
Console	: [23:57:00] [Server thread/INFO]: 
Console	: [00:00:00] [Server thread/INFO]: [Server] This server is running McMyAdmin Personal v2.7.0.2
Console	: [00:00:00] [Server thread/INFO]: [Server] Saving world data. Expect lag for a short while.
Console	: [00:00:00] [Server thread/INFO]: Saving...
Console	: [00:00:00] [Server thread/INFO]: Saved the world
Console	: [00:00:00] [Server thread/INFO]: [Server] Save Complete
Console	: [00:06:00] [Server thread/INFO]: There are 0/10 players online:
Console	: [00:06:00] [Server thread/INFO]: 
