Notice	: Detecting System...
Notice	: No virtualized environment detected.
Notice	: Linux Distribution: Ubuntu
Notice	: Detection complete.
Warning : Unable to detect java version! Java may not be installed or may be outdated.
Error	: McMyAdmin was not shut down properly!
Error	: To avoid potential data loss, please perform /quit on this console.
Error	: Startup will resume in 5 seconds...
Notice	: Starting McMyAdmin Personal v2.7.0.2
Notice	: Checking for updates...
Notice	: Checking for Minecraft Server updates...
Notice	: Starting webserver...
Notice	: McMyAdmin has started and is ready for use.
Notice	: Server jar hash is d38e7271-d0fb-d1ac-394b-f3ade2649a5c
Notice	: Starting Minecraft Server...
Console	: [22:39:01] [Server thread/INFO]: Starting minecraft server version 1.12.2
Console	: [22:39:01] [Server thread/INFO]: Loading properties
Console	: [22:39:01] [Server thread/INFO]: Default game type: SURVIVAL
Console	: [22:39:01] [Server thread/INFO]: Generating keypair
Console	: [22:39:03] [Server thread/INFO]: Starting Minecraft server on *:25565
Console	: [22:39:03] [Server thread/INFO]: Using epoll channel type
Console	: [22:39:03] [Server thread/INFO]: Preparing level "world"
Console	: [22:39:05] [Server thread/INFO]: Loaded 488 advancements
Console	: [22:39:05] [Server thread/INFO]: Preparing start region for level 0
Console	: [22:39:08] [Server thread/INFO]: Preparing spawn area: 0%
Console	: [22:39:09] [Server thread/INFO]: Preparing spawn area: 4%
Console	: [22:39:10] [Server thread/INFO]: Preparing spawn area: 19%
Console	: [22:39:11] [Server thread/INFO]: Preparing spawn area: 42%
Console	: [22:39:12] [Server thread/INFO]: Preparing spawn area: 84%
Console	: [22:39:12] [Server thread/INFO]: Done (8.545s)! For help, type "help" or "?"
Console	: [22:39:16] [Server thread/WARN]: Can't keep up! Did the system time change, or is the server overloaded? Running 2085ms behind, skipping 41 tick(s)
