Notice	: Detecting System...
Notice	: No virtualized environment detected.
Notice	: Linux Distribution: Ubuntu
Notice	: Detection complete.
Warning : Unable to detect java version! Java may not be installed or may be outdated.
Error	: McMyAdmin was not shut down properly!
Error	: To avoid potential data loss, please perform /quit on this console.
Error	: Startup will resume in 5 seconds...
Notice	: Starting McMyAdmin Personal v2.7.0.2
Notice	: Checking for updates...
Notice	: Checking for Minecraft Server updates...
Notice	: Starting webserver...
Notice	: McMyAdmin has started and is ready for use.
Notice	: Server jar hash is d38e7271-d0fb-d1ac-394b-f3ade2649a5c
Notice	: Starting Minecraft Server...
Console	: [20:24:02] [Server thread/INFO]: Starting minecraft server version 1.12.2
Console	: [20:24:03] [Server thread/INFO]: Loading properties
Console	: [20:24:04] [Server thread/INFO]: Default game type: SURVIVAL
Console	: [20:24:04] [Server thread/INFO]: Generating keypair
Console	: [20:24:12] [Server thread/INFO]: Starting Minecraft server on *:25565
Console	: [20:24:14] [Server thread/INFO]: Using epoll channel type
Console	: [20:24:21] [Server thread/INFO]: Preparing level "world"
Console	: [20:24:38] [Server thread/INFO]: Loaded 488 advancements
Console	: [20:24:39] [Server thread/INFO]: Preparing start region for level 0
Console	: [20:25:06] [Server thread/INFO]: Preparing spawn area: 0%
Console	: [20:25:07] [Server thread/INFO]: Preparing spawn area: 0%
Console	: [20:25:08] [Server thread/INFO]: Preparing spawn area: 1%
Console	: [20:25:09] [Server thread/INFO]: Preparing spawn area: 1%
Console	: [20:25:11] [Server thread/INFO]: Preparing spawn area: 2%
Console	: [20:25:13] [Server thread/INFO]: Preparing spawn area: 2%
Console	: [20:25:14] [Server thread/INFO]: Preparing spawn area: 3%
Console	: [20:25:15] [Server thread/INFO]: Preparing spawn area: 4%
Console	: [20:25:17] [Server thread/INFO]: Preparing spawn area: 4%
Console	: [20:25:18] [Server thread/INFO]: Preparing spawn area: 5%
Console	: [20:25:19] [Server thread/INFO]: Preparing spawn area: 6%
Console	: [20:25:20] [Server thread/INFO]: Preparing spawn area: 7%
Console	: [20:25:22] [Server thread/INFO]: Preparing spawn area: 8%
Console	: [20:25:23] [Server thread/INFO]: Preparing spawn area: 9%
Console	: [20:25:24] [Server thread/INFO]: Preparing spawn area: 11%
Console	: [20:25:25] [Server thread/INFO]: Preparing spawn area: 12%
Console	: [20:25:26] [Server thread/INFO]: Preparing spawn area: 15%
Console	: [20:25:27] [Server thread/INFO]: Preparing spawn area: 17%
Console	: [20:25:28] [Server thread/INFO]: Preparing spawn area: 19%
Console	: [20:25:29] [Server thread/INFO]: Preparing spawn area: 20%
Console	: [20:25:30] [Server thread/INFO]: Preparing spawn area: 22%
Console	: [20:25:31] [Server thread/INFO]: Preparing spawn area: 24%
Console	: [20:25:32] [Server thread/INFO]: Preparing spawn area: 25%
Console	: [20:25:34] [Server thread/INFO]: Preparing spawn area: 26%
Console	: [20:25:35] [Server thread/INFO]: Preparing spawn area: 27%
Console	: [20:25:36] [Server thread/INFO]: Preparing spawn area: 29%
Console	: [20:25:37] [Server thread/INFO]: Preparing spawn area: 30%
Console	: [20:25:38] [Server thread/INFO]: Preparing spawn area: 31%
Console	: [20:25:39] [Server thread/INFO]: Preparing spawn area: 35%
Console	: [20:25:40] [Server thread/INFO]: Preparing spawn area: 38%
Console	: [20:25:41] [Server thread/INFO]: Preparing spawn area: 39%
Console	: [20:25:42] [Server thread/WARN]: Keeping entity minecraft:skeleton that already exists with UUID a0d8fab1-8d9a-4e93-8810-a9b8dcec051b
Console	: [20:25:42] [Server thread/INFO]: Preparing spawn area: 43%
Console	: [20:25:43] [Server thread/INFO]: Preparing spawn area: 45%
Console	: [20:25:44] [Server thread/INFO]: Preparing spawn area: 51%
Console	: [20:25:45] [Server thread/INFO]: Preparing spawn area: 54%
Console	: [20:25:46] [Server thread/INFO]: Preparing spawn area: 57%
Console	: [20:25:47] [Server thread/INFO]: Preparing spawn area: 60%
Console	: [20:25:48] [Server thread/INFO]: Preparing spawn area: 64%
Console	: [20:25:49] [Server thread/INFO]: Preparing spawn area: 66%
Console	: [20:25:50] [Server thread/INFO]: Preparing spawn area: 69%
Console	: [20:25:51] [Server thread/WARN]: Keeping entity minecraft:wolf that already exists with UUID 0c0051a8-17ba-4dac-a7cd-da9eb1a0208d
Console	: [20:25:51] [Server thread/INFO]: Preparing spawn area: 72%
Console	: [20:25:52] [Server thread/INFO]: Preparing spawn area: 76%
Console	: [20:25:54] [Server thread/INFO]: Preparing spawn area: 81%
Console	: [20:25:55] [Server thread/INFO]: Preparing spawn area: 85%
Console	: [20:25:56] [Server thread/INFO]: Preparing spawn area: 93%
Console	: [20:25:57] [Server thread/INFO]: Done (95.581s)! For help, type "help" or "?"
Console	: [20:26:05] [Server thread/WARN]: Can't keep up! Did the system time change, or is the server overloaded? Running 8210ms behind, skipping 164 tick(s)
Console	: [20:27:17] [Server thread/WARN]: Can't keep up! Did the system time change, or is the server overloaded? Running 50925ms behind, skipping 1018 tick(s)
Console	: [20:27:41] [Server thread/WARN]: Can't keep up! Did the system time change, or is the server overloaded? Running 3766ms behind, skipping 75 tick(s)
Console	: [20:30:00] [Server thread/INFO]: [Server] This server is running McMyAdmin Personal v2.7.0.2
Console	: [20:30:00] [Server thread/INFO]: [Server] Saving world data. Expect lag for a short while.
Console	: [20:30:00] [Server thread/INFO]: Saving...
Console	: [20:30:01] [Server thread/INFO]: Saved the world
Console	: [20:30:01] [Server thread/INFO]: [Server] Save Complete
Console	: [20:36:00] [Server thread/INFO]: There are 0/10 players online:
Console	: [20:36:00] [Server thread/INFO]: 
Console	: [20:42:00] [Server thread/INFO]: There are 0/10 players online:
Console	: [20:42:00] [Server thread/INFO]: 
Console	: [20:45:00] [Server thread/INFO]: [Server] Saving world data. Expect lag for a short while.
Console	: [20:45:00] [Server thread/INFO]: Saving...
Console	: [20:45:00] [Server thread/INFO]: Saved the world
Console	: [20:45:00] [Server thread/INFO]: [Server] Save Complete
Console	: [20:51:00] [Server thread/INFO]: There are 0/10 players online:
Console	: [20:51:00] [Server thread/INFO]: 
Console	: [20:57:00] [Server thread/INFO]: There are 0/10 players online:
Console	: [20:57:00] [Server thread/INFO]: 
Console	: [21:00:00] [Server thread/INFO]: [Server] This server is running McMyAdmin Personal v2.7.0.2
Console	: [21:00:00] [Server thread/INFO]: [Server] Saving world data. Expect lag for a short while.
Console	: [21:00:00] [Server thread/INFO]: Saving...
Console	: [21:00:01] [Server thread/INFO]: Saved the world
Console	: [21:00:01] [Server thread/INFO]: [Server] Save Complete
Console	: [21:06:00] [Server thread/INFO]: There are 0/10 players online:
Console	: [21:06:00] [Server thread/INFO]: 
Console	: [21:12:00] [Server thread/INFO]: There are 0/10 players online:
Console	: [21:12:00] [Server thread/INFO]: 
Console	: [21:15:00] [Server thread/INFO]: [Server] Saving world data. Expect lag for a short while.
Console	: [21:15:00] [Server thread/INFO]: Saving...
Console	: [21:15:00] [Server thread/INFO]: Saved the world
Console	: [21:15:00] [Server thread/INFO]: [Server] Save Complete
Console	: [21:21:00] [Server thread/INFO]: There are 0/10 players online:
Console	: [21:21:00] [Server thread/INFO]: 
Console	: [21:27:00] [Server thread/INFO]: There are 0/10 players online:
Console	: [21:27:00] [Server thread/INFO]: 
Console	: [21:30:00] [Server thread/INFO]: [Server] This server is running McMyAdmin Personal v2.7.0.2
Console	: [21:30:00] [Server thread/INFO]: [Server] Saving world data. Expect lag for a short while.
Console	: [21:30:00] [Server thread/INFO]: Saving...
Console	: [21:30:00] [Server thread/INFO]: Saved the world
Console	: [21:30:00] [Server thread/INFO]: [Server] Save Complete
Console	: [21:36:00] [Server thread/INFO]: There are 0/10 players online:
Console	: [21:36:00] [Server thread/INFO]: 
Console	: [21:42:00] [Server thread/INFO]: There are 0/10 players online:
Console	: [21:42:00] [Server thread/INFO]: 
Console	: [21:45:00] [Server thread/INFO]: [Server] Saving world data. Expect lag for a short while.
Console	: [21:45:00] [Server thread/INFO]: Saving...
Console	: [21:45:00] [Server thread/INFO]: Saved the world
Console	: [21:45:00] [Server thread/INFO]: [Server] Save Complete
Console	: [21:51:00] [Server thread/INFO]: There are 0/10 players online:
Console	: [21:51:00] [Server thread/INFO]: 
Console	: [21:57:00] [Server thread/INFO]: There are 0/10 players online:
Console	: [21:57:00] [Server thread/INFO]: 
Console	: [22:00:00] [Server thread/INFO]: [Server] This server is running McMyAdmin Personal v2.7.0.2
Console	: [22:00:00] [Server thread/INFO]: [Server] Saving world data. Expect lag for a short while.
Console	: [22:00:00] [Server thread/INFO]: Saving...
Console	: [22:00:00] [Server thread/INFO]: Saved the world
Console	: [22:00:00] [Server thread/INFO]: [Server] Save Complete
