Notice	: Detecting System...
Notice	: No virtualized environment detected.
Notice	: Linux Distribution: Ubuntu
Notice	: Detection complete.
Warning : Unable to detect java version! Java may not be installed or may be outdated.
Error	: McMyAdmin was not shut down properly!
Error	: To avoid potential data loss, please perform /quit on this console.
Error	: Startup will resume in 5 seconds...
Notice	: Starting McMyAdmin Personal v2.7.0.2
Notice	: Checking for updates...
Notice	: Checking for Minecraft Server updates...
Notice	: Starting webserver...
Notice	: McMyAdmin has started and is ready for use.
Notice	: Server jar hash is d38e7271-d0fb-d1ac-394b-f3ade2649a5c
Notice	: Starting Minecraft Server...
Console	: [20:03:42] [Server thread/INFO]: Starting minecraft server version 1.12.2
Console	: [20:03:42] [Server thread/INFO]: Loading properties
Console	: [20:03:42] [Server thread/INFO]: Default game type: SURVIVAL
Console	: [20:03:42] [Server thread/INFO]: Generating keypair
Console	: [20:03:43] [Server thread/INFO]: Starting Minecraft server on *:25565
Console	: [20:03:43] [Server thread/INFO]: Using epoll channel type
Console	: [20:03:44] [Server thread/INFO]: Preparing level "world"
Console	: [20:03:47] [Server thread/INFO]: Loaded 488 advancements
Console	: [20:03:47] [Server thread/INFO]: Preparing start region for level 0
Console	: [20:03:49] [Server thread/INFO]: Preparing spawn area: 0%
Console	: [20:03:50] [Server thread/INFO]: Preparing spawn area: 10%
Console	: [20:03:51] [Server thread/INFO]: Preparing spawn area: 22%
Console	: [20:03:52] [Server thread/INFO]: Preparing spawn area: 28%
Console	: [20:03:53] [Server thread/INFO]: Preparing spawn area: 37%
Console	: [20:03:54] [Server thread/INFO]: Preparing spawn area: 53%
Console	: [20:03:55] [Server thread/INFO]: Preparing spawn area: 79%
Console	: [20:03:55] [Server thread/INFO]: Done (11.585s)! For help, type "help" or "?"
Console	: [20:09:00] [Server thread/INFO]: There are 0/10 players online:
Console	: [20:09:00] [Server thread/INFO]: 
Console	: [20:15:00] [Server thread/INFO]: There are 0/10 players online:
Console	: [20:15:00] [Server thread/INFO]: 
Console	: [20:15:00] [Server thread/INFO]: [Server] Saving world data. Expect lag for a short while.
Console	: [20:15:00] [Server thread/INFO]: Saving...
Console	: [20:15:00] [Server thread/INFO]: Saved the world
Console	: [20:15:00] [Server thread/INFO]: [Server] Save Complete
Console	: [20:21:00] [Server thread/INFO]: There are 0/10 players online:
Console	: [20:21:00] [Server thread/INFO]: 
Console	: [20:27:00] [Server thread/INFO]: There are 0/10 players online:
Console	: [20:27:00] [Server thread/INFO]: 
Console	: [20:30:00] [Server thread/INFO]: [Server] This server is running McMyAdmin Personal v2.7.0.2
Console	: [20:30:00] [Server thread/INFO]: [Server] Saving world data. Expect lag for a short while.
Console	: [20:30:00] [Server thread/INFO]: Saving...
Console	: [20:30:00] [Server thread/INFO]: Saved the world
Console	: [20:30:00] [Server thread/INFO]: [Server] Save Complete
Console	: [20:36:00] [Server thread/INFO]: There are 0/10 players online:
Console	: [20:36:00] [Server thread/INFO]: 
Console	: [20:42:00] [Server thread/INFO]: There are 0/10 players online:
Console	: [20:42:00] [Server thread/INFO]: 
Console	: [20:45:00] [Server thread/INFO]: [Server] Saving world data. Expect lag for a short while.
Console	: [20:45:00] [Server thread/INFO]: Saving...
Console	: [20:45:00] [Server thread/INFO]: Saved the world
Console	: [20:45:00] [Server thread/INFO]: [Server] Save Complete
Console	: [20:51:00] [Server thread/INFO]: There are 0/10 players online:
Console	: [20:51:00] [Server thread/INFO]: 
Console	: [20:57:00] [Server thread/INFO]: There are 0/10 players online:
Console	: [20:57:00] [Server thread/INFO]: 
Console	: [21:00:00] [Server thread/INFO]: [Server] This server is running McMyAdmin Personal v2.7.0.2
Console	: [21:00:00] [Server thread/INFO]: [Server] Saving world data. Expect lag for a short while.
Console	: [21:00:00] [Server thread/INFO]: Saving...
Console	: [21:00:00] [Server thread/INFO]: Saved the world
Console	: [21:00:00] [Server thread/INFO]: [Server] Save Complete
Console	: [21:06:00] [Server thread/INFO]: There are 0/10 players online:
Console	: [21:06:00] [Server thread/INFO]: 
Console	: [21:12:00] [Server thread/INFO]: There are 0/10 players online:
Console	: [21:12:00] [Server thread/INFO]: 
Console	: [21:15:00] [Server thread/INFO]: [Server] Saving world data. Expect lag for a short while.
Console	: [21:15:00] [Server thread/INFO]: Saving...
Console	: [21:15:00] [Server thread/INFO]: Saved the world
Console	: [21:15:00] [Server thread/INFO]: [Server] Save Complete
Console	: [21:21:00] [Server thread/INFO]: There are 0/10 players online:
Console	: [21:21:00] [Server thread/INFO]: 
Console	: [21:27:00] [Server thread/INFO]: There are 0/10 players online:
Console	: [21:27:00] [Server thread/INFO]: 
Console	: [21:30:00] [Server thread/INFO]: [Server] This server is running McMyAdmin Personal v2.7.0.2
Console	: [21:30:00] [Server thread/INFO]: [Server] Saving world data. Expect lag for a short while.
Console	: [21:30:00] [Server thread/INFO]: Saving...
Console	: [21:30:00] [Server thread/INFO]: Saved the world
Console	: [21:30:00] [Server thread/INFO]: [Server] Save Complete
Console	: [21:36:00] [Server thread/INFO]: There are 0/10 players online:
Console	: [21:36:00] [Server thread/INFO]: 
Console	: [21:42:00] [Server thread/INFO]: There are 0/10 players online:
Console	: [21:42:00] [Server thread/INFO]: 
Console	: [21:45:00] [Server thread/INFO]: [Server] Saving world data. Expect lag for a short while.
Console	: [21:45:00] [Server thread/INFO]: Saving...
Console	: [21:45:00] [Server thread/INFO]: Saved the world
Console	: [21:45:00] [Server thread/INFO]: [Server] Save Complete
Console	: [21:51:00] [Server thread/INFO]: There are 0/10 players online:
Console	: [21:51:00] [Server thread/INFO]: 
Console	: [21:57:00] [Server thread/INFO]: There are 0/10 players online:
Console	: [21:57:00] [Server thread/INFO]: 
Console	: [22:00:00] [Server thread/INFO]: [Server] This server is running McMyAdmin Personal v2.7.0.2
Console	: [22:00:00] [Server thread/INFO]: [Server] Saving world data. Expect lag for a short while.
Console	: [22:00:00] [Server thread/INFO]: Saving...
Console	: [22:00:00] [Server thread/INFO]: Saved the world
Console	: [22:00:00] [Server thread/INFO]: [Server] Save Complete
Console	: [22:06:00] [Server thread/INFO]: There are 0/10 players online:
Console	: [22:06:00] [Server thread/INFO]: 
Console	: [22:12:00] [Server thread/INFO]: There are 0/10 players online:
Console	: [22:12:00] [Server thread/INFO]: 
Console	: [22:15:00] [Server thread/INFO]: [Server] Saving world data. Expect lag for a short while.
Console	: [22:15:00] [Server thread/INFO]: Saving...
Console	: [22:15:00] [Server thread/INFO]: Saved the world
Console	: [22:15:00] [Server thread/INFO]: [Server] Save Complete
Console	: [22:21:00] [Server thread/INFO]: There are 0/10 players online:
Console	: [22:21:00] [Server thread/INFO]: 
Console	: [22:27:00] [Server thread/INFO]: There are 0/10 players online:
Console	: [22:27:00] [Server thread/INFO]: 
Console	: [22:30:00] [Server thread/INFO]: [Server] This server is running McMyAdmin Personal v2.7.0.2
Console	: [22:30:00] [Server thread/INFO]: [Server] Saving world data. Expect lag for a short while.
Console	: [22:30:00] [Server thread/INFO]: Saving...
Console	: [22:30:00] [Server thread/INFO]: Saved the world
Console	: [22:30:00] [Server thread/INFO]: [Server] Save Complete
Console	: [22:36:00] [Server thread/INFO]: There are 0/10 players online:
Console	: [22:36:00] [Server thread/INFO]: 
Console	: [22:42:00] [Server thread/INFO]: There are 0/10 players online:
Console	: [22:42:00] [Server thread/INFO]: 
Console	: [22:45:00] [Server thread/INFO]: [Server] Saving world data. Expect lag for a short while.
Console	: [22:45:00] [Server thread/INFO]: Saving...
Console	: [22:45:00] [Server thread/INFO]: Saved the world
Console	: [22:45:00] [Server thread/INFO]: [Server] Save Complete
Console	: [22:51:00] [Server thread/INFO]: There are 0/10 players online:
Console	: [22:51:00] [Server thread/INFO]: 
Console	: [22:57:00] [Server thread/INFO]: There are 0/10 players online:
Console	: [22:57:00] [Server thread/INFO]: 
Console	: [23:00:00] [Server thread/INFO]: [Server] This server is running McMyAdmin Personal v2.7.0.2
Console	: [23:00:00] [Server thread/INFO]: [Server] Saving world data. Expect lag for a short while.
Console	: [23:00:00] [Server thread/INFO]: Saving...
Console	: [23:00:00] [Server thread/INFO]: Saved the world
Console	: [23:00:00] [Server thread/INFO]: [Server] Save Complete
Console	: [23:06:00] [Server thread/INFO]: There are 0/10 players online:
Console	: [23:06:00] [Server thread/INFO]: 
Console	: [23:12:00] [Server thread/INFO]: There are 0/10 players online:
Console	: [23:12:00] [Server thread/INFO]: 
Console	: [23:15:00] [Server thread/INFO]: [Server] Saving world data. Expect lag for a short while.
Console	: [23:15:00] [Server thread/INFO]: Saving...
Console	: [23:15:00] [Server thread/INFO]: Saved the world
Console	: [23:15:00] [Server thread/INFO]: [Server] Save Complete
Console	: [23:21:00] [Server thread/INFO]: There are 0/10 players online:
Console	: [23:21:00] [Server thread/INFO]: 
Console	: [23:27:00] [Server thread/INFO]: There are 0/10 players online:
Console	: [23:27:00] [Server thread/INFO]: 
Console	: [23:30:00] [Server thread/INFO]: [Server] This server is running McMyAdmin Personal v2.7.0.2
Console	: [23:30:00] [Server thread/INFO]: [Server] Saving world data. Expect lag for a short while.
Console	: [23:30:00] [Server thread/INFO]: Saving...
Console	: [23:30:00] [Server thread/INFO]: Saved the world
Console	: [23:30:00] [Server thread/INFO]: [Server] Save Complete
Console	: [23:36:00] [Server thread/INFO]: There are 0/10 players online:
Console	: [23:36:00] [Server thread/INFO]: 
Console	: [23:42:00] [Server thread/INFO]: There are 0/10 players online:
Console	: [23:42:00] [Server thread/INFO]: 
Console	: [23:45:00] [Server thread/INFO]: [Server] Saving world data. Expect lag for a short while.
Console	: [23:45:00] [Server thread/INFO]: Saving...
Console	: [23:45:00] [Server thread/INFO]: Saved the world
Console	: [23:45:00] [Server thread/INFO]: [Server] Save Complete
Console	: [23:51:00] [Server thread/INFO]: There are 0/10 players online:
Console	: [23:51:00] [Server thread/INFO]: 
Console	: [23:57:00] [Server thread/INFO]: There are 0/10 players online:
Console	: [23:57:00] [Server thread/INFO]: 
Console	: [00:00:00] [Server thread/INFO]: [Server] This server is running McMyAdmin Personal v2.7.0.2
Console	: [00:00:00] [Server thread/INFO]: [Server] Saving world data. Expect lag for a short while.
Console	: [00:00:00] [Server thread/INFO]: Saving...
Console	: [00:00:00] [Server thread/INFO]: Saved the world
Console	: [00:00:00] [Server thread/INFO]: [Server] Save Complete
Console	: [00:06:00] [Server thread/INFO]: There are 0/10 players online:
Console	: [00:06:00] [Server thread/INFO]: 
Console	: [00:12:00] [Server thread/INFO]: There are 0/10 players online:
Console	: [00:12:00] [Server thread/INFO]: 
Console	: [00:15:00] [Server thread/INFO]: [Server] Saving world data. Expect lag for a short while.
Console	: [00:15:00] [Server thread/INFO]: Saving...
Console	: [00:15:00] [Server thread/INFO]: Saved the world
Console	: [00:15:00] [Server thread/INFO]: [Server] Save Complete
Console	: [00:21:00] [Server thread/INFO]: There are 0/10 players online:
Console	: [00:21:00] [Server thread/INFO]: 
Console	: [00:27:00] [Server thread/INFO]: There are 0/10 players online:
Console	: [00:27:00] [Server thread/INFO]: 
Console	: [00:30:00] [Server thread/INFO]: [Server] This server is running McMyAdmin Personal v2.7.0.2
Console	: [00:30:00] [Server thread/INFO]: [Server] Saving world data. Expect lag for a short while.
Console	: [00:30:00] [Server thread/INFO]: Saving...
Console	: [00:30:00] [Server thread/INFO]: Saved the world
Console	: [00:30:00] [Server thread/INFO]: [Server] Save Complete
Console	: [00:36:00] [Server thread/INFO]: There are 0/10 players online:
Console	: [00:36:00] [Server thread/INFO]: 
Console	: [00:42:00] [Server thread/INFO]: There are 0/10 players online:
Console	: [00:42:00] [Server thread/INFO]: 
Console	: [00:45:00] [Server thread/INFO]: [Server] Saving world data. Expect lag for a short while.
Console	: [00:45:00] [Server thread/INFO]: Saving...
Console	: [00:45:00] [Server thread/INFO]: Saved the world
Console	: [00:45:00] [Server thread/INFO]: [Server] Save Complete
Console	: [00:51:00] [Server thread/INFO]: There are 0/10 players online:
Console	: [00:51:00] [Server thread/INFO]: 
Console	: [00:57:00] [Server thread/INFO]: There are 0/10 players online:
Console	: [00:57:00] [Server thread/INFO]: 
Notice	: Checking for updates...
Notice	: Checking for Minecraft Server updates...
Console	: [01:00:00] [Server thread/INFO]: [Server] This server is running McMyAdmin Personal v2.7.0.2
Console	: [01:00:00] [Server thread/INFO]: [Server] Saving world data. Expect lag for a short while.
Console	: [01:00:00] [Server thread/INFO]: Saving...
Console	: [01:00:00] [Server thread/INFO]: Saved the world
Console	: [01:00:00] [Server thread/INFO]: [Server] Save Complete
Console	: [01:06:00] [Server thread/INFO]: There are 0/10 players online:
Console	: [01:06:00] [Server thread/INFO]: 
Console	: [01:12:00] [Server thread/INFO]: There are 0/10 players online:
Console	: [01:12:00] [Server thread/INFO]: 
Console	: [01:15:00] [Server thread/INFO]: [Server] Saving world data. Expect lag for a short while.
Console	: [01:15:00] [Server thread/INFO]: Saving...
Console	: [01:15:00] [Server thread/INFO]: Saved the world
Console	: [01:15:00] [Server thread/INFO]: [Server] Save Complete
Console	: [01:21:00] [Server thread/INFO]: There are 0/10 players online:
Console	: [01:21:00] [Server thread/INFO]: 
Console	: [01:27:00] [Server thread/INFO]: There are 0/10 players online:
Console	: [01:27:00] [Server thread/INFO]: 
Console	: [01:30:00] [Server thread/INFO]: [Server] This server is running McMyAdmin Personal v2.7.0.2
Console	: [01:30:00] [Server thread/INFO]: [Server] Saving world data. Expect lag for a short while.
Console	: [01:30:00] [Server thread/INFO]: Saving...
Console	: [01:30:00] [Server thread/INFO]: Saved the world
Console	: [01:30:00] [Server thread/INFO]: [Server] Save Complete
Console	: [01:36:00] [Server thread/INFO]: There are 0/10 players online:
Console	: [01:36:00] [Server thread/INFO]: 
Console	: [01:42:00] [Server thread/INFO]: There are 0/10 players online:
Console	: [01:42:00] [Server thread/INFO]: 
Console	: [01:45:00] [Server thread/INFO]: [Server] Saving world data. Expect lag for a short while.
Console	: [01:45:00] [Server thread/INFO]: Saving...
Console	: [01:45:00] [Server thread/INFO]: Saved the world
Console	: [01:45:00] [Server thread/INFO]: [Server] Save Complete
Console	: [01:51:00] [Server thread/INFO]: There are 0/10 players online:
Console	: [01:51:00] [Server thread/INFO]: 
Console	: [01:57:00] [Server thread/INFO]: There are 0/10 players online:
Console	: [01:57:00] [Server thread/INFO]: 
Console	: [02:00:00] [Server thread/INFO]: [Server] This server is running McMyAdmin Personal v2.7.0.2
Console	: [02:00:00] [Server thread/INFO]: [Server] Saving world data. Expect lag for a short while.
Console	: [02:00:00] [Server thread/INFO]: Saving...
Console	: [02:00:00] [Server thread/INFO]: Saved the world
Console	: [02:00:00] [Server thread/INFO]: [Server] Save Complete
Console	: [02:06:00] [Server thread/INFO]: There are 0/10 players online:
Console	: [02:06:00] [Server thread/INFO]: 
Console	: [02:12:00] [Server thread/INFO]: There are 0/10 players online:
Console	: [02:12:00] [Server thread/INFO]: 
Console	: [02:15:00] [Server thread/INFO]: [Server] Saving world data. Expect lag for a short while.
Console	: [02:15:00] [Server thread/INFO]: Saving...
Console	: [02:15:00] [Server thread/INFO]: Saved the world
Console	: [02:15:00] [Server thread/INFO]: [Server] Save Complete
Console	: [02:21:00] [Server thread/INFO]: There are 0/10 players online:
Console	: [02:21:00] [Server thread/INFO]: 
Console	: [02:27:00] [Server thread/INFO]: There are 0/10 players online:
Console	: [02:27:00] [Server thread/INFO]: 
Console	: [02:30:00] [Server thread/INFO]: [Server] This server is running McMyAdmin Personal v2.7.0.2
Console	: [02:30:00] [Server thread/INFO]: [Server] Saving world data. Expect lag for a short while.
Console	: [02:30:00] [Server thread/INFO]: Saving...
Console	: [02:30:00] [Server thread/INFO]: Saved the world
Console	: [02:30:00] [Server thread/INFO]: [Server] Save Complete
Console	: [02:36:00] [Server thread/INFO]: There are 0/10 players online:
Console	: [02:36:00] [Server thread/INFO]: 
Console	: [02:42:00] [Server thread/INFO]: There are 0/10 players online:
Console	: [02:42:00] [Server thread/INFO]: 
Console	: [02:45:00] [Server thread/INFO]: [Server] Saving world data. Expect lag for a short while.
Console	: [02:45:00] [Server thread/INFO]: Saving...
Console	: [02:45:00] [Server thread/INFO]: Saved the world
Console	: [02:45:00] [Server thread/INFO]: [Server] Save Complete
Console	: [02:51:00] [Server thread/INFO]: There are 0/10 players online:
Console	: [02:51:00] [Server thread/INFO]: 
Console	: [02:57:00] [Server thread/INFO]: There are 0/10 players online:
Console	: [02:57:00] [Server thread/INFO]: 
Console	: [03:00:00] [Server thread/INFO]: [Server] This server is running McMyAdmin Personal v2.7.0.2
Console	: [03:00:00] [Server thread/INFO]: [Server] Saving world data. Expect lag for a short while.
Console	: [03:00:00] [Server thread/INFO]: Saving...
Console	: [03:00:00] [Server thread/INFO]: Saved the world
Console	: [03:00:00] [Server thread/INFO]: [Server] Save Complete
Console	: [03:06:00] [Server thread/INFO]: There are 0/10 players online:
Console	: [03:06:00] [Server thread/INFO]: 
Console	: [03:12:00] [Server thread/INFO]: There are 0/10 players online:
Console	: [03:12:00] [Server thread/INFO]: 
Console	: [03:15:00] [Server thread/INFO]: [Server] Saving world data. Expect lag for a short while.
Console	: [03:15:00] [Server thread/INFO]: Saving...
Console	: [03:15:00] [Server thread/INFO]: Saved the world
Console	: [03:15:00] [Server thread/INFO]: [Server] Save Complete
Console	: [03:21:00] [Server thread/INFO]: There are 0/10 players online:
Console	: [03:21:00] [Server thread/INFO]: 
Console	: [03:27:00] [Server thread/INFO]: There are 0/10 players online:
Console	: [03:27:00] [Server thread/INFO]: 
Console	: [03:30:00] [Server thread/INFO]: [Server] This server is running McMyAdmin Personal v2.7.0.2
Console	: [03:30:00] [Server thread/INFO]: [Server] Saving world data. Expect lag for a short while.
Console	: [03:30:00] [Server thread/INFO]: Saving...
Console	: [03:30:00] [Server thread/INFO]: Saved the world
Console	: [03:30:00] [Server thread/INFO]: [Server] Save Complete
Console	: [03:36:00] [Server thread/INFO]: There are 0/10 players online:
Console	: [03:36:00] [Server thread/INFO]: 
