Notice	: Detecting System...
Notice	: No virtualized environment detected.
Notice	: Linux Distribution: Ubuntu
Notice	: Detection complete.
Warning : Unable to detect java version! Java may not be installed or may be outdated.
Error	: McMyAdmin was not shut down properly!
Error	: To avoid potential data loss, please perform /quit on this console.
Error	: Startup will resume in 5 seconds...
Notice	: Starting McMyAdmin Personal v2.7.0.2
Notice	: Checking for updates...
Notice	: Checking for Minecraft Server updates...
Notice	: Starting webserver...
Notice	: McMyAdmin has started and is ready for use.
Notice	: Server jar hash is d38e7271-d0fb-d1ac-394b-f3ade2649a5c
Notice	: Starting Minecraft Server...
Console	: [04:24:14] [Server thread/INFO]: Starting minecraft server version 1.12.2
Console	: [04:24:14] [Server thread/INFO]: Loading properties
Console	: [04:24:14] [Server thread/INFO]: Default game type: SURVIVAL
Console	: [04:24:14] [Server thread/INFO]: Generating keypair
Console	: [04:24:16] [Server thread/INFO]: Starting Minecraft server on *:25565
Console	: [04:24:16] [Server thread/INFO]: Using epoll channel type
Console	: [04:24:17] [Server thread/INFO]: Preparing level "world"
Console	: [04:24:19] [Server thread/INFO]: Loaded 488 advancements
Console	: [04:24:19] [Server thread/INFO]: Preparing start region for level 0
Console	: [04:24:21] [Server thread/INFO]: Preparing spawn area: 0%
Console	: [04:24:22] [Server thread/INFO]: Preparing spawn area: 4%
Console	: [04:24:23] [Server thread/INFO]: Preparing spawn area: 13%
Console	: [04:24:25] [Server thread/INFO]: Preparing spawn area: 29%
Console	: [04:24:25] [Server thread/WARN]: Keeping entity minecraft:skeleton that already exists with UUID a0d8fab1-8d9a-4e93-8810-a9b8dcec051b
Console	: [04:24:26] [Server thread/INFO]: Preparing spawn area: 48%
Console	: [04:24:26] [Server thread/WARN]: Keeping entity minecraft:wolf that already exists with UUID 0c0051a8-17ba-4dac-a7cd-da9eb1a0208d
Console	: [04:24:27] [Server thread/INFO]: Preparing spawn area: 72%
Console	: [04:24:27] [Server thread/INFO]: Done (10.520s)! For help, type "help" or "?"
Console	: [04:30:00] [Server thread/INFO]: [Server] This server is running McMyAdmin Personal v2.7.0.2
Console	: [04:30:00] [Server thread/INFO]: There are 0/10 players online:
Console	: [04:30:00] [Server thread/INFO]: 
Console	: [04:30:00] [Server thread/INFO]: [Server] Saving world data. Expect lag for a short while.
Console	: [04:30:00] [Server thread/INFO]: Saving...
Console	: [04:30:00] [Server thread/INFO]: Saved the world
Console	: [04:30:00] [Server thread/INFO]: [Server] Save Complete
Console	: [04:36:00] [Server thread/INFO]: There are 0/10 players online:
Console	: [04:36:00] [Server thread/INFO]: 
Console	: [04:42:00] [Server thread/INFO]: There are 0/10 players online:
Console	: [04:42:00] [Server thread/INFO]: 
Console	: [04:45:00] [Server thread/INFO]: [Server] Saving world data. Expect lag for a short while.
Console	: [04:45:00] [Server thread/INFO]: Saving...
Console	: [04:45:00] [Server thread/INFO]: Saved the world
Console	: [04:45:00] [Server thread/INFO]: [Server] Save Complete
Console	: [04:51:00] [Server thread/INFO]: There are 0/10 players online:
Console	: [04:51:00] [Server thread/INFO]: 
Console	: [04:57:00] [Server thread/INFO]: There are 0/10 players online:
Console	: [04:57:00] [Server thread/INFO]: 
Console	: [05:00:00] [Server thread/INFO]: [Server] This server is running McMyAdmin Personal v2.7.0.2
Console	: [05:00:00] [Server thread/INFO]: [Server] Saving world data. Expect lag for a short while.
Console	: [05:00:00] [Server thread/INFO]: Saving...
Console	: [05:00:00] [Server thread/INFO]: Saved the world
Console	: [05:00:00] [Server thread/INFO]: [Server] Save Complete
Console	: [05:06:00] [Server thread/INFO]: There are 0/10 players online:
Console	: [05:06:00] [Server thread/INFO]: 
Console	: [05:12:00] [Server thread/INFO]: There are 0/10 players online:
Console	: [05:12:00] [Server thread/INFO]: 
Console	: [05:15:00] [Server thread/INFO]: [Server] Saving world data. Expect lag for a short while.
Console	: [05:15:00] [Server thread/INFO]: Saving...
Console	: [05:15:00] [Server thread/INFO]: Saved the world
Console	: [05:15:00] [Server thread/INFO]: [Server] Save Complete
Console	: [05:21:00] [Server thread/INFO]: There are 0/10 players online:
Console	: [05:21:00] [Server thread/INFO]: 
Console	: [05:27:00] [Server thread/INFO]: There are 0/10 players online:
Console	: [05:27:00] [Server thread/INFO]: 
Console	: [05:30:00] [Server thread/INFO]: [Server] This server is running McMyAdmin Personal v2.7.0.2
Console	: [05:30:00] [Server thread/INFO]: [Server] Saving world data. Expect lag for a short while.
Console	: [05:30:00] [Server thread/INFO]: Saving...
Console	: [05:30:00] [Server thread/INFO]: Saved the world
Console	: [05:30:00] [Server thread/INFO]: [Server] Save Complete
Console	: [05:36:00] [Server thread/INFO]: There are 0/10 players online:
Console	: [05:36:00] [Server thread/INFO]: 
Console	: [05:42:00] [Server thread/INFO]: There are 0/10 players online:
Console	: [05:42:00] [Server thread/INFO]: 
Console	: [05:45:00] [Server thread/INFO]: [Server] Saving world data. Expect lag for a short while.
Console	: [05:45:00] [Server thread/INFO]: Saving...
Console	: [05:45:00] [Server thread/INFO]: Saved the world
Console	: [05:45:00] [Server thread/INFO]: [Server] Save Complete
Console	: [05:51:00] [Server thread/INFO]: There are 0/10 players online:
Console	: [05:51:00] [Server thread/INFO]: 
Console	: [05:57:00] [Server thread/INFO]: There are 0/10 players online:
Console	: [05:57:00] [Server thread/INFO]: 
Console	: [06:00:00] [Server thread/INFO]: [Server] This server is running McMyAdmin Personal v2.7.0.2
Console	: [06:00:00] [Server thread/INFO]: [Server] Saving world data. Expect lag for a short while.
Console	: [06:00:00] [Server thread/INFO]: Saving...
Console	: [06:00:00] [Server thread/INFO]: Saved the world
Console	: [06:00:00] [Server thread/INFO]: [Server] Save Complete
Console	: [06:06:00] [Server thread/INFO]: There are 0/10 players online:
Console	: [06:06:00] [Server thread/INFO]: 
Console	: [06:12:00] [Server thread/INFO]: There are 0/10 players online:
Console	: [06:12:00] [Server thread/INFO]: 
Console	: [06:15:00] [Server thread/INFO]: [Server] Saving world data. Expect lag for a short while.
Console	: [06:15:00] [Server thread/INFO]: Saving...
Console	: [06:15:00] [Server thread/INFO]: Saved the world
Console	: [06:15:00] [Server thread/INFO]: [Server] Save Complete
Console	: [06:21:00] [Server thread/INFO]: There are 0/10 players online:
Console	: [06:21:00] [Server thread/INFO]: 
Console	: [06:27:00] [Server thread/INFO]: There are 0/10 players online:
Console	: [06:27:00] [Server thread/INFO]: 
Console	: [06:30:00] [Server thread/INFO]: [Server] This server is running McMyAdmin Personal v2.7.0.2
Console	: [06:30:00] [Server thread/INFO]: [Server] Saving world data. Expect lag for a short while.
Console	: [06:30:00] [Server thread/INFO]: Saving...
Console	: [06:30:00] [Server thread/INFO]: Saved the world
Console	: [06:30:00] [Server thread/INFO]: [Server] Save Complete
Console	: [06:36:00] [Server thread/INFO]: There are 0/10 players online:
Console	: [06:36:00] [Server thread/INFO]: 
Console	: [06:42:00] [Server thread/INFO]: There are 0/10 players online:
Console	: [06:42:00] [Server thread/INFO]: 
Console	: [06:45:00] [Server thread/INFO]: [Server] Saving world data. Expect lag for a short while.
Console	: [06:45:00] [Server thread/INFO]: Saving...
Console	: [06:45:00] [Server thread/INFO]: Saved the world
Console	: [06:45:00] [Server thread/INFO]: [Server] Save Complete
Console	: [06:51:00] [Server thread/INFO]: There are 0/10 players online:
Console	: [06:51:00] [Server thread/INFO]: 
Console	: [06:57:00] [Server thread/INFO]: There are 0/10 players online:
Console	: [06:57:00] [Server thread/INFO]: 
Console	: [07:00:00] [Server thread/INFO]: [Server] This server is running McMyAdmin Personal v2.7.0.2
Console	: [07:00:00] [Server thread/INFO]: [Server] Saving world data. Expect lag for a short while.
Console	: [07:00:00] [Server thread/INFO]: Saving...
Console	: [07:00:00] [Server thread/INFO]: Saved the world
Console	: [07:00:00] [Server thread/INFO]: [Server] Save Complete
Console	: [07:06:00] [Server thread/INFO]: There are 0/10 players online:
Console	: [07:06:00] [Server thread/INFO]: 
Console	: [07:12:00] [Server thread/INFO]: There are 0/10 players online:
Console	: [07:12:00] [Server thread/INFO]: 
Console	: [07:15:00] [Server thread/INFO]: [Server] Saving world data. Expect lag for a short while.
Console	: [07:15:00] [Server thread/INFO]: Saving...
Console	: [07:15:00] [Server thread/INFO]: Saved the world
Console	: [07:15:00] [Server thread/INFO]: [Server] Save Complete
Console	: [07:21:00] [Server thread/INFO]: There are 0/10 players online:
Console	: [07:21:00] [Server thread/INFO]: 
Console	: [07:27:00] [Server thread/INFO]: There are 0/10 players online:
Console	: [07:27:00] [Server thread/INFO]: 
Console	: [07:30:00] [Server thread/INFO]: [Server] This server is running McMyAdmin Personal v2.7.0.2
Console	: [07:30:00] [Server thread/INFO]: [Server] Saving world data. Expect lag for a short while.
Console	: [07:30:00] [Server thread/INFO]: Saving...
Console	: [07:30:00] [Server thread/INFO]: Saved the world
Console	: [07:30:00] [Server thread/INFO]: [Server] Save Complete
Console	: [07:36:00] [Server thread/INFO]: There are 0/10 players online:
Console	: [07:36:00] [Server thread/INFO]: 
Console	: [07:42:00] [Server thread/INFO]: There are 0/10 players online:
Console	: [07:42:00] [Server thread/INFO]: 
Console	: [07:45:00] [Server thread/INFO]: [Server] Saving world data. Expect lag for a short while.
Console	: [07:45:00] [Server thread/INFO]: Saving...
Console	: [07:45:00] [Server thread/INFO]: Saved the world
Console	: [07:45:00] [Server thread/INFO]: [Server] Save Complete
Console	: [07:51:00] [Server thread/INFO]: There are 0/10 players online:
Console	: [07:51:00] [Server thread/INFO]: 
Console	: [07:57:00] [Server thread/INFO]: There are 0/10 players online:
Console	: [07:57:00] [Server thread/INFO]: 
Console	: [08:00:00] [Server thread/INFO]: [Server] This server is running McMyAdmin Personal v2.7.0.2
Console	: [08:00:00] [Server thread/INFO]: [Server] Saving world data. Expect lag for a short while.
Console	: [08:00:00] [Server thread/INFO]: Saving...
Console	: [08:00:00] [Server thread/INFO]: Saved the world
Console	: [08:00:00] [Server thread/INFO]: [Server] Save Complete
Console	: [08:06:00] [Server thread/INFO]: There are 0/10 players online:
Console	: [08:06:00] [Server thread/INFO]: 
Console	: [08:12:00] [Server thread/INFO]: There are 0/10 players online:
Console	: [08:12:00] [Server thread/INFO]: 
Console	: [08:15:00] [Server thread/INFO]: [Server] Saving world data. Expect lag for a short while.
Console	: [08:15:00] [Server thread/INFO]: Saving...
Console	: [08:15:00] [Server thread/INFO]: Saved the world
Console	: [08:15:00] [Server thread/INFO]: [Server] Save Complete
Console	: [08:21:00] [Server thread/INFO]: There are 0/10 players online:
Console	: [08:21:00] [Server thread/INFO]: 
Console	: [08:27:00] [Server thread/INFO]: There are 0/10 players online:
Console	: [08:27:00] [Server thread/INFO]: 
Console	: [08:30:00] [Server thread/INFO]: [Server] This server is running McMyAdmin Personal v2.7.0.2
Console	: [08:30:00] [Server thread/INFO]: [Server] Saving world data. Expect lag for a short while.
Console	: [08:30:00] [Server thread/INFO]: Saving...
Console	: [08:30:00] [Server thread/INFO]: Saved the world
Console	: [08:30:00] [Server thread/INFO]: [Server] Save Complete
Console	: [08:36:00] [Server thread/INFO]: There are 0/10 players online:
Console	: [08:36:00] [Server thread/INFO]: 
Console	: [08:42:00] [Server thread/INFO]: There are 0/10 players online:
Console	: [08:42:00] [Server thread/INFO]: 
Console	: [08:45:00] [Server thread/INFO]: [Server] Saving world data. Expect lag for a short while.
Console	: [08:45:00] [Server thread/INFO]: Saving...
Console	: [08:45:00] [Server thread/INFO]: Saved the world
Console	: [08:45:00] [Server thread/INFO]: [Server] Save Complete
Console	: [08:51:00] [Server thread/INFO]: There are 0/10 players online:
Console	: [08:51:00] [Server thread/INFO]: 
Console	: [08:57:00] [Server thread/INFO]: There are 0/10 players online:
Console	: [08:57:00] [Server thread/INFO]: 
Console	: [09:00:00] [Server thread/INFO]: [Server] This server is running McMyAdmin Personal v2.7.0.2
Console	: [09:00:00] [Server thread/INFO]: [Server] Saving world data. Expect lag for a short while.
Console	: [09:00:00] [Server thread/INFO]: Saving...
Console	: [09:00:00] [Server thread/INFO]: Saved the world
Console	: [09:00:00] [Server thread/INFO]: [Server] Save Complete
Console	: [09:06:00] [Server thread/INFO]: There are 0/10 players online:
Console	: [09:06:00] [Server thread/INFO]: 
Console	: [09:12:00] [Server thread/INFO]: There are 0/10 players online:
Console	: [09:12:00] [Server thread/INFO]: 
Console	: [09:15:00] [Server thread/INFO]: [Server] Saving world data. Expect lag for a short while.
Console	: [09:15:00] [Server thread/INFO]: Saving...
Console	: [09:15:00] [Server thread/INFO]: Saved the world
Console	: [09:15:00] [Server thread/INFO]: [Server] Save Complete
Console	: [09:21:00] [Server thread/INFO]: There are 0/10 players online:
Console	: [09:21:00] [Server thread/INFO]: 
Console	: [09:27:00] [Server thread/INFO]: There are 0/10 players online:
Console	: [09:27:00] [Server thread/INFO]: 
Console	: [09:30:00] [Server thread/INFO]: [Server] This server is running McMyAdmin Personal v2.7.0.2
Console	: [09:30:00] [Server thread/INFO]: [Server] Saving world data. Expect lag for a short while.
Console	: [09:30:00] [Server thread/INFO]: Saving...
Console	: [09:30:00] [Server thread/INFO]: Saved the world
Console	: [09:30:00] [Server thread/INFO]: [Server] Save Complete
Console	: [09:36:00] [Server thread/INFO]: There are 0/10 players online:
Console	: [09:36:00] [Server thread/INFO]: 
Console	: [09:42:00] [Server thread/INFO]: There are 0/10 players online:
Console	: [09:42:00] [Server thread/INFO]: 
Console	: [09:45:00] [Server thread/INFO]: [Server] Saving world data. Expect lag for a short while.
Console	: [09:45:00] [Server thread/INFO]: Saving...
Console	: [09:45:00] [Server thread/INFO]: Saved the world
Console	: [09:45:00] [Server thread/INFO]: [Server] Save Complete
Console	: [09:51:00] [Server thread/INFO]: There are 0/10 players online:
Console	: [09:51:00] [Server thread/INFO]: 
Console	: [09:57:00] [Server thread/INFO]: There are 0/10 players online:
Console	: [09:57:00] [Server thread/INFO]: 
Console	: [10:00:00] [Server thread/INFO]: [Server] This server is running McMyAdmin Personal v2.7.0.2
Console	: [10:00:00] [Server thread/INFO]: [Server] Saving world data. Expect lag for a short while.
Console	: [10:00:00] [Server thread/INFO]: Saving...
Console	: [10:00:00] [Server thread/INFO]: Saved the world
Console	: [10:00:00] [Server thread/INFO]: [Server] Save Complete
Console	: [10:06:00] [Server thread/INFO]: There are 0/10 players online:
Console	: [10:06:00] [Server thread/INFO]: 
Console	: [10:12:00] [Server thread/INFO]: There are 0/10 players online:
Console	: [10:12:00] [Server thread/INFO]: 
Console	: [10:15:00] [Server thread/INFO]: [Server] Saving world data. Expect lag for a short while.
Console	: [10:15:00] [Server thread/INFO]: Saving...
Console	: [10:15:00] [Server thread/INFO]: Saved the world
Console	: [10:15:00] [Server thread/INFO]: [Server] Save Complete
Console	: [10:21:00] [Server thread/INFO]: There are 0/10 players online:
Console	: [10:21:00] [Server thread/INFO]: 
Console	: [10:27:00] [Server thread/INFO]: There are 0/10 players online:
Console	: [10:27:00] [Server thread/INFO]: 
Console	: [10:30:00] [Server thread/INFO]: [Server] This server is running McMyAdmin Personal v2.7.0.2
Console	: [10:30:00] [Server thread/INFO]: [Server] Saving world data. Expect lag for a short while.
Console	: [10:30:00] [Server thread/INFO]: Saving...
Console	: [10:30:00] [Server thread/INFO]: Saved the world
Console	: [10:30:00] [Server thread/INFO]: [Server] Save Complete
Console	: [10:36:00] [Server thread/INFO]: There are 0/10 players online:
Console	: [10:36:00] [Server thread/INFO]: 
Console	: [10:42:00] [Server thread/INFO]: There are 0/10 players online:
Console	: [10:42:00] [Server thread/INFO]: 
Console	: [10:45:00] [Server thread/INFO]: [Server] Saving world data. Expect lag for a short while.
Console	: [10:45:00] [Server thread/INFO]: Saving...
Console	: [10:45:00] [Server thread/INFO]: Saved the world
Console	: [10:45:00] [Server thread/INFO]: [Server] Save Complete
Console	: [10:51:00] [Server thread/INFO]: There are 0/10 players online:
Console	: [10:51:00] [Server thread/INFO]: 
Console	: [10:57:00] [Server thread/INFO]: There are 0/10 players online:
Console	: [10:57:00] [Server thread/INFO]: 
Console	: [11:00:00] [Server thread/INFO]: [Server] This server is running McMyAdmin Personal v2.7.0.2
Console	: [11:00:00] [Server thread/INFO]: [Server] Saving world data. Expect lag for a short while.
Console	: [11:00:00] [Server thread/INFO]: Saving...
Console	: [11:00:00] [Server thread/INFO]: Saved the world
Console	: [11:00:00] [Server thread/INFO]: [Server] Save Complete
Console	: [11:06:00] [Server thread/INFO]: There are 0/10 players online:
Console	: [11:06:00] [Server thread/INFO]: 
Console	: [11:12:00] [Server thread/INFO]: There are 0/10 players online:
Console	: [11:12:00] [Server thread/INFO]: 
Console	: [11:15:00] [Server thread/INFO]: [Server] Saving world data. Expect lag for a short while.
Console	: [11:15:00] [Server thread/INFO]: Saving...
Console	: [11:15:00] [Server thread/INFO]: Saved the world
Console	: [11:15:00] [Server thread/INFO]: [Server] Save Complete
Console	: [11:21:00] [Server thread/INFO]: There are 0/10 players online:
Console	: [11:21:00] [Server thread/INFO]: 
Console	: [11:27:00] [Server thread/INFO]: There are 0/10 players online:
Console	: [11:27:00] [Server thread/INFO]: 
