Notice	: Detecting System...
Notice	: No virtualized environment detected.
Notice	: Linux Distribution: Ubuntu
Notice	: Detection complete.
Warning : Unable to detect java version! Java may not be installed or may be outdated.
Error	: McMyAdmin was not shut down properly!
Error	: To avoid potential data loss, please perform /quit on this console.
Error	: Startup will resume in 5 seconds...
Notice	: Starting McMyAdmin Personal v2.7.0.2
Notice	: Checking for updates...
Notice	: Checking for Minecraft Server updates...
Notice	: Starting webserver...
Notice	: McMyAdmin has started and is ready for use.
Notice	: Server jar hash is d38e7271-d0fb-d1ac-394b-f3ade2649a5c
Notice	: Starting Minecraft Server...
Console	: [22:54:17] [Server thread/INFO]: Starting minecraft server version 1.12.2
Console	: [22:54:18] [Server thread/INFO]: Loading properties
Console	: [22:54:18] [Server thread/INFO]: Default game type: SURVIVAL
Console	: [22:54:18] [Server thread/INFO]: Generating keypair
Console	: [22:54:33] [Server thread/INFO]: Starting Minecraft server on *:25565
Console	: [22:54:36] [Server thread/INFO]: Using epoll channel type
Console	: [22:54:42] [Server thread/INFO]: Preparing level "world"
Console	: [22:55:06] [Server thread/INFO]: Loaded 488 advancements
Console	: [22:55:07] [Server thread/INFO]: Preparing start region for level 0
Console	: [22:55:48] [Server thread/INFO]: Preparing spawn area: 0%
Console	: [22:55:49] [Server thread/INFO]: Preparing spawn area: 0%
Console	: [22:55:50] [Server thread/INFO]: Preparing spawn area: 0%
Console	: [22:55:52] [Server thread/INFO]: Preparing spawn area: 1%
Console	: [22:55:54] [Server thread/INFO]: Preparing spawn area: 2%
Console	: [22:55:55] [Server thread/INFO]: Preparing spawn area: 2%
Console	: [22:55:56] [Server thread/INFO]: Preparing spawn area: 3%
Console	: [22:55:57] [Server thread/INFO]: Preparing spawn area: 3%
Console	: [22:55:58] [Server thread/INFO]: Preparing spawn area: 4%
Console	: [22:56:00] [Server thread/INFO]: Preparing spawn area: 5%
Console	: [22:56:01] [Server thread/INFO]: Preparing spawn area: 6%
Console	: [22:56:02] [Server thread/INFO]: Preparing spawn area: 7%
Console	: [22:56:03] [Server thread/INFO]: Preparing spawn area: 8%
Console	: [22:56:04] [Server thread/INFO]: Preparing spawn area: 11%
Console	: [22:56:05] [Server thread/INFO]: Preparing spawn area: 13%
Console	: [22:56:06] [Server thread/INFO]: Preparing spawn area: 17%
Console	: [22:56:07] [Server thread/INFO]: Preparing spawn area: 18%
Console	: [22:56:08] [Server thread/INFO]: Preparing spawn area: 20%
Console	: [22:56:09] [Server thread/INFO]: Preparing spawn area: 23%
Console	: [22:56:10] [Server thread/INFO]: Preparing spawn area: 26%
Console	: [22:56:11] [Server thread/INFO]: Preparing spawn area: 29%
Console	: [22:56:12] [Server thread/INFO]: Preparing spawn area: 31%
Console	: [22:56:13] [Server thread/INFO]: Preparing spawn area: 33%
Console	: [22:56:14] [Server thread/INFO]: Preparing spawn area: 38%
Console	: [22:56:15] [Server thread/INFO]: Preparing spawn area: 41%
Console	: [22:56:17] [Server thread/INFO]: Preparing spawn area: 45%
Console	: [22:56:18] [Server thread/INFO]: Preparing spawn area: 49%
Console	: [22:56:19] [Server thread/INFO]: Preparing spawn area: 51%
Console	: [22:56:20] [Server thread/INFO]: Preparing spawn area: 53%
Console	: [22:56:21] [Server thread/INFO]: Preparing spawn area: 55%
Console	: [22:56:22] [Server thread/INFO]: Preparing spawn area: 61%
Console	: [22:56:23] [Server thread/INFO]: Preparing spawn area: 63%
Console	: [22:56:24] [Server thread/INFO]: Preparing spawn area: 68%
Console	: [22:56:25] [Server thread/INFO]: Preparing spawn area: 72%
Console	: [22:56:26] [Server thread/INFO]: Preparing spawn area: 77%
Console	: [22:56:27] [Server thread/INFO]: Preparing spawn area: 81%
Console	: [22:56:28] [Server thread/INFO]: Preparing spawn area: 86%
Console	: [22:56:30] [Server thread/INFO]: Preparing spawn area: 93%
Console	: [22:56:31] [Server thread/INFO]: Preparing spawn area: 99%
Console	: [22:56:31] [Server thread/INFO]: Done (108.947s)! For help, type "help" or "?"
Console	: [22:56:36] [Server thread/WARN]: Can't keep up! Did the system time change, or is the server overloaded? Running 4704ms behind, skipping 94 tick(s)
Console	: [22:58:09] [Server Watchdog/FATAL]: A single server tick took 60.00 seconds (should be max 0.05)
Console	: [22:58:09] [Server Watchdog/FATAL]: Considering it to be crashed, server will forcibly shutdown.
Console	: [22:58:10] [Server Watchdog/ERROR]: This crash report has been saved to: /minecraft/Minecraft/./crash-reports/crash-2018-06-03_22.58.10-server.txt
Console	: [22:58:11] [Server Shutdown Thread/INFO]: Stopping server
Console	: [22:58:11] [Server Shutdown Thread/INFO]: Saving players
Notice	: Minecraft server has stopped running.
Warning : Server stopped unexpectedly! Automatically restarting...
Notice	: Server jar hash is d38e7271-d0fb-d1ac-394b-f3ade2649a5c
Notice	: Starting Minecraft Server...
Console	: [22:59:58] [Server thread/INFO]: Starting minecraft server version 1.12.2
Console	: [22:59:58] [Server thread/INFO]: Loading properties
Console	: [22:59:58] [Server thread/INFO]: Default game type: SURVIVAL
Console	: [22:59:58] [Server thread/INFO]: Generating keypair
Console	: [23:00:05] [Server thread/INFO]: Starting Minecraft server on *:25565
Console	: [23:00:06] [Server thread/INFO]: Using epoll channel type
Console	: [23:00:08] [Server thread/INFO]: Preparing level "world"
Console	: [23:00:19] [Server thread/INFO]: Loaded 488 advancements
Console	: [23:00:19] [Server thread/INFO]: Preparing start region for level 0
Console	: [23:00:42] [Server thread/INFO]: Preparing spawn area: 0%
Console	: [23:00:43] [Server thread/INFO]: Preparing spawn area: 0%
Console	: [23:00:44] [Server thread/INFO]: Preparing spawn area: 1%
Console	: [23:00:46] [Server thread/INFO]: Preparing spawn area: 2%
Console	: [23:00:47] [Server thread/INFO]: Preparing spawn area: 2%
Console	: [23:00:48] [Server thread/INFO]: Preparing spawn area: 3%
Console	: [23:00:49] [Server thread/INFO]: Preparing spawn area: 4%
Console	: [23:00:50] [Server thread/INFO]: Preparing spawn area: 5%
Console	: [23:00:51] [Server thread/INFO]: Preparing spawn area: 6%
Console	: [23:00:52] [Server thread/INFO]: Preparing spawn area: 7%
Console	: [23:00:53] [Server thread/INFO]: Preparing spawn area: 9%
Console	: [23:00:54] [Server thread/INFO]: Preparing spawn area: 11%
Console	: [23:00:55] [Server thread/INFO]: Preparing spawn area: 14%
Console	: [23:00:56] [Server thread/INFO]: Preparing spawn area: 16%
Console	: [23:00:57] [Server thread/INFO]: Preparing spawn area: 18%
Console	: [23:00:58] [Server thread/INFO]: Preparing spawn area: 20%
Console	: [23:00:59] [Server thread/INFO]: Preparing spawn area: 25%
Console	: [23:01:01] [Server thread/INFO]: Preparing spawn area: 29%
Console	: [23:01:02] [Server thread/INFO]: Preparing spawn area: 32%
Console	: [23:01:03] [Server thread/INFO]: Preparing spawn area: 36%
Console	: [23:01:03] [Server thread/WARN]: Keeping entity minecraft:skeleton that already exists with UUID a0d8fab1-8d9a-4e93-8810-a9b8dcec051b
Console	: [23:01:04] [Server thread/INFO]: Preparing spawn area: 41%
Console	: [23:01:05] [Server thread/INFO]: Preparing spawn area: 46%
Console	: [23:01:06] [Server thread/INFO]: Preparing spawn area: 51%
Console	: [23:01:07] [Server thread/INFO]: Preparing spawn area: 54%
Console	: [23:01:08] [Server thread/INFO]: Preparing spawn area: 58%
Console	: [23:01:09] [Server thread/INFO]: Preparing spawn area: 63%
Console	: [23:01:10] [Server thread/INFO]: Preparing spawn area: 68%
Console	: [23:01:11] [Server thread/WARN]: Keeping entity minecraft:wolf that already exists with UUID 0c0051a8-17ba-4dac-a7cd-da9eb1a0208d
Console	: [23:01:11] [Server thread/INFO]: Preparing spawn area: 72%
Console	: [23:01:12] [Server thread/INFO]: Preparing spawn area: 78%
Console	: [23:01:13] [Server thread/INFO]: Preparing spawn area: 83%
Console	: [23:01:14] [Server thread/INFO]: Preparing spawn area: 87%
Console	: [23:01:15] [Server thread/INFO]: Preparing spawn area: 92%
Console	: [23:01:16] [Server thread/INFO]: Preparing spawn area: 98%
Console	: [23:01:16] [Server thread/INFO]: Done (68.240s)! For help, type "help" or "?"
Console	: [23:01:22] [Server thread/WARN]: Can't keep up! Did the system time change, or is the server overloaded? Running 5492ms behind, skipping 109 tick(s)
Console	: [23:02:38] [Server thread/WARN]: Can't keep up! Did the system time change, or is the server overloaded? Running 52340ms behind, skipping 1046 tick(s)
Console	: [23:03:00] [Server thread/WARN]: Can't keep up! Did the system time change, or is the server overloaded? Running 4581ms behind, skipping 91 tick(s)
Console	: [23:09:00] [Server thread/INFO]: There are 0/10 players online:
Console	: [23:09:00] [Server thread/INFO]: 
Console	: [23:15:00] [Server thread/INFO]: There are 0/10 players online:
Console	: [23:15:00] [Server thread/INFO]: 
Console	: [23:15:00] [Server thread/INFO]: [Server] Saving world data. Expect lag for a short while.
Console	: [23:15:00] [Server thread/INFO]: Saving...
Console	: [23:15:00] [Server thread/INFO]: Saved the world
Console	: [23:15:00] [Server thread/INFO]: [Server] Save Complete
Console	: [23:21:00] [Server thread/INFO]: There are 0/10 players online:
Console	: [23:21:00] [Server thread/INFO]: 
Console	: [23:27:00] [Server thread/INFO]: There are 0/10 players online:
Console	: [23:27:00] [Server thread/INFO]: 
Console	: [23:30:00] [Server thread/INFO]: [Server] This server is running McMyAdmin Personal v2.7.0.2
Console	: [23:30:00] [Server thread/INFO]: [Server] Saving world data. Expect lag for a short while.
Console	: [23:30:00] [Server thread/INFO]: Saving...
Console	: [23:30:00] [Server thread/INFO]: Saved the world
Console	: [23:30:00] [Server thread/INFO]: [Server] Save Complete
Console	: [23:36:00] [Server thread/INFO]: There are 0/10 players online:
Console	: [23:36:00] [Server thread/INFO]: 
Console	: [23:42:00] [Server thread/INFO]: There are 0/10 players online:
Console	: [23:42:00] [Server thread/INFO]: 
Console	: [23:45:00] [Server thread/INFO]: [Server] Saving world data. Expect lag for a short while.
Console	: [23:45:00] [Server thread/INFO]: Saving...
Console	: [23:45:00] [Server thread/INFO]: Saved the world
Console	: [23:45:00] [Server thread/INFO]: [Server] Save Complete
Console	: [23:51:00] [Server thread/INFO]: There are 0/10 players online:
Console	: [23:51:00] [Server thread/INFO]: 
Console	: [23:57:00] [Server thread/INFO]: There are 0/10 players online:
Console	: [23:57:00] [Server thread/INFO]: 
Console	: [00:00:00] [Server thread/INFO]: [Server] This server is running McMyAdmin Personal v2.7.0.2
Console	: [00:00:00] [Server thread/INFO]: [Server] Saving world data. Expect lag for a short while.
Console	: [00:00:00] [Server thread/INFO]: Saving...
Console	: [00:00:00] [Server thread/INFO]: Saved the world
Console	: [00:00:00] [Server thread/INFO]: [Server] Save Complete
Console	: [00:06:00] [Server thread/INFO]: There are 0/10 players online:
Console	: [00:06:00] [Server thread/INFO]: 
Console	: [00:12:00] [Server thread/INFO]: There are 0/10 players online:
Console	: [00:12:00] [Server thread/INFO]: 
Console	: [00:15:00] [Server thread/INFO]: [Server] Saving world data. Expect lag for a short while.
Console	: [00:15:00] [Server thread/INFO]: Saving...
Console	: [00:15:00] [Server thread/INFO]: Saved the world
Console	: [00:15:00] [Server thread/INFO]: [Server] Save Complete
Console	: [00:21:00] [Server thread/INFO]: There are 0/10 players online:
Console	: [00:21:00] [Server thread/INFO]: 
Console	: [00:27:00] [Server thread/INFO]: There are 0/10 players online:
Console	: [00:27:00] [Server thread/INFO]: 
Console	: [00:30:00] [Server thread/INFO]: [Server] This server is running McMyAdmin Personal v2.7.0.2
Console	: [00:30:00] [Server thread/INFO]: [Server] Saving world data. Expect lag for a short while.
Console	: [00:30:00] [Server thread/INFO]: Saving...
Console	: [00:30:00] [Server thread/INFO]: Saved the world
Console	: [00:30:00] [Server thread/INFO]: [Server] Save Complete
Console	: [00:36:00] [Server thread/INFO]: There are 0/10 players online:
Console	: [00:36:00] [Server thread/INFO]: 
Console	: [00:42:00] [Server thread/INFO]: There are 0/10 players online:
Console	: [00:42:00] [Server thread/INFO]: 
Console	: [00:45:00] [Server thread/INFO]: [Server] Saving world data. Expect lag for a short while.
Console	: [00:45:00] [Server thread/INFO]: Saving...
Console	: [00:45:00] [Server thread/INFO]: Saved the world
Console	: [00:45:00] [Server thread/INFO]: [Server] Save Complete
Console	: [00:51:00] [Server thread/INFO]: There are 0/10 players online:
Console	: [00:51:00] [Server thread/INFO]: 
Console	: [00:57:00] [Server thread/INFO]: There are 0/10 players online:
Console	: [00:57:00] [Server thread/INFO]: 
Console	: [01:00:00] [Server thread/INFO]: [Server] This server is running McMyAdmin Personal v2.7.0.2
Notice	: Checking for updates...
Notice	: Checking for Minecraft Server updates...
Console	: [01:00:00] [Server thread/INFO]: [Server] Saving world data. Expect lag for a short while.
Console	: [01:00:00] [Server thread/INFO]: Saving...
Console	: [01:00:00] [Server thread/INFO]: Saved the world
Console	: [01:00:00] [Server thread/INFO]: [Server] Save Complete
Console	: [01:06:00] [Server thread/INFO]: There are 0/10 players online:
Console	: [01:06:00] [Server thread/INFO]: 
Console	: [01:12:00] [Server thread/INFO]: There are 0/10 players online:
Console	: [01:12:00] [Server thread/INFO]: 
Console	: [01:15:00] [Server thread/INFO]: [Server] Saving world data. Expect lag for a short while.
Console	: [01:15:00] [Server thread/INFO]: Saving...
Console	: [01:15:00] [Server thread/INFO]: Saved the world
Console	: [01:15:00] [Server thread/INFO]: [Server] Save Complete
Console	: [01:21:00] [Server thread/INFO]: There are 0/10 players online:
Console	: [01:21:00] [Server thread/INFO]: 
Console	: [01:27:00] [Server thread/INFO]: There are 0/10 players online:
Console	: [01:27:00] [Server thread/INFO]: 
Console	: [01:30:00] [Server thread/INFO]: [Server] This server is running McMyAdmin Personal v2.7.0.2
Console	: [01:30:00] [Server thread/INFO]: [Server] Saving world data. Expect lag for a short while.
Console	: [01:30:00] [Server thread/INFO]: Saving...
Console	: [01:30:00] [Server thread/INFO]: Saved the world
Console	: [01:30:00] [Server thread/INFO]: [Server] Save Complete
Console	: [01:36:00] [Server thread/INFO]: There are 0/10 players online:
Console	: [01:36:00] [Server thread/INFO]: 
Console	: [01:42:00] [Server thread/INFO]: There are 0/10 players online:
Console	: [01:42:00] [Server thread/INFO]: 
Console	: [01:45:00] [Server thread/INFO]: [Server] Saving world data. Expect lag for a short while.
Console	: [01:45:00] [Server thread/INFO]: Saving...
Console	: [01:45:00] [Server thread/INFO]: Saved the world
Console	: [01:45:00] [Server thread/INFO]: [Server] Save Complete
Console	: [01:51:00] [Server thread/INFO]: There are 0/10 players online:
Console	: [01:51:00] [Server thread/INFO]: 
Console	: [01:57:00] [Server thread/INFO]: There are 0/10 players online:
Console	: [01:57:00] [Server thread/INFO]: 
Console	: [02:00:00] [Server thread/INFO]: [Server] This server is running McMyAdmin Personal v2.7.0.2
Console	: [02:00:00] [Server thread/INFO]: [Server] Saving world data. Expect lag for a short while.
Console	: [02:00:00] [Server thread/INFO]: Saving...
Console	: [02:00:00] [Server thread/INFO]: Saved the world
Console	: [02:00:00] [Server thread/INFO]: [Server] Save Complete
Console	: [02:06:00] [Server thread/INFO]: There are 0/10 players online:
Console	: [02:06:00] [Server thread/INFO]: 
Console	: [02:12:00] [Server thread/INFO]: There are 0/10 players online:
Console	: [02:12:00] [Server thread/INFO]: 
Console	: [02:15:00] [Server thread/INFO]: [Server] Saving world data. Expect lag for a short while.
Console	: [02:15:00] [Server thread/INFO]: Saving...
Console	: [02:15:00] [Server thread/INFO]: Saved the world
Console	: [02:15:00] [Server thread/INFO]: [Server] Save Complete
Console	: [02:21:00] [Server thread/INFO]: There are 0/10 players online:
Console	: [02:21:00] [Server thread/INFO]: 
Console	: [02:27:00] [Server thread/INFO]: There are 0/10 players online:
Console	: [02:27:00] [Server thread/INFO]: 
Console	: [02:30:00] [Server thread/INFO]: [Server] This server is running McMyAdmin Personal v2.7.0.2
Console	: [02:30:00] [Server thread/INFO]: [Server] Saving world data. Expect lag for a short while.
Console	: [02:30:00] [Server thread/INFO]: Saving...
Console	: [02:30:00] [Server thread/INFO]: Saved the world
Console	: [02:30:00] [Server thread/INFO]: [Server] Save Complete
Console	: [02:36:00] [Server thread/INFO]: There are 0/10 players online:
Console	: [02:36:00] [Server thread/INFO]: 
Console	: [02:42:00] [Server thread/INFO]: There are 0/10 players online:
Console	: [02:42:00] [Server thread/INFO]: 
Console	: [02:45:00] [Server thread/INFO]: [Server] Saving world data. Expect lag for a short while.
Console	: [02:45:00] [Server thread/INFO]: Saving...
Console	: [02:45:00] [Server thread/INFO]: Saved the world
Console	: [02:45:00] [Server thread/INFO]: [Server] Save Complete
Console	: [02:51:00] [Server thread/INFO]: There are 0/10 players online:
Console	: [02:51:00] [Server thread/INFO]: 
Console	: [02:57:00] [Server thread/INFO]: There are 0/10 players online:
Console	: [02:57:00] [Server thread/INFO]: 
Console	: [03:00:00] [Server thread/INFO]: [Server] This server is running McMyAdmin Personal v2.7.0.2
Console	: [03:00:00] [Server thread/INFO]: [Server] Saving world data. Expect lag for a short while.
Console	: [03:00:00] [Server thread/INFO]: Saving...
Console	: [03:00:00] [Server thread/INFO]: Saved the world
Console	: [03:00:00] [Server thread/INFO]: [Server] Save Complete
Console	: [03:06:00] [Server thread/INFO]: There are 0/10 players online:
Console	: [03:06:00] [Server thread/INFO]: 
Console	: [03:12:00] [Server thread/INFO]: There are 0/10 players online:
Console	: [03:12:00] [Server thread/INFO]: 
Console	: [03:15:00] [Server thread/INFO]: [Server] Saving world data. Expect lag for a short while.
Console	: [03:15:00] [Server thread/INFO]: Saving...
Console	: [03:15:00] [Server thread/INFO]: Saved the world
Console	: [03:15:00] [Server thread/INFO]: [Server] Save Complete
Console	: [03:21:00] [Server thread/INFO]: There are 0/10 players online:
Console	: [03:21:00] [Server thread/INFO]: 
Console	: [03:27:00] [Server thread/INFO]: There are 0/10 players online:
Console	: [03:27:00] [Server thread/INFO]: 
Console	: [03:30:00] [Server thread/INFO]: [Server] This server is running McMyAdmin Personal v2.7.0.2
Console	: [03:30:00] [Server thread/INFO]: [Server] Saving world data. Expect lag for a short while.
Console	: [03:30:00] [Server thread/INFO]: Saving...
Console	: [03:30:00] [Server thread/INFO]: Saved the world
Console	: [03:30:00] [Server thread/INFO]: [Server] Save Complete
Console	: [03:36:00] [Server thread/INFO]: There are 0/10 players online:
Console	: [03:36:00] [Server thread/INFO]: 
Console	: [03:42:00] [Server thread/INFO]: There are 0/10 players online:
Console	: [03:42:00] [Server thread/INFO]: 
Console	: [03:45:00] [Server thread/INFO]: [Server] Saving world data. Expect lag for a short while.
Console	: [03:45:00] [Server thread/INFO]: Saving...
Console	: [03:45:00] [Server thread/INFO]: Saved the world
Console	: [03:45:00] [Server thread/INFO]: [Server] Save Complete
Console	: [03:51:00] [Server thread/INFO]: There are 0/10 players online:
Console	: [03:51:00] [Server thread/INFO]: 
Console	: [03:57:00] [Server thread/INFO]: There are 0/10 players online:
Console	: [03:57:00] [Server thread/INFO]: 
Console	: [04:00:00] [Server thread/INFO]: [Server] This server is running McMyAdmin Personal v2.7.0.2
Console	: [04:00:00] [Server thread/INFO]: [Server] Saving world data. Expect lag for a short while.
Console	: [04:00:00] [Server thread/INFO]: Saving...
Console	: [04:00:00] [Server thread/INFO]: Saved the world
Console	: [04:00:00] [Server thread/INFO]: [Server] Save Complete
Console	: [04:00:00] [Server thread/INFO]: [Server] Automatic restart.
Console	: [04:00:00] [Server thread/INFO]: [Server] Server is restarting. World is being saved.
Console	: [04:00:00] [Server thread/INFO]: Saving is already turned on
Console	: [04:00:00] [Server thread/INFO]: Saving...
Console	: [04:00:00] [Server thread/INFO]: Saved the world
Console	: [04:00:00] [Server thread/INFO]: Stopping the server
Console	: [04:00:00] [Server thread/INFO]: Stopping server
Console	: [04:00:00] [Server thread/INFO]: Saving players
Console	: [04:00:00] [Server thread/INFO]: Saving worlds
Console	: [04:00:00] [Server thread/INFO]: Saving chunks for level 'world'/overworld
Console	: [04:00:00] [Server thread/INFO]: Saving chunks for level 'world'/the_nether
Console	: [04:00:00] [Server thread/INFO]: Saving chunks for level 'world'/the_end
Console	: [04:00:00] [Server Shutdown Thread/INFO]: Stopping server
Notice	: Minecraft server has stopped running.
Notice	: Server jar hash is d38e7271-d0fb-d1ac-394b-f3ade2649a5c
Notice	: Starting Minecraft Server...
Console	: [04:00:08] [Server thread/INFO]: Starting minecraft server version 1.12.2
Console	: [04:00:08] [Server thread/INFO]: Loading properties
Console	: [04:00:08] [Server thread/INFO]: Default game type: SURVIVAL
Console	: [04:00:08] [Server thread/INFO]: Generating keypair
Console	: [04:00:08] [Server thread/INFO]: Starting Minecraft server on *:25565
Console	: [04:00:08] [Server thread/INFO]: Using epoll channel type
Console	: [04:00:08] [Server thread/INFO]: Preparing level "world"
Console	: [04:00:09] [Server thread/INFO]: Loaded 488 advancements
Console	: [04:00:09] [Server thread/INFO]: Preparing start region for level 0
Console	: [04:00:10] [Server thread/INFO]: Preparing spawn area: 0%
Console	: [04:00:11] [Server thread/INFO]: Preparing spawn area: 39%
Console	: [04:00:11] [Server thread/WARN]: Keeping entity minecraft:skeleton that already exists with UUID a0d8fab1-8d9a-4e93-8810-a9b8dcec051b
Console	: [04:00:11] [Server thread/WARN]: Keeping entity minecraft:wolf that already exists with UUID 0c0051a8-17ba-4dac-a7cd-da9eb1a0208d
Console	: [04:00:12] [Server thread/INFO]: Done (3.380s)! For help, type "help" or "?"
Notice	: Checking for updates...
Notice	: Checking for Minecraft Server updates...
Console	: [04:06:00] [Server thread/INFO]: There are 0/10 players online:
Console	: [04:06:00] [Server thread/INFO]: 
Console	: [04:12:00] [Server thread/INFO]: There are 0/10 players online:
Console	: [04:12:00] [Server thread/INFO]: 
Console	: [04:15:00] [Server thread/INFO]: [Server] Saving world data. Expect lag for a short while.
Console	: [04:15:00] [Server thread/INFO]: Saving...
Console	: [04:15:00] [Server thread/INFO]: Saved the world
Console	: [04:15:00] [Server thread/INFO]: [Server] Save Complete
Console	: [04:21:00] [Server thread/INFO]: There are 0/10 players online:
Console	: [04:21:00] [Server thread/INFO]: 
Console	: [04:27:00] [Server thread/INFO]: There are 0/10 players online:
Console	: [04:27:00] [Server thread/INFO]: 
Console	: [04:30:00] [Server thread/INFO]: [Server] This server is running McMyAdmin Personal v2.7.0.2
Console	: [04:30:00] [Server thread/INFO]: [Server] Saving world data. Expect lag for a short while.
Console	: [04:30:00] [Server thread/INFO]: Saving...
Console	: [04:30:00] [Server thread/INFO]: Saved the world
Console	: [04:30:00] [Server thread/INFO]: [Server] Save Complete
Console	: [04:36:00] [Server thread/INFO]: There are 0/10 players online:
Console	: [04:36:00] [Server thread/INFO]: 
Console	: [04:42:00] [Server thread/INFO]: There are 0/10 players online:
Console	: [04:42:00] [Server thread/INFO]: 
Console	: [04:45:00] [Server thread/INFO]: [Server] Saving world data. Expect lag for a short while.
Console	: [04:45:00] [Server thread/INFO]: Saving...
Console	: [04:45:00] [Server thread/INFO]: Saved the world
Console	: [04:45:00] [Server thread/INFO]: [Server] Save Complete
Console	: [04:51:00] [Server thread/INFO]: There are 0/10 players online:
Console	: [04:51:00] [Server thread/INFO]: 
Console	: [04:57:00] [Server thread/INFO]: There are 0/10 players online:
Console	: [04:57:00] [Server thread/INFO]: 
Console	: [05:00:00] [Server thread/INFO]: [Server] This server is running McMyAdmin Personal v2.7.0.2
Console	: [05:00:00] [Server thread/INFO]: [Server] Saving world data. Expect lag for a short while.
Console	: [05:00:00] [Server thread/INFO]: Saving...
Console	: [05:00:00] [Server thread/INFO]: Saved the world
Console	: [05:00:00] [Server thread/INFO]: [Server] Save Complete
Console	: [05:06:00] [Server thread/INFO]: There are 0/10 players online:
Console	: [05:06:00] [Server thread/INFO]: 
Console	: [05:12:00] [Server thread/INFO]: There are 0/10 players online:
Console	: [05:12:00] [Server thread/INFO]: 
Console	: [05:15:00] [Server thread/INFO]: [Server] Saving world data. Expect lag for a short while.
Console	: [05:15:00] [Server thread/INFO]: Saving...
Console	: [05:15:00] [Server thread/INFO]: Saved the world
Console	: [05:15:00] [Server thread/INFO]: [Server] Save Complete
Console	: [05:21:00] [Server thread/INFO]: There are 0/10 players online:
Console	: [05:21:00] [Server thread/INFO]: 
Console	: [05:27:00] [Server thread/INFO]: There are 0/10 players online:
Console	: [05:27:00] [Server thread/INFO]: 
Console	: [05:30:00] [Server thread/INFO]: [Server] This server is running McMyAdmin Personal v2.7.0.2
Console	: [05:30:00] [Server thread/INFO]: [Server] Saving world data. Expect lag for a short while.
Console	: [05:30:00] [Server thread/INFO]: Saving...
Console	: [05:30:00] [Server thread/INFO]: Saved the world
Console	: [05:30:00] [Server thread/INFO]: [Server] Save Complete
Console	: [05:36:00] [Server thread/INFO]: There are 0/10 players online:
Console	: [05:36:00] [Server thread/INFO]: 
Console	: [05:42:00] [Server thread/INFO]: There are 0/10 players online:
Console	: [05:42:00] [Server thread/INFO]: 
Console	: [05:45:00] [Server thread/INFO]: [Server] Saving world data. Expect lag for a short while.
Console	: [05:45:00] [Server thread/INFO]: Saving...
Console	: [05:45:00] [Server thread/INFO]: Saved the world
Console	: [05:45:00] [Server thread/INFO]: [Server] Save Complete
Console	: [05:51:00] [Server thread/INFO]: There are 0/10 players online:
Console	: [05:51:00] [Server thread/INFO]: 
Console	: [05:57:00] [Server thread/INFO]: There are 0/10 players online:
Console	: [05:57:00] [Server thread/INFO]: 
Console	: [06:00:00] [Server thread/INFO]: [Server] This server is running McMyAdmin Personal v2.7.0.2
Console	: [06:00:00] [Server thread/INFO]: [Server] Saving world data. Expect lag for a short while.
Console	: [06:00:00] [Server thread/INFO]: Saving...
Console	: [06:00:00] [Server thread/INFO]: Saved the world
Console	: [06:00:00] [Server thread/INFO]: [Server] Save Complete
Console	: [06:06:00] [Server thread/INFO]: There are 0/10 players online:
Console	: [06:06:00] [Server thread/INFO]: 
Console	: [06:12:00] [Server thread/INFO]: There are 0/10 players online:
Console	: [06:12:00] [Server thread/INFO]: 
Console	: [06:15:00] [Server thread/INFO]: [Server] Saving world data. Expect lag for a short while.
Console	: [06:15:00] [Server thread/INFO]: Saving...
Console	: [06:15:00] [Server thread/INFO]: Saved the world
Console	: [06:15:00] [Server thread/INFO]: [Server] Save Complete
Console	: [06:21:00] [Server thread/INFO]: There are 0/10 players online:
Console	: [06:21:00] [Server thread/INFO]: 
Console	: [06:27:00] [Server thread/INFO]: There are 0/10 players online:
Console	: [06:27:00] [Server thread/INFO]: 
Console	: [06:30:00] [Server thread/INFO]: [Server] This server is running McMyAdmin Personal v2.7.0.2
Console	: [06:30:00] [Server thread/INFO]: [Server] Saving world data. Expect lag for a short while.
Console	: [06:30:00] [Server thread/INFO]: Saving...
Console	: [06:30:00] [Server thread/INFO]: Saved the world
Console	: [06:30:00] [Server thread/INFO]: [Server] Save Complete
Console	: [06:36:00] [Server thread/INFO]: There are 0/10 players online:
Console	: [06:36:00] [Server thread/INFO]: 
Console	: [06:42:00] [Server thread/INFO]: There are 0/10 players online:
Console	: [06:42:00] [Server thread/INFO]: 
Console	: [06:45:00] [Server thread/INFO]: [Server] Saving world data. Expect lag for a short while.
Console	: [06:45:00] [Server thread/INFO]: Saving...
Console	: [06:45:00] [Server thread/INFO]: Saved the world
Console	: [06:45:00] [Server thread/INFO]: [Server] Save Complete
Console	: [06:51:00] [Server thread/INFO]: There are 0/10 players online:
Console	: [06:51:00] [Server thread/INFO]: 
Console	: [06:57:00] [Server thread/INFO]: There are 0/10 players online:
Console	: [06:57:00] [Server thread/INFO]: 
Console	: [07:00:00] [Server thread/INFO]: [Server] This server is running McMyAdmin Personal v2.7.0.2
Console	: [07:00:00] [Server thread/INFO]: [Server] Saving world data. Expect lag for a short while.
Console	: [07:00:00] [Server thread/INFO]: Saving...
Console	: [07:00:00] [Server thread/INFO]: Saved the world
Console	: [07:00:00] [Server thread/INFO]: [Server] Save Complete
Console	: [07:06:00] [Server thread/INFO]: There are 0/10 players online:
Console	: [07:06:00] [Server thread/INFO]: 
Console	: [07:12:00] [Server thread/INFO]: There are 0/10 players online:
Console	: [07:12:00] [Server thread/INFO]: 
Console	: [07:15:00] [Server thread/INFO]: [Server] Saving world data. Expect lag for a short while.
Console	: [07:15:00] [Server thread/INFO]: Saving...
Console	: [07:15:00] [Server thread/INFO]: Saved the world
Console	: [07:15:00] [Server thread/INFO]: [Server] Save Complete
Console	: [07:21:00] [Server thread/INFO]: There are 0/10 players online:
Console	: [07:21:00] [Server thread/INFO]: 
Console	: [07:27:00] [Server thread/INFO]: There are 0/10 players online:
Console	: [07:27:00] [Server thread/INFO]: 
Console	: [07:30:00] [Server thread/INFO]: [Server] This server is running McMyAdmin Personal v2.7.0.2
Console	: [07:30:00] [Server thread/INFO]: [Server] Saving world data. Expect lag for a short while.
Console	: [07:30:00] [Server thread/INFO]: Saving...
Console	: [07:30:00] [Server thread/INFO]: Saved the world
Console	: [07:30:00] [Server thread/INFO]: [Server] Save Complete
Console	: [07:36:00] [Server thread/INFO]: There are 0/10 players online:
Console	: [07:36:00] [Server thread/INFO]: 
Console	: [07:42:00] [Server thread/INFO]: There are 0/10 players online:
Console	: [07:42:00] [Server thread/INFO]: 
Console	: [07:45:00] [Server thread/INFO]: [Server] Saving world data. Expect lag for a short while.
Console	: [07:45:00] [Server thread/INFO]: Saving...
Console	: [07:45:00] [Server thread/INFO]: Saved the world
Console	: [07:45:00] [Server thread/INFO]: [Server] Save Complete
Console	: [07:51:00] [Server thread/INFO]: There are 0/10 players online:
Console	: [07:51:00] [Server thread/INFO]: 
Console	: [07:57:00] [Server thread/INFO]: There are 0/10 players online:
Console	: [07:57:00] [Server thread/INFO]: 
Console	: [08:00:00] [Server thread/INFO]: [Server] This server is running McMyAdmin Personal v2.7.0.2
Console	: [08:00:00] [Server thread/INFO]: [Server] Saving world data. Expect lag for a short while.
Console	: [08:00:00] [Server thread/INFO]: Saving...
Console	: [08:00:00] [Server thread/INFO]: Saved the world
Console	: [08:00:00] [Server thread/INFO]: [Server] Save Complete
Console	: [08:06:00] [Server thread/INFO]: There are 0/10 players online:
Console	: [08:06:00] [Server thread/INFO]: 
Console	: [08:12:00] [Server thread/INFO]: There are 0/10 players online:
Console	: [08:12:00] [Server thread/INFO]: 
Console	: [08:15:00] [Server thread/INFO]: [Server] Saving world data. Expect lag for a short while.
Console	: [08:15:00] [Server thread/INFO]: Saving...
Console	: [08:15:00] [Server thread/INFO]: Saved the world
Console	: [08:15:00] [Server thread/INFO]: [Server] Save Complete
Console	: [08:21:00] [Server thread/INFO]: There are 0/10 players online:
Console	: [08:21:00] [Server thread/INFO]: 
Console	: [08:27:00] [Server thread/INFO]: There are 0/10 players online:
Console	: [08:27:00] [Server thread/INFO]: 
Console	: [08:30:00] [Server thread/INFO]: [Server] This server is running McMyAdmin Personal v2.7.0.2
Console	: [08:30:00] [Server thread/INFO]: [Server] Saving world data. Expect lag for a short while.
Console	: [08:30:00] [Server thread/INFO]: Saving...
Console	: [08:30:00] [Server thread/INFO]: Saved the world
Console	: [08:30:00] [Server thread/INFO]: [Server] Save Complete
Console	: [08:36:00] [Server thread/INFO]: There are 0/10 players online:
Console	: [08:36:00] [Server thread/INFO]: 
Console	: [08:42:00] [Server thread/INFO]: There are 0/10 players online:
Console	: [08:42:00] [Server thread/INFO]: 
Console	: [08:45:00] [Server thread/INFO]: [Server] Saving world data. Expect lag for a short while.
Console	: [08:45:00] [Server thread/INFO]: Saving...
Console	: [08:45:00] [Server thread/INFO]: Saved the world
Console	: [08:45:00] [Server thread/INFO]: [Server] Save Complete
Console	: [08:51:00] [Server thread/INFO]: There are 0/10 players online:
Console	: [08:51:00] [Server thread/INFO]: 
Console	: [08:57:00] [Server thread/INFO]: There are 0/10 players online:
Console	: [08:57:00] [Server thread/INFO]: 
Console	: [09:00:00] [Server thread/INFO]: [Server] This server is running McMyAdmin Personal v2.7.0.2
Console	: [09:00:00] [Server thread/INFO]: [Server] Saving world data. Expect lag for a short while.
Console	: [09:00:00] [Server thread/INFO]: Saving...
Console	: [09:00:00] [Server thread/INFO]: Saved the world
Console	: [09:00:00] [Server thread/INFO]: [Server] Save Complete
Console	: [09:06:00] [Server thread/INFO]: There are 0/10 players online:
Console	: [09:06:00] [Server thread/INFO]: 
Console	: [09:12:00] [Server thread/INFO]: There are 0/10 players online:
Console	: [09:12:00] [Server thread/INFO]: 
Console	: [09:15:00] [Server thread/INFO]: [Server] Saving world data. Expect lag for a short while.
Console	: [09:15:00] [Server thread/INFO]: Saving...
Console	: [09:15:00] [Server thread/INFO]: Saved the world
Console	: [09:15:00] [Server thread/INFO]: [Server] Save Complete
Console	: [09:21:00] [Server thread/INFO]: There are 0/10 players online:
Console	: [09:21:00] [Server thread/INFO]: 
Console	: [09:27:00] [Server thread/INFO]: There are 0/10 players online:
Console	: [09:27:00] [Server thread/INFO]: 
Console	: [09:30:00] [Server thread/INFO]: [Server] This server is running McMyAdmin Personal v2.7.0.2
Console	: [09:30:00] [Server thread/INFO]: [Server] Saving world data. Expect lag for a short while.
Console	: [09:30:00] [Server thread/INFO]: Saving...
Console	: [09:30:00] [Server thread/INFO]: Saved the world
Console	: [09:30:00] [Server thread/INFO]: [Server] Save Complete
Console	: [09:36:00] [Server thread/INFO]: There are 0/10 players online:
Console	: [09:36:00] [Server thread/INFO]: 
Console	: [09:42:00] [Server thread/INFO]: There are 0/10 players online:
Console	: [09:42:00] [Server thread/INFO]: 
Console	: [09:45:00] [Server thread/INFO]: [Server] Saving world data. Expect lag for a short while.
Console	: [09:45:00] [Server thread/INFO]: Saving...
Console	: [09:45:00] [Server thread/INFO]: Saved the world
Console	: [09:45:00] [Server thread/INFO]: [Server] Save Complete
Console	: [09:51:00] [Server thread/INFO]: There are 0/10 players online:
Console	: [09:51:00] [Server thread/INFO]: 
Console	: [09:57:00] [Server thread/INFO]: There are 0/10 players online:
Console	: [09:57:00] [Server thread/INFO]: 
Console	: [10:00:00] [Server thread/INFO]: [Server] This server is running McMyAdmin Personal v2.7.0.2
Console	: [10:00:00] [Server thread/INFO]: [Server] Saving world data. Expect lag for a short while.
Console	: [10:00:00] [Server thread/INFO]: Saving...
Console	: [10:00:00] [Server thread/INFO]: Saved the world
Console	: [10:00:00] [Server thread/INFO]: [Server] Save Complete
Console	: [10:06:00] [Server thread/INFO]: There are 0/10 players online:
Console	: [10:06:00] [Server thread/INFO]: 
Console	: [10:12:00] [Server thread/INFO]: There are 0/10 players online:
Console	: [10:12:00] [Server thread/INFO]: 
Console	: [10:15:00] [Server thread/INFO]: [Server] Saving world data. Expect lag for a short while.
Console	: [10:15:00] [Server thread/INFO]: Saving...
Console	: [10:15:00] [Server thread/INFO]: Saved the world
Console	: [10:15:00] [Server thread/INFO]: [Server] Save Complete
Console	: [10:21:00] [Server thread/INFO]: There are 0/10 players online:
Console	: [10:21:00] [Server thread/INFO]: 
Console	: [10:27:00] [Server thread/INFO]: There are 0/10 players online:
Console	: [10:27:00] [Server thread/INFO]: 
Console	: [10:30:00] [Server thread/INFO]: [Server] This server is running McMyAdmin Personal v2.7.0.2
Console	: [10:30:00] [Server thread/INFO]: [Server] Saving world data. Expect lag for a short while.
Console	: [10:30:00] [Server thread/INFO]: Saving...
Console	: [10:30:00] [Server thread/INFO]: Saved the world
Console	: [10:30:00] [Server thread/INFO]: [Server] Save Complete
Console	: [10:36:00] [Server thread/INFO]: There are 0/10 players online:
Console	: [10:36:00] [Server thread/INFO]: 
Console	: [10:42:00] [Server thread/INFO]: There are 0/10 players online:
Console	: [10:42:00] [Server thread/INFO]: 
Console	: [10:45:00] [Server thread/INFO]: [Server] Saving world data. Expect lag for a short while.
Console	: [10:45:00] [Server thread/INFO]: Saving...
Console	: [10:45:00] [Server thread/INFO]: Saved the world
Console	: [10:45:00] [Server thread/INFO]: [Server] Save Complete
Console	: [10:51:00] [Server thread/INFO]: There are 0/10 players online:
Console	: [10:51:00] [Server thread/INFO]: 
Console	: [10:57:00] [Server thread/INFO]: There are 0/10 players online:
Console	: [10:57:00] [Server thread/INFO]: 
Console	: [11:00:00] [Server thread/INFO]: [Server] This server is running McMyAdmin Personal v2.7.0.2
Console	: [11:00:00] [Server thread/INFO]: [Server] Saving world data. Expect lag for a short while.
Console	: [11:00:00] [Server thread/INFO]: Saving...
Console	: [11:00:00] [Server thread/INFO]: Saved the world
Console	: [11:00:00] [Server thread/INFO]: [Server] Save Complete
Console	: [11:06:00] [Server thread/INFO]: There are 0/10 players online:
Console	: [11:06:00] [Server thread/INFO]: 
Console	: [11:12:00] [Server thread/INFO]: There are 0/10 players online:
Console	: [11:12:00] [Server thread/INFO]: 
Console	: [11:15:00] [Server thread/INFO]: [Server] Saving world data. Expect lag for a short while.
Console	: [11:15:00] [Server thread/INFO]: Saving...
Console	: [11:15:00] [Server thread/INFO]: Saved the world
Console	: [11:15:00] [Server thread/INFO]: [Server] Save Complete
Console	: [11:21:00] [Server thread/INFO]: There are 0/10 players online:
Console	: [11:21:00] [Server thread/INFO]: 
Console	: [11:27:00] [Server thread/INFO]: There are 0/10 players online:
Console	: [11:27:00] [Server thread/INFO]: 
Console	: [11:30:00] [Server thread/INFO]: [Server] This server is running McMyAdmin Personal v2.7.0.2
Console	: [11:30:00] [Server thread/INFO]: [Server] Saving world data. Expect lag for a short while.
Console	: [11:30:00] [Server thread/INFO]: Saving...
Console	: [11:30:00] [Server thread/INFO]: Saved the world
Console	: [11:30:00] [Server thread/INFO]: [Server] Save Complete
Console	: [11:36:00] [Server thread/INFO]: There are 0/10 players online:
Console	: [11:36:00] [Server thread/INFO]: 
Console	: [11:42:00] [Server thread/INFO]: There are 0/10 players online:
Console	: [11:42:00] [Server thread/INFO]: 
Console	: [11:45:00] [Server thread/INFO]: [Server] Saving world data. Expect lag for a short while.
Console	: [11:45:00] [Server thread/INFO]: Saving...
Console	: [11:45:00] [Server thread/INFO]: Saved the world
Console	: [11:45:00] [Server thread/INFO]: [Server] Save Complete
Console	: [11:51:00] [Server thread/INFO]: There are 0/10 players online:
Console	: [11:51:00] [Server thread/INFO]: 
Console	: [11:57:00] [Server thread/INFO]: There are 0/10 players online:
Console	: [11:57:00] [Server thread/INFO]: 
Console	: [12:00:00] [Server thread/INFO]: [Server] This server is running McMyAdmin Personal v2.7.0.2
Console	: [12:00:00] [Server thread/INFO]: [Server] Saving world data. Expect lag for a short while.
Console	: [12:00:00] [Server thread/INFO]: Saving...
Console	: [12:00:00] [Server thread/INFO]: Saved the world
Console	: [12:00:00] [Server thread/INFO]: [Server] Save Complete
Console	: [12:06:00] [Server thread/INFO]: There are 0/10 players online:
Console	: [12:06:00] [Server thread/INFO]: 
Console	: [12:12:00] [Server thread/INFO]: There are 0/10 players online:
Console	: [12:12:00] [Server thread/INFO]: 
Console	: [12:15:00] [Server thread/INFO]: [Server] Saving world data. Expect lag for a short while.
Console	: [12:15:00] [Server thread/INFO]: Saving...
Console	: [12:15:00] [Server thread/INFO]: Saved the world
Console	: [12:15:00] [Server thread/INFO]: [Server] Save Complete
Console	: [12:21:00] [Server thread/INFO]: There are 0/10 players online:
Console	: [12:21:00] [Server thread/INFO]: 
Console	: [12:27:00] [Server thread/INFO]: There are 0/10 players online:
Console	: [12:27:00] [Server thread/INFO]: 
Console	: [12:30:00] [Server thread/INFO]: [Server] This server is running McMyAdmin Personal v2.7.0.2
Console	: [12:30:00] [Server thread/INFO]: [Server] Saving world data. Expect lag for a short while.
Console	: [12:30:00] [Server thread/INFO]: Saving...
Console	: [12:30:00] [Server thread/INFO]: Saved the world
Console	: [12:30:00] [Server thread/INFO]: [Server] Save Complete
Console	: [12:36:00] [Server thread/INFO]: There are 0/10 players online:
Console	: [12:36:00] [Server thread/INFO]: 
Console	: [12:42:00] [Server thread/INFO]: There are 0/10 players online:
Console	: [12:42:00] [Server thread/INFO]: 
Console	: [12:45:00] [Server thread/INFO]: [Server] Saving world data. Expect lag for a short while.
Console	: [12:45:00] [Server thread/INFO]: Saving...
Console	: [12:45:00] [Server thread/INFO]: Saved the world
Console	: [12:45:00] [Server thread/INFO]: [Server] Save Complete
Console	: [12:51:00] [Server thread/INFO]: There are 0/10 players online:
Console	: [12:51:00] [Server thread/INFO]: 
Console	: [12:57:00] [Server thread/INFO]: There are 0/10 players online:
Console	: [12:57:00] [Server thread/INFO]: 
Console	: [13:00:00] [Server thread/INFO]: [Server] This server is running McMyAdmin Personal v2.7.0.2
Console	: [13:00:00] [Server thread/INFO]: [Server] Saving world data. Expect lag for a short while.
Console	: [13:00:00] [Server thread/INFO]: Saving...
Console	: [13:00:00] [Server thread/INFO]: Saved the world
Console	: [13:00:00] [Server thread/INFO]: [Server] Save Complete
Console	: [13:06:00] [Server thread/INFO]: There are 0/10 players online:
Console	: [13:06:00] [Server thread/INFO]: 
Console	: [13:12:00] [Server thread/INFO]: There are 0/10 players online:
Console	: [13:12:00] [Server thread/INFO]: 
Console	: [13:15:00] [Server thread/INFO]: [Server] Saving world data. Expect lag for a short while.
Console	: [13:15:00] [Server thread/INFO]: Saving...
Console	: [13:15:00] [Server thread/INFO]: Saved the world
Console	: [13:15:00] [Server thread/INFO]: [Server] Save Complete
Console	: [13:21:00] [Server thread/INFO]: There are 0/10 players online:
Console	: [13:21:00] [Server thread/INFO]: 
Console	: [13:27:00] [Server thread/INFO]: There are 0/10 players online:
Console	: [13:27:00] [Server thread/INFO]: 
Console	: [13:30:00] [Server thread/INFO]: [Server] This server is running McMyAdmin Personal v2.7.0.2
Console	: [13:30:00] [Server thread/INFO]: [Server] Saving world data. Expect lag for a short while.
Console	: [13:30:00] [Server thread/INFO]: Saving...
Console	: [13:30:00] [Server thread/INFO]: Saved the world
Console	: [13:30:00] [Server thread/INFO]: [Server] Save Complete
Console	: [13:36:00] [Server thread/INFO]: There are 0/10 players online:
Console	: [13:36:00] [Server thread/INFO]: 
Console	: [13:42:00] [Server thread/INFO]: There are 0/10 players online:
Console	: [13:42:00] [Server thread/INFO]: 
Console	: [13:45:00] [Server thread/INFO]: [Server] Saving world data. Expect lag for a short while.
Console	: [13:45:00] [Server thread/INFO]: Saving...
Console	: [13:45:00] [Server thread/INFO]: Saved the world
Console	: [13:45:00] [Server thread/INFO]: [Server] Save Complete
Console	: [13:51:00] [Server thread/INFO]: There are 0/10 players online:
Console	: [13:51:00] [Server thread/INFO]: 
Console	: [13:57:00] [Server thread/INFO]: There are 0/10 players online:
Console	: [13:57:00] [Server thread/INFO]: 
Console	: [14:00:00] [Server thread/INFO]: [Server] This server is running McMyAdmin Personal v2.7.0.2
Console	: [14:00:00] [Server thread/INFO]: [Server] Saving world data. Expect lag for a short while.
Console	: [14:00:00] [Server thread/INFO]: Saving...
Console	: [14:00:00] [Server thread/INFO]: Saved the world
Console	: [14:00:00] [Server thread/INFO]: [Server] Save Complete
