Notice	: Detecting System...
Notice	: No virtualized environment detected.
Notice	: Linux Distribution: Ubuntu
Notice	: Detection complete.
Warning : Unable to detect java version! Java may not be installed or may be outdated.
Error	: McMyAdmin was not shut down properly!
Error	: To avoid potential data loss, please perform /quit on this console.
Error	: Startup will resume in 5 seconds...
Notice	: Starting McMyAdmin Personal v2.7.0.2
Notice	: Checking for updates...
Notice	: Checking for Minecraft Server updates...
Notice	: Starting webserver...
Notice	: McMyAdmin has started and is ready for use.
Notice	: Server jar hash is d38e7271-d0fb-d1ac-394b-f3ade2649a5c
Notice	: Starting Minecraft Server...
Console	: [18:34:09] [Server thread/INFO]: Starting minecraft server version 1.12.2
Console	: [18:34:09] [Server thread/INFO]: Loading properties
Console	: [18:34:10] [Server thread/INFO]: Default game type: SURVIVAL
Console	: [18:34:10] [Server thread/INFO]: Generating keypair
Console	: [18:34:10] [Server thread/INFO]: Starting Minecraft server on *:25565
Console	: [18:34:11] [Server thread/INFO]: Using epoll channel type
Console	: [18:34:11] [Server thread/INFO]: Preparing level "world"
Console	: [18:34:14] [Server thread/INFO]: Loaded 488 advancements
Console	: [18:34:14] [Server thread/INFO]: Preparing start region for level 0
Console	: [18:34:18] [Server thread/INFO]: Preparing spawn area: 0%
Console	: [18:34:19] [Server thread/INFO]: Preparing spawn area: 3%
Console	: [18:34:20] [Server thread/INFO]: Preparing spawn area: 9%
Console	: [18:34:21] [Server thread/INFO]: Preparing spawn area: 19%
Console	: [18:34:22] [Server thread/INFO]: Preparing spawn area: 31%
Console	: [18:34:23] [Server thread/INFO]: Preparing spawn area: 49%
Console	: [18:34:24] [Server thread/INFO]: Preparing spawn area: 71%
Console	: [18:34:25] [Server thread/INFO]: Done (13.395s)! For help, type "help" or "?"
Console	: [18:34:30] [Server thread/WARN]: Can't keep up! Did the system time change, or is the server overloaded? Running 2512ms behind, skipping 50 tick(s)
Console	: [18:40:00] [Server thread/INFO]: There are 0/10 players online:
Console	: [18:40:00] [Server thread/INFO]: 
