Notice	: Detecting System...
Notice	: No virtualized environment detected.
Notice	: Linux Distribution: Ubuntu
Notice	: Detection complete.
Warning : Unable to detect java version! Java may not be installed or may be outdated.
Error	: McMyAdmin was not shut down properly!
Error	: To avoid potential data loss, please perform /quit on this console.
Error	: Startup will resume in 5 seconds...
Notice	: Starting McMyAdmin Personal v2.7.0.2
Notice	: Checking for updates...
Notice	: Checking for Minecraft Server updates...
Notice	: Starting webserver...
Notice	: McMyAdmin has started and is ready for use.
Notice	: Server jar hash is d38e7271-d0fb-d1ac-394b-f3ade2649a5c
Notice	: Starting Minecraft Server...
Console	: [15:32:57] [Server thread/INFO]: Starting minecraft server version 1.12.2
Console	: [15:32:57] [Server thread/INFO]: Loading properties
Console	: [15:32:57] [Server thread/INFO]: Default game type: SURVIVAL
Console	: [15:32:57] [Server thread/INFO]: Generating keypair
Console	: [15:32:58] [Server thread/INFO]: Starting Minecraft server on *:25565
Console	: [15:32:59] [Server thread/INFO]: Using epoll channel type
Console	: [15:33:00] [Server thread/INFO]: Preparing level "world"
Console	: [15:33:02] [Server thread/INFO]: Loaded 488 advancements
Console	: [15:33:02] [Server thread/INFO]: Preparing start region for level 0
Console	: [15:33:06] [Server thread/INFO]: Preparing spawn area: 0%
Console	: [15:33:07] [Server thread/INFO]: Preparing spawn area: 3%
Console	: [15:33:08] [Server thread/INFO]: Preparing spawn area: 8%
Console	: [15:33:09] [Server thread/INFO]: Preparing spawn area: 21%
Console	: [15:33:10] [Server thread/INFO]: Preparing spawn area: 45%
Console	: [15:33:11] [Server thread/INFO]: Preparing spawn area: 71%
Console	: [15:33:11] [Server thread/INFO]: Done (11.377s)! For help, type "help" or "?"
Console	: [15:39:00] [Server thread/INFO]: There are 0/10 players online:
Console	: [15:39:00] [Server thread/INFO]: 
Console	: [15:45:00] [Server thread/INFO]: There are 0/10 players online:
Console	: [15:45:00] [Server thread/INFO]: 
Console	: [15:45:00] [Server thread/INFO]: [Server] Saving world data. Expect lag for a short while.
Console	: [15:45:00] [Server thread/INFO]: Saving...
Console	: [15:45:00] [Server thread/INFO]: Saved the world
Console	: [15:45:00] [Server thread/INFO]: [Server] Save Complete
Console	: [15:51:00] [Server thread/INFO]: There are 0/10 players online:
Console	: [15:51:00] [Server thread/INFO]: 
Console	: [15:57:00] [Server thread/INFO]: There are 0/10 players online:
Console	: [15:57:00] [Server thread/INFO]: 
Console	: [16:00:00] [Server thread/INFO]: [Server] This server is running McMyAdmin Personal v2.7.0.2
Console	: [16:00:00] [Server thread/INFO]: [Server] Saving world data. Expect lag for a short while.
Console	: [16:00:00] [Server thread/INFO]: Saving...
Console	: [16:00:00] [Server thread/INFO]: Saved the world
Console	: [16:00:00] [Server thread/INFO]: [Server] Save Complete
Console	: [16:06:00] [Server thread/INFO]: There are 0/10 players online:
Console	: [16:06:00] [Server thread/INFO]: 
