Notice	: Detecting System...
Notice	: No virtualized environment detected.
Notice	: Linux Distribution: Ubuntu
Notice	: Detection complete.
Warning : Unable to detect java version! Java may not be installed or may be outdated.
Error	: McMyAdmin was not shut down properly!
Error	: To avoid potential data loss, please perform /quit on this console.
Error	: Startup will resume in 5 seconds...
Notice	: Starting McMyAdmin Personal v2.7.0.2
Notice	: Checking for updates...
Notice	: Checking for Minecraft Server updates...
Notice	: Starting webserver...
Notice	: McMyAdmin has started and is ready for use.
Notice	: Server jar hash is d38e7271-d0fb-d1ac-394b-f3ade2649a5c
Notice	: Starting Minecraft Server...
Console	: [13:41:53] [Server thread/INFO]: Starting minecraft server version 1.12.2
Console	: [13:41:53] [Server thread/INFO]: Loading properties
Console	: [13:41:53] [Server thread/INFO]: Default game type: SURVIVAL
Console	: [13:41:53] [Server thread/INFO]: Generating keypair
Console	: [13:41:54] [Server thread/INFO]: Starting Minecraft server on *:25565
Console	: [13:41:54] [Server thread/INFO]: Using epoll channel type
Console	: [13:41:55] [Server thread/INFO]: Preparing level "world"
Console	: [13:41:57] [Server thread/INFO]: Loaded 488 advancements
Console	: [13:41:57] [Server thread/INFO]: Preparing start region for level 0
Console	: [13:42:00] [Server thread/INFO]: Preparing spawn area: 0%
Console	: [13:42:01] [Server thread/INFO]: Preparing spawn area: 7%
Console	: [13:42:02] [Server thread/INFO]: Preparing spawn area: 26%
Console	: [13:42:03] [Server thread/INFO]: Preparing spawn area: 58%
Console	: [13:42:04] [Server thread/INFO]: Preparing spawn area: 94%
Console	: [13:42:04] [Server thread/INFO]: Done (9.035s)! For help, type "help" or "?"
Console	: [13:42:08] [Server thread/WARN]: Can't keep up! Did the system time change, or is the server overloaded? Running 2099ms behind, skipping 41 tick(s)
Console	: [13:45:00] [Server thread/INFO]: [Server] Saving world data. Expect lag for a short while.
Console	: [13:45:00] [Server thread/INFO]: Saving...
Console	: [13:45:00] [Server thread/INFO]: Saved the world
Console	: [13:45:00] [Server thread/INFO]: [Server] Save Complete
