Notice	: Detecting System...
Notice	: No virtualized environment detected.
Notice	: Linux Distribution: Ubuntu
Notice	: Detection complete.
Warning : Unable to detect java version! Java may not be installed or may be outdated.
Error	: McMyAdmin was not shut down properly!
Error	: To avoid potential data loss, please perform /quit on this console.
Error	: Startup will resume in 5 seconds...
Notice	: Starting McMyAdmin Personal v2.7.0.2
Notice	: Checking for updates...
Notice	: Checking for Minecraft Server updates...
Notice	: Starting webserver...
Notice	: McMyAdmin has started and is ready for use.
Notice	: Server jar hash is d38e7271-d0fb-d1ac-394b-f3ade2649a5c
Notice	: Starting Minecraft Server...
Console	: [00:43:08] [Server thread/INFO]: Starting minecraft server version 1.12.2
Console	: [00:43:08] [Server thread/INFO]: Loading properties
Console	: [00:43:08] [Server thread/INFO]: Default game type: SURVIVAL
Console	: [00:43:08] [Server thread/INFO]: Generating keypair
Console	: [00:43:09] [Server thread/INFO]: Starting Minecraft server on *:25565
Console	: [00:43:09] [Server thread/INFO]: Using epoll channel type
Console	: [00:43:10] [Server thread/INFO]: Preparing level "world"
Console	: [00:43:13] [Server thread/INFO]: Loaded 488 advancements
Console	: [00:43:13] [Server thread/INFO]: Preparing start region for level 0
Console	: [00:43:19] [Server thread/INFO]: Preparing spawn area: 0%
Console	: [00:43:20] [Server thread/INFO]: Preparing spawn area: 3%
Console	: [00:43:21] [Server thread/INFO]: Preparing spawn area: 9%
Console	: [00:43:22] [Server thread/INFO]: Preparing spawn area: 22%
Console	: [00:43:23] [Server thread/INFO]: Preparing spawn area: 39%
Console	: [00:43:24] [Server thread/WARN]: Keeping entity minecraft:skeleton that already exists with UUID a0d8fab1-8d9a-4e93-8810-a9b8dcec051b
Console	: [00:43:24] [Server thread/INFO]: Preparing spawn area: 53%
Console	: [00:43:25] [Server thread/WARN]: Keeping entity minecraft:wolf that already exists with UUID 0c0051a8-17ba-4dac-a7cd-da9eb1a0208d
Console	: [00:43:25] [Server thread/INFO]: Preparing spawn area: 82%
Console	: [00:43:26] [Server thread/INFO]: Done (16.286s)! For help, type "help" or "?"
Console	: [00:43:31] [Server thread/WARN]: Can't keep up! Did the system time change, or is the server overloaded? Running 3645ms behind, skipping 72 tick(s)
Console	: [00:45:00] [Server thread/INFO]: [Server] Saving world data. Expect lag for a short while.
Console	: [00:45:00] [Server thread/INFO]: Saving...
Console	: [00:45:00] [Server thread/INFO]: Saved the world
Console	: [00:45:00] [Server thread/INFO]: [Server] Save Complete
Console	: [00:51:00] [Server thread/INFO]: There are 0/10 players online:
Console	: [00:51:00] [Server thread/INFO]: 
Console	: [00:57:00] [Server thread/INFO]: There are 0/10 players online:
Console	: [00:57:00] [Server thread/INFO]: 
Notice	: Checking for updates...
Notice	: Checking for Minecraft Server updates...
Console	: [01:00:00] [Server thread/INFO]: [Server] This server is running McMyAdmin Personal v2.7.0.2
Console	: [01:00:00] [Server thread/INFO]: [Server] Saving world data. Expect lag for a short while.
Console	: [01:00:00] [Server thread/INFO]: Saving...
Console	: [01:00:00] [Server thread/INFO]: Saved the world
Console	: [01:00:00] [Server thread/INFO]: [Server] Save Complete
Console	: [01:06:00] [Server thread/INFO]: There are 0/10 players online:
Console	: [01:06:00] [Server thread/INFO]: 
Console	: [01:12:00] [Server thread/INFO]: There are 0/10 players online:
Console	: [01:12:00] [Server thread/INFO]: 
Console	: [01:15:00] [Server thread/INFO]: [Server] Saving world data. Expect lag for a short while.
Console	: [01:15:00] [Server thread/INFO]: Saving...
Console	: [01:15:00] [Server thread/INFO]: Saved the world
Console	: [01:15:00] [Server thread/INFO]: [Server] Save Complete
Console	: [01:21:00] [Server thread/INFO]: There are 0/10 players online:
Console	: [01:21:00] [Server thread/INFO]: 
Console	: [01:27:00] [Server thread/INFO]: There are 0/10 players online:
Console	: [01:27:00] [Server thread/INFO]: 
Console	: [01:30:00] [Server thread/INFO]: [Server] This server is running McMyAdmin Personal v2.7.0.2
Console	: [01:30:00] [Server thread/INFO]: [Server] Saving world data. Expect lag for a short while.
Console	: [01:30:00] [Server thread/INFO]: Saving...
Console	: [01:30:00] [Server thread/INFO]: Saved the world
Console	: [01:30:00] [Server thread/INFO]: [Server] Save Complete
Console	: [01:36:00] [Server thread/INFO]: There are 0/10 players online:
Console	: [01:36:00] [Server thread/INFO]: 
Console	: [01:42:00] [Server thread/INFO]: There are 0/10 players online:
Console	: [01:42:00] [Server thread/INFO]: 
Console	: [01:45:00] [Server thread/INFO]: [Server] Saving world data. Expect lag for a short while.
Console	: [01:45:00] [Server thread/INFO]: Saving...
Console	: [01:45:00] [Server thread/INFO]: Saved the world
Console	: [01:45:00] [Server thread/INFO]: [Server] Save Complete
Console	: [01:51:00] [Server thread/INFO]: There are 0/10 players online:
Console	: [01:51:00] [Server thread/INFO]: 
Console	: [01:57:00] [Server thread/INFO]: There are 0/10 players online:
Console	: [01:57:00] [Server thread/INFO]: 
Console	: [02:00:00] [Server thread/INFO]: [Server] This server is running McMyAdmin Personal v2.7.0.2
Console	: [02:00:00] [Server thread/INFO]: [Server] Saving world data. Expect lag for a short while.
Console	: [02:00:00] [Server thread/INFO]: Saving...
Console	: [02:00:00] [Server thread/INFO]: Saved the world
Console	: [02:00:00] [Server thread/INFO]: [Server] Save Complete
Console	: [02:06:00] [Server thread/INFO]: There are 0/10 players online:
Console	: [02:06:00] [Server thread/INFO]: 
Console	: [02:12:00] [Server thread/INFO]: There are 0/10 players online:
Console	: [02:12:00] [Server thread/INFO]: 
