Notice	: Detecting System...
Notice	: No virtualized environment detected.
Notice	: Linux Distribution: Ubuntu
Notice	: Detection complete.
Warning : Unable to detect java version! Java may not be installed or may be outdated.
Error	: McMyAdmin was not shut down properly!
Error	: To avoid potential data loss, please perform /quit on this console.
Error	: Startup will resume in 5 seconds...
Notice	: Starting McMyAdmin Personal v2.7.0.2
Notice	: Checking for updates...
Notice	: Checking for Minecraft Server updates...
Notice	: Starting webserver...
Notice	: McMyAdmin has started and is ready for use.
Notice	: Server jar hash is d38e7271-d0fb-d1ac-394b-f3ade2649a5c
Notice	: Starting Minecraft Server...
Console	: [13:54:24] [Server thread/INFO]: Starting minecraft server version 1.12.2
Console	: [13:54:24] [Server thread/INFO]: Loading properties
Console	: [13:54:24] [Server thread/INFO]: Default game type: SURVIVAL
Console	: [13:54:24] [Server thread/INFO]: Generating keypair
Console	: [13:54:25] [Server thread/INFO]: Starting Minecraft server on *:25565
Console	: [13:54:25] [Server thread/INFO]: Using epoll channel type
Console	: [13:54:26] [Server thread/INFO]: Preparing level "world"
Console	: [13:54:27] [Server thread/INFO]: Loaded 488 advancements
Console	: [13:54:27] [Server thread/INFO]: Preparing start region for level 0
Console	: [13:54:31] [Server thread/INFO]: Preparing spawn area: 0%
Console	: [13:54:32] [Server thread/INFO]: Preparing spawn area: 7%
Console	: [13:54:33] [Server thread/INFO]: Preparing spawn area: 24%
Console	: [13:54:34] [Server thread/INFO]: Preparing spawn area: 53%
Console	: [13:54:35] [Server thread/INFO]: Preparing spawn area: 72%
Console	: [13:54:35] [Server thread/INFO]: Done (9.667s)! For help, type "help" or "?"
Console	: [14:00:00] [Server thread/INFO]: [Server] This server is running McMyAdmin Personal v2.7.0.2
Console	: [14:00:00] [Server thread/INFO]: There are 0/10 players online:
Console	: [14:00:00] [Server thread/INFO]: 
Console	: [14:00:00] [Server thread/INFO]: [Server] Saving world data. Expect lag for a short while.
Console	: [14:00:00] [Server thread/INFO]: Saving...
Console	: [14:00:00] [Server thread/INFO]: Saved the world
Console	: [14:00:00] [Server thread/INFO]: [Server] Save Complete
Console	: [14:06:00] [Server thread/INFO]: There are 0/10 players online:
Console	: [14:06:00] [Server thread/INFO]: 
Console	: [14:12:00] [Server thread/INFO]: There are 0/10 players online:
Console	: [14:12:00] [Server thread/INFO]: 
Console	: [14:15:00] [Server thread/INFO]: [Server] Saving world data. Expect lag for a short while.
Console	: [14:15:00] [Server thread/INFO]: Saving...
Console	: [14:15:00] [Server thread/INFO]: Saved the world
Console	: [14:15:00] [Server thread/INFO]: [Server] Save Complete
Console	: [14:21:00] [Server thread/INFO]: There are 0/10 players online:
Console	: [14:21:00] [Server thread/INFO]: 
Console	: [14:27:00] [Server thread/INFO]: There are 0/10 players online:
Console	: [14:27:00] [Server thread/INFO]: 
Console	: [14:30:00] [Server thread/INFO]: [Server] This server is running McMyAdmin Personal v2.7.0.2
Console	: [14:30:00] [Server thread/INFO]: [Server] Saving world data. Expect lag for a short while.
Console	: [14:30:00] [Server thread/INFO]: Saving...
Console	: [14:30:00] [Server thread/INFO]: Saved the world
Console	: [14:30:00] [Server thread/INFO]: [Server] Save Complete
Console	: [14:36:00] [Server thread/INFO]: There are 0/10 players online:
Console	: [14:36:00] [Server thread/INFO]: 
Console	: [14:42:00] [Server thread/INFO]: There are 0/10 players online:
Console	: [14:42:00] [Server thread/INFO]: 
Console	: [14:45:00] [Server thread/INFO]: [Server] Saving world data. Expect lag for a short while.
Console	: [14:45:00] [Server thread/INFO]: Saving...
Console	: [14:45:00] [Server thread/INFO]: Saved the world
Console	: [14:45:00] [Server thread/INFO]: [Server] Save Complete
Console	: [14:51:00] [Server thread/INFO]: There are 0/10 players online:
Console	: [14:51:00] [Server thread/INFO]: 
Console	: [14:57:00] [Server thread/INFO]: There are 0/10 players online:
Console	: [14:57:00] [Server thread/INFO]: 
Console	: [15:00:00] [Server thread/INFO]: [Server] This server is running McMyAdmin Personal v2.7.0.2
Console	: [15:00:00] [Server thread/INFO]: [Server] Saving world data. Expect lag for a short while.
Console	: [15:00:00] [Server thread/INFO]: Saving...
Console	: [15:00:00] [Server thread/INFO]: Saved the world
Console	: [15:00:00] [Server thread/INFO]: [Server] Save Complete
Console	: [15:06:00] [Server thread/INFO]: There are 0/10 players online:
Console	: [15:06:00] [Server thread/INFO]: 
Console	: [15:12:00] [Server thread/INFO]: There are 0/10 players online:
Console	: [15:12:00] [Server thread/INFO]: 
Console	: [15:15:00] [Server thread/INFO]: [Server] Saving world data. Expect lag for a short while.
Console	: [15:15:00] [Server thread/INFO]: Saving...
Console	: [15:15:00] [Server thread/INFO]: Saved the world
Console	: [15:15:00] [Server thread/INFO]: [Server] Save Complete
Console	: [15:21:00] [Server thread/INFO]: There are 0/10 players online:
Console	: [15:21:00] [Server thread/INFO]: 
Console	: [15:27:00] [Server thread/INFO]: There are 0/10 players online:
Console	: [15:27:00] [Server thread/INFO]: 
Console	: [15:30:00] [Server thread/INFO]: [Server] This server is running McMyAdmin Personal v2.7.0.2
Console	: [15:30:00] [Server thread/INFO]: [Server] Saving world data. Expect lag for a short while.
Console	: [15:30:00] [Server thread/INFO]: Saving...
Console	: [15:30:00] [Server thread/INFO]: Saved the world
Console	: [15:30:00] [Server thread/INFO]: [Server] Save Complete
Console	: [15:36:00] [Server thread/INFO]: There are 0/10 players online:
Console	: [15:36:00] [Server thread/INFO]: 
Console	: [15:42:00] [Server thread/INFO]: There are 0/10 players online:
Console	: [15:42:00] [Server thread/INFO]: 
Console	: [15:45:00] [Server thread/INFO]: [Server] Saving world data. Expect lag for a short while.
Console	: [15:45:00] [Server thread/INFO]: Saving...
Console	: [15:45:00] [Server thread/INFO]: Saved the world
Console	: [15:45:00] [Server thread/INFO]: [Server] Save Complete
Console	: [15:51:00] [Server thread/INFO]: There are 0/10 players online:
Console	: [15:51:00] [Server thread/INFO]: 
Console	: [15:57:00] [Server thread/INFO]: There are 0/10 players online:
Console	: [15:57:00] [Server thread/INFO]: 
Console	: [16:00:00] [Server thread/INFO]: [Server] This server is running McMyAdmin Personal v2.7.0.2
Console	: [16:00:00] [Server thread/INFO]: [Server] Saving world data. Expect lag for a short while.
Console	: [16:00:00] [Server thread/INFO]: Saving...
Console	: [16:00:00] [Server thread/INFO]: Saved the world
Console	: [16:00:00] [Server thread/INFO]: [Server] Save Complete
Console	: [16:06:00] [Server thread/INFO]: There are 0/10 players online:
Console	: [16:06:00] [Server thread/INFO]: 
Console	: [16:12:00] [Server thread/INFO]: There are 0/10 players online:
Console	: [16:12:00] [Server thread/INFO]: 
Console	: [16:15:00] [Server thread/INFO]: [Server] Saving world data. Expect lag for a short while.
Console	: [16:15:00] [Server thread/INFO]: Saving...
Console	: [16:15:00] [Server thread/INFO]: Saved the world
Console	: [16:15:00] [Server thread/INFO]: [Server] Save Complete
Console	: [16:21:00] [Server thread/INFO]: There are 0/10 players online:
Console	: [16:21:00] [Server thread/INFO]: 
Console	: [16:27:00] [Server thread/INFO]: There are 0/10 players online:
Console	: [16:27:00] [Server thread/INFO]: 
Console	: [16:30:00] [Server thread/INFO]: [Server] This server is running McMyAdmin Personal v2.7.0.2
Console	: [16:30:00] [Server thread/INFO]: [Server] Saving world data. Expect lag for a short while.
Console	: [16:30:00] [Server thread/INFO]: Saving...
Console	: [16:30:00] [Server thread/INFO]: Saved the world
Console	: [16:30:00] [Server thread/INFO]: [Server] Save Complete
Console	: [16:36:00] [Server thread/INFO]: There are 0/10 players online:
Console	: [16:36:00] [Server thread/INFO]: 
Console	: [16:42:00] [Server thread/INFO]: There are 0/10 players online:
Console	: [16:42:00] [Server thread/INFO]: 
Console	: [16:45:00] [Server thread/INFO]: [Server] Saving world data. Expect lag for a short while.
Console	: [16:45:00] [Server thread/INFO]: Saving...
Console	: [16:45:00] [Server thread/INFO]: Saved the world
Console	: [16:45:00] [Server thread/INFO]: [Server] Save Complete
Console	: [16:51:00] [Server thread/INFO]: There are 0/10 players online:
Console	: [16:51:00] [Server thread/INFO]: 
Console	: [16:57:00] [Server thread/INFO]: There are 0/10 players online:
Console	: [16:57:00] [Server thread/INFO]: 
Console	: [17:00:00] [Server thread/INFO]: [Server] This server is running McMyAdmin Personal v2.7.0.2
Console	: [17:00:00] [Server thread/INFO]: [Server] Saving world data. Expect lag for a short while.
Console	: [17:00:00] [Server thread/INFO]: Saving...
Console	: [17:00:00] [Server thread/INFO]: Saved the world
Console	: [17:00:00] [Server thread/INFO]: [Server] Save Complete
Console	: [17:06:00] [Server thread/INFO]: There are 0/10 players online:
Console	: [17:06:00] [Server thread/INFO]: 
Console	: [17:12:00] [Server thread/INFO]: There are 0/10 players online:
Console	: [17:12:00] [Server thread/INFO]: 
Console	: [17:15:00] [Server thread/INFO]: [Server] Saving world data. Expect lag for a short while.
Console	: [17:15:00] [Server thread/INFO]: Saving...
Console	: [17:15:00] [Server thread/INFO]: Saved the world
Console	: [17:15:00] [Server thread/INFO]: [Server] Save Complete
Console	: [17:21:00] [Server thread/INFO]: There are 0/10 players online:
Console	: [17:21:00] [Server thread/INFO]: 
Console	: [17:27:00] [Server thread/INFO]: There are 0/10 players online:
Console	: [17:27:00] [Server thread/INFO]: 
Console	: [17:30:00] [Server thread/INFO]: [Server] This server is running McMyAdmin Personal v2.7.0.2
Console	: [17:30:00] [Server thread/INFO]: [Server] Saving world data. Expect lag for a short while.
Console	: [17:30:00] [Server thread/INFO]: Saving...
Console	: [17:30:00] [Server thread/INFO]: Saved the world
Console	: [17:30:00] [Server thread/INFO]: [Server] Save Complete
Console	: [17:36:00] [Server thread/INFO]: There are 0/10 players online:
Console	: [17:36:00] [Server thread/INFO]: 
Console	: [17:42:00] [Server thread/INFO]: There are 0/10 players online:
Console	: [17:42:00] [Server thread/INFO]: 
Console	: [17:45:00] [Server thread/INFO]: [Server] Saving world data. Expect lag for a short while.
Console	: [17:45:00] [Server thread/INFO]: Saving...
Console	: [17:45:00] [Server thread/INFO]: Saved the world
Console	: [17:45:00] [Server thread/INFO]: [Server] Save Complete
Console	: [17:51:00] [Server thread/INFO]: There are 0/10 players online:
Console	: [17:51:00] [Server thread/INFO]: 
Console	: [17:57:00] [Server thread/INFO]: There are 0/10 players online:
Console	: [17:57:00] [Server thread/INFO]: 
Console	: [18:00:00] [Server thread/INFO]: [Server] This server is running McMyAdmin Personal v2.7.0.2
Console	: [18:00:00] [Server thread/INFO]: [Server] Saving world data. Expect lag for a short while.
Console	: [18:00:00] [Server thread/INFO]: Saving...
Console	: [18:00:00] [Server thread/INFO]: Saved the world
Console	: [18:00:00] [Server thread/INFO]: [Server] Save Complete
Console	: [18:06:00] [Server thread/INFO]: There are 0/10 players online:
Console	: [18:06:00] [Server thread/INFO]: 
