Notice	: Detecting System...
Notice	: No virtualized environment detected.
Notice	: Linux Distribution: Ubuntu
Notice	: Detection complete.
Warning : Unable to detect java version! Java may not be installed or may be outdated.
Error	: McMyAdmin was not shut down properly!
Error	: To avoid potential data loss, please perform /quit on this console.
Error	: Startup will resume in 5 seconds...
Notice	: Starting McMyAdmin Personal v2.7.0.2
Notice	: Checking for updates...
Notice	: Starting webserver...
Notice	: Checking for Minecraft Server updates...
Notice	: McMyAdmin has started and is ready for use.
Notice	: Server jar hash is d38e7271-d0fb-d1ac-394b-f3ade2649a5c
Notice	: Starting Minecraft Server...
Console	: [08:30:32] [Server thread/INFO]: Starting minecraft server version 1.12.2
Console	: [08:30:32] [Server thread/INFO]: Loading properties
Console	: [08:30:32] [Server thread/INFO]: Default game type: SURVIVAL
Console	: [08:30:32] [Server thread/INFO]: Generating keypair
Console	: [08:30:33] [Server thread/INFO]: Starting Minecraft server on *:25565
Console	: [08:30:34] [Server thread/INFO]: Using epoll channel type
Console	: [08:30:34] [Server thread/INFO]: Preparing level "world"
Console	: [08:30:37] [Server thread/INFO]: Loaded 488 advancements
Console	: [08:30:37] [Server thread/INFO]: Preparing start region for level 0
Console	: [08:30:41] [Server thread/INFO]: Preparing spawn area: 0%
Console	: [08:30:42] [Server thread/INFO]: Preparing spawn area: 4%
Console	: [08:30:43] [Server thread/INFO]: Preparing spawn area: 12%
Console	: [08:30:44] [Server thread/INFO]: Preparing spawn area: 30%
Console	: [08:30:45] [Server thread/INFO]: Preparing spawn area: 53%
Console	: [08:30:46] [Server thread/INFO]: Preparing spawn area: 86%
Console	: [08:30:46] [Server thread/INFO]: Done (11.688s)! For help, type "help" or "?"
