Notice	: Detecting System...
Notice	: No virtualized environment detected.
Notice	: Linux Distribution: Ubuntu
Notice	: Detection complete.
Warning : Unable to detect java version! Java may not be installed or may be outdated.
Error	: McMyAdmin was not shut down properly!
Error	: To avoid potential data loss, please perform /quit on this console.
Error	: Startup will resume in 5 seconds...
Notice	: Starting McMyAdmin Personal v2.7.0.2
Notice	: Checking for updates...
Notice	: Starting webserver...
Notice	: Checking for Minecraft Server updates...
Notice	: McMyAdmin has started and is ready for use.
Notice	: Server jar hash is d38e7271-d0fb-d1ac-394b-f3ade2649a5c
Notice	: Starting Minecraft Server...
Console	: [18:58:52] [Server thread/INFO]: Starting minecraft server version 1.12.2
Console	: [18:58:52] [Server thread/INFO]: Loading properties
Console	: [18:58:52] [Server thread/INFO]: Default game type: SURVIVAL
Console	: [18:58:52] [Server thread/INFO]: Generating keypair
Console	: [18:58:53] [Server thread/INFO]: Starting Minecraft server on *:25565
Console	: [18:58:53] [Server thread/INFO]: Using epoll channel type
Console	: [18:58:53] [Server thread/INFO]: Preparing level "world"
Console	: [18:58:55] [Server thread/INFO]: Loaded 488 advancements
Console	: [18:58:55] [Server thread/INFO]: Preparing start region for level 0
Console	: [18:58:58] [Server thread/INFO]: Preparing spawn area: 0%
Console	: [18:58:59] [Server thread/INFO]: Preparing spawn area: 4%
Console	: [18:59:00] [Server thread/INFO]: Preparing spawn area: 21%
Console	: [18:59:01] [Server thread/INFO]: Preparing spawn area: 51%
Console	: [18:59:02] [Server thread/INFO]: Preparing spawn area: 88%
Console	: [18:59:02] [Server thread/INFO]: Done (9.019s)! For help, type "help" or "?"
Console	: [18:59:08] [Server thread/WARN]: Can't keep up! Did the system time change, or is the server overloaded? Running 2051ms behind, skipping 41 tick(s)
Console	: [19:00:00] [Server thread/INFO]: [Server] This server is running McMyAdmin Personal v2.7.0.2
Console	: [19:00:00] [Server thread/INFO]: [Server] Saving world data. Expect lag for a short while.
Console	: [19:00:00] [Server thread/INFO]: Saving...
Console	: [19:00:00] [Server thread/INFO]: Saved the world
Console	: [19:00:00] [Server thread/INFO]: [Server] Save Complete
Console	: [19:06:00] [Server thread/INFO]: There are 0/10 players online:
Console	: [19:06:00] [Server thread/INFO]: 
