Notice	: Detecting System...
Notice	: No virtualized environment detected.
Notice	: Linux Distribution: Ubuntu
Notice	: Detection complete.
Warning : Unable to detect java version! Java may not be installed or may be outdated.
Error	: McMyAdmin was not shut down properly!
Error	: To avoid potential data loss, please perform /quit on this console.
Error	: Startup will resume in 5 seconds...
Notice	: Starting McMyAdmin Personal v2.7.0.2
Notice	: Checking for updates...
Notice	: Checking for Minecraft Server updates...
Notice	: Starting webserver...
Notice	: McMyAdmin has started and is ready for use.
Notice	: Server jar hash is d38e7271-d0fb-d1ac-394b-f3ade2649a5c
Notice	: Starting Minecraft Server...
Console	: [01:02:51] [Server thread/INFO]: Starting minecraft server version 1.12.2
Console	: [01:02:51] [Server thread/INFO]: Loading properties
Console	: [01:02:51] [Server thread/INFO]: Default game type: SURVIVAL
Console	: [01:02:51] [Server thread/INFO]: Generating keypair
Console	: [01:02:52] [Server thread/INFO]: Starting Minecraft server on *:25565
Console	: [01:02:52] [Server thread/INFO]: Using epoll channel type
Console	: [01:02:53] [Server thread/INFO]: Preparing level "world"
Console	: [01:02:55] [Server thread/INFO]: Loaded 488 advancements
Console	: [01:02:56] [Server thread/INFO]: Preparing start region for level 0
Console	: [01:02:58] [Server thread/INFO]: Preparing spawn area: 0%
Console	: [01:02:59] [Server thread/INFO]: Preparing spawn area: 6%
Console	: [01:03:00] [Server thread/INFO]: Preparing spawn area: 19%
Console	: [01:03:01] [Server thread/INFO]: Preparing spawn area: 31%
Console	: [01:03:02] [Server thread/INFO]: Preparing spawn area: 49%
Console	: [01:03:04] [Server thread/INFO]: Preparing spawn area: 66%
Console	: [01:03:05] [Server thread/INFO]: Done (11.649s)! For help, type "help" or "?"
Console	: [01:03:08] [Server thread/WARN]: Can't keep up! Did the system time change, or is the server overloaded? Running 2496ms behind, skipping 49 tick(s)
Console	: [01:09:00] [Server thread/INFO]: There are 0/10 players online:
Console	: [01:09:00] [Server thread/INFO]: 
