Notice	: Detecting System...
Notice	: No virtualized environment detected.
Notice	: Linux Distribution: Ubuntu
Notice	: Detection complete.
Warning : Unable to detect java version! Java may not be installed or may be outdated.
Error	: McMyAdmin was not shut down properly!
Error	: To avoid potential data loss, please perform /quit on this console.
Error	: Startup will resume in 5 seconds...
Notice	: Starting McMyAdmin Personal v2.7.0.2
Notice	: Checking for updates...
Notice	: Checking for Minecraft Server updates...
Notice	: Starting webserver...
Notice	: McMyAdmin has started and is ready for use.
Notice	: Server jar hash is d38e7271-d0fb-d1ac-394b-f3ade2649a5c
Notice	: Starting Minecraft Server...
Console	: [04:53:43] [Server thread/INFO]: Starting minecraft server version 1.12.2
Console	: [04:53:43] [Server thread/INFO]: Loading properties
Console	: [04:53:43] [Server thread/INFO]: Default game type: SURVIVAL
Console	: [04:53:43] [Server thread/INFO]: Generating keypair
Console	: [04:53:44] [Server thread/INFO]: Starting Minecraft server on *:25565
Console	: [04:53:44] [Server thread/INFO]: Using epoll channel type
Console	: [04:53:45] [Server thread/INFO]: Preparing level "world"
Console	: [04:53:47] [Server thread/INFO]: Loaded 488 advancements
Console	: [04:53:47] [Server thread/INFO]: Preparing start region for level 0
Console	: [04:53:50] [Server thread/INFO]: Preparing spawn area: 0%
Console	: [04:53:51] [Server thread/INFO]: Preparing spawn area: 7%
Console	: [04:53:52] [Server thread/INFO]: Preparing spawn area: 34%
Console	: [04:53:53] [Server thread/INFO]: Preparing spawn area: 64%
Console	: [04:53:54] [Server thread/INFO]: Done (9.107s)! For help, type "help" or "?"
Console	: [04:54:19] [Server thread/WARN]: Can't keep up! Did the system time change, or is the server overloaded? Running 24867ms behind, skipping 497 tick(s)
Console	: [04:54:21] [Server thread/WARN]: Can't keep up! Did the system time change, or is the server overloaded? Running 2341ms behind, skipping 46 tick(s)
