Notice	: Detecting System...
Notice	: No virtualized environment detected.
Notice	: Linux Distribution: Ubuntu
Notice	: Detection complete.
Warning : Unable to detect java version! Java may not be installed or may be outdated.
Error	: McMyAdmin was not shut down properly!
Error	: To avoid potential data loss, please perform /quit on this console.
Error	: Startup will resume in 5 seconds...
Notice	: Starting McMyAdmin Personal v2.7.0.2
Notice	: Checking for updates...
Notice	: Starting webserver...
Notice	: Checking for Minecraft Server updates...
Notice	: McMyAdmin has started and is ready for use.
Notice	: Server jar hash is d38e7271-d0fb-d1ac-394b-f3ade2649a5c
Notice	: Starting Minecraft Server...
Console	: [08:34:29] [Server thread/INFO]: Starting minecraft server version 1.12.2
Console	: [08:34:29] [Server thread/INFO]: Loading properties
Console	: [08:34:29] [Server thread/INFO]: Default game type: SURVIVAL
Console	: [08:34:29] [Server thread/INFO]: Generating keypair
Console	: [08:34:31] [Server thread/INFO]: Starting Minecraft server on *:25565
Console	: [08:34:31] [Server thread/INFO]: Using epoll channel type
Console	: [08:34:32] [Server thread/INFO]: Preparing level "world"
Console	: [08:34:34] [Server thread/INFO]: Loaded 488 advancements
Console	: [08:34:34] [Server thread/INFO]: Preparing start region for level 0
Console	: [08:34:38] [Server thread/INFO]: Preparing spawn area: 0%
Console	: [08:34:39] [Server thread/INFO]: Preparing spawn area: 4%
Console	: [08:34:40] [Server thread/INFO]: Preparing spawn area: 14%
Console	: [08:34:41] [Server thread/INFO]: Preparing spawn area: 32%
Console	: [08:34:42] [Server thread/INFO]: Preparing spawn area: 54%
Console	: [08:34:43] [Server thread/INFO]: Preparing spawn area: 73%
Console	: [08:34:43] [Server thread/INFO]: Done (11.468s)! For help, type "help" or "?"
Console	: [08:34:47] [Server thread/WARN]: Can't keep up! Did the system time change, or is the server overloaded? Running 2924ms behind, skipping 58 tick(s)
Console	: [08:40:00] [Server thread/INFO]: There are 0/10 players online:
Console	: [08:40:00] [Server thread/INFO]: 
Console	: [08:45:00] [Server thread/INFO]: [Server] Saving world data. Expect lag for a short while.
Console	: [08:45:00] [Server thread/INFO]: Saving...
Console	: [08:45:00] [Server thread/INFO]: Saved the world
Console	: [08:45:00] [Server thread/INFO]: [Server] Save Complete
Console	: [08:51:00] [Server thread/INFO]: There are 0/10 players online:
Console	: [08:51:00] [Server thread/INFO]: 
Console	: [08:57:00] [Server thread/INFO]: There are 0/10 players online:
Console	: [08:57:00] [Server thread/INFO]: 
Console	: [09:00:00] [Server thread/INFO]: [Server] This server is running McMyAdmin Personal v2.7.0.2
Console	: [09:00:00] [Server thread/INFO]: [Server] Saving world data. Expect lag for a short while.
Console	: [09:00:00] [Server thread/INFO]: Saving...
Console	: [09:00:00] [Server thread/INFO]: Saved the world
Console	: [09:00:00] [Server thread/INFO]: [Server] Save Complete
Console	: [09:06:00] [Server thread/INFO]: There are 0/10 players online:
Console	: [09:06:00] [Server thread/INFO]: 
Console	: [09:12:00] [Server thread/INFO]: There are 0/10 players online:
Console	: [09:12:00] [Server thread/INFO]: 
Console	: [09:15:00] [Server thread/INFO]: [Server] Saving world data. Expect lag for a short while.
Console	: [09:15:00] [Server thread/INFO]: Saving...
Console	: [09:15:00] [Server thread/INFO]: Saved the world
Console	: [09:15:00] [Server thread/INFO]: [Server] Save Complete
Console	: [09:21:00] [Server thread/INFO]: There are 0/10 players online:
Console	: [09:21:00] [Server thread/INFO]: 
Console	: [09:27:00] [Server thread/INFO]: There are 0/10 players online:
Console	: [09:27:00] [Server thread/INFO]: 
Console	: [09:30:00] [Server thread/INFO]: [Server] This server is running McMyAdmin Personal v2.7.0.2
Console	: [09:30:00] [Server thread/INFO]: [Server] Saving world data. Expect lag for a short while.
Console	: [09:30:00] [Server thread/INFO]: Saving...
Console	: [09:30:00] [Server thread/INFO]: Saved the world
Console	: [09:30:00] [Server thread/INFO]: [Server] Save Complete
Console	: [09:36:00] [Server thread/INFO]: There are 0/10 players online:
Console	: [09:36:00] [Server thread/INFO]: 
Console	: [09:42:00] [Server thread/INFO]: There are 0/10 players online:
Console	: [09:42:00] [Server thread/INFO]: 
Console	: [09:45:00] [Server thread/INFO]: [Server] Saving world data. Expect lag for a short while.
Console	: [09:45:00] [Server thread/INFO]: Saving...
Console	: [09:45:00] [Server thread/INFO]: Saved the world
Console	: [09:45:00] [Server thread/INFO]: [Server] Save Complete
Console	: [09:51:00] [Server thread/INFO]: There are 0/10 players online:
Console	: [09:51:00] [Server thread/INFO]: 
Console	: [09:57:00] [Server thread/INFO]: There are 0/10 players online:
Console	: [09:57:00] [Server thread/INFO]: 
Console	: [10:00:00] [Server thread/INFO]: [Server] This server is running McMyAdmin Personal v2.7.0.2
Console	: [10:00:00] [Server thread/INFO]: [Server] Saving world data. Expect lag for a short while.
Console	: [10:00:00] [Server thread/INFO]: Saving...
Console	: [10:00:00] [Server thread/INFO]: Saved the world
Console	: [10:00:00] [Server thread/INFO]: [Server] Save Complete
Console	: [10:06:00] [Server thread/INFO]: There are 0/10 players online:
Console	: [10:06:00] [Server thread/INFO]: 
Console	: [10:12:00] [Server thread/INFO]: There are 0/10 players online:
Console	: [10:12:00] [Server thread/INFO]: 
Console	: [10:15:00] [Server thread/INFO]: [Server] Saving world data. Expect lag for a short while.
Console	: [10:15:00] [Server thread/INFO]: Saving...
Console	: [10:15:00] [Server thread/INFO]: Saved the world
Console	: [10:15:00] [Server thread/INFO]: [Server] Save Complete
Console	: [10:21:00] [Server thread/INFO]: There are 0/10 players online:
Console	: [10:21:00] [Server thread/INFO]: 
Console	: [10:27:00] [Server thread/INFO]: There are 0/10 players online:
Console	: [10:27:00] [Server thread/INFO]: 
Console	: [10:30:00] [Server thread/INFO]: [Server] This server is running McMyAdmin Personal v2.7.0.2
Console	: [10:30:00] [Server thread/INFO]: [Server] Saving world data. Expect lag for a short while.
Console	: [10:30:00] [Server thread/INFO]: Saving...
Console	: [10:30:00] [Server thread/INFO]: Saved the world
Console	: [10:30:00] [Server thread/INFO]: [Server] Save Complete
Console	: [10:36:00] [Server thread/INFO]: There are 0/10 players online:
Console	: [10:36:00] [Server thread/INFO]: 
Console	: [10:42:00] [Server thread/INFO]: There are 0/10 players online:
Console	: [10:42:00] [Server thread/INFO]: 
Console	: [10:45:00] [Server thread/INFO]: [Server] Saving world data. Expect lag for a short while.
Console	: [10:45:00] [Server thread/INFO]: Saving...
Console	: [10:45:00] [Server thread/INFO]: Saved the world
Console	: [10:45:00] [Server thread/INFO]: [Server] Save Complete
Console	: [10:51:00] [Server thread/INFO]: There are 0/10 players online:
Console	: [10:51:00] [Server thread/INFO]: 
Console	: [10:57:00] [Server thread/INFO]: There are 0/10 players online:
Console	: [10:57:00] [Server thread/INFO]: 
Console	: [11:00:00] [Server thread/INFO]: [Server] This server is running McMyAdmin Personal v2.7.0.2
Console	: [11:00:00] [Server thread/INFO]: [Server] Saving world data. Expect lag for a short while.
Console	: [11:00:00] [Server thread/INFO]: Saving...
Console	: [11:00:00] [Server thread/INFO]: Saved the world
Console	: [11:00:00] [Server thread/INFO]: [Server] Save Complete
Console	: [11:06:00] [Server thread/INFO]: There are 0/10 players online:
Console	: [11:06:00] [Server thread/INFO]: 
Console	: [11:12:00] [Server thread/INFO]: There are 0/10 players online:
Console	: [11:12:00] [Server thread/INFO]: 
Console	: [11:15:00] [Server thread/INFO]: [Server] Saving world data. Expect lag for a short while.
Console	: [11:15:00] [Server thread/INFO]: Saving...
Console	: [11:15:00] [Server thread/INFO]: Saved the world
Console	: [11:15:00] [Server thread/INFO]: [Server] Save Complete
Console	: [11:21:00] [Server thread/INFO]: There are 0/10 players online:
Console	: [11:21:00] [Server thread/INFO]: 
Console	: [11:27:00] [Server thread/INFO]: There are 0/10 players online:
Console	: [11:27:00] [Server thread/INFO]: 
