Notice	: Detecting System...
Notice	: No virtualized environment detected.
Notice	: Linux Distribution: Ubuntu
Notice	: Detection complete.
Warning : Unable to detect java version! Java may not be installed or may be outdated.
Error	: McMyAdmin was not shut down properly!
Error	: To avoid potential data loss, please perform /quit on this console.
Error	: Startup will resume in 5 seconds...
Notice	: Starting McMyAdmin Personal v2.7.0.2
Notice	: Checking for updates...
Notice	: Starting webserver...
Notice	: Checking for Minecraft Server updates...
Notice	: McMyAdmin has started and is ready for use.
Notice	: Server jar hash is d38e7271-d0fb-d1ac-394b-f3ade2649a5c
Notice	: Starting Minecraft Server...
Console	: [14:14:23] [Server thread/INFO]: Starting minecraft server version 1.12.2
Console	: [14:14:23] [Server thread/INFO]: Loading properties
Console	: [14:14:23] [Server thread/INFO]: Default game type: SURVIVAL
Console	: [14:14:23] [Server thread/INFO]: Generating keypair
Console	: [14:14:24] [Server thread/INFO]: Starting Minecraft server on *:25565
Console	: [14:14:24] [Server thread/INFO]: Using epoll channel type
Console	: [14:14:25] [Server thread/INFO]: Preparing level "world"
Console	: [14:14:27] [Server thread/INFO]: Loaded 488 advancements
Console	: [14:14:27] [Server thread/INFO]: Preparing start region for level 0
Console	: [14:14:29] [Server thread/INFO]: Preparing spawn area: 0%
Console	: [14:14:30] [Server thread/INFO]: Preparing spawn area: 7%
Console	: [14:14:31] [Server thread/INFO]: Preparing spawn area: 22%
Console	: [14:14:32] [Server thread/INFO]: Preparing spawn area: 34%
Console	: [14:14:33] [Server thread/WARN]: Keeping entity minecraft:skeleton that already exists with UUID a0d8fab1-8d9a-4e93-8810-a9b8dcec051b
Console	: [14:14:33] [Server thread/INFO]: Preparing spawn area: 63%
Console	: [14:14:34] [Server thread/WARN]: Keeping entity minecraft:wolf that already exists with UUID 0c0051a8-17ba-4dac-a7cd-da9eb1a0208d
Console	: [14:14:34] [Server thread/INFO]: Preparing spawn area: 89%
Console	: [14:14:35] [Server thread/INFO]: Done (10.075s)! For help, type "help" or "?"
Console	: [14:15:00] [Server thread/INFO]: [Server] Saving world data. Expect lag for a short while.
Console	: [14:15:00] [Server thread/INFO]: Saving...
Console	: [14:15:00] [Server thread/INFO]: Saved the world
Console	: [14:15:00] [Server thread/INFO]: [Server] Save Complete
Console	: [14:21:00] [Server thread/INFO]: There are 0/10 players online:
Console	: [14:21:00] [Server thread/INFO]: 
Console	: [14:27:00] [Server thread/INFO]: There are 0/10 players online:
Console	: [14:27:00] [Server thread/INFO]: 
Console	: [14:30:00] [Server thread/INFO]: [Server] This server is running McMyAdmin Personal v2.7.0.2
Console	: [14:30:00] [Server thread/INFO]: [Server] Saving world data. Expect lag for a short while.
Console	: [14:30:00] [Server thread/INFO]: Saving...
Console	: [14:30:00] [Server thread/INFO]: Saved the world
Console	: [14:30:00] [Server thread/INFO]: [Server] Save Complete
Console	: [14:36:00] [Server thread/INFO]: There are 0/10 players online:
Console	: [14:36:00] [Server thread/INFO]: 
