Notice	: Detecting System...
Notice	: No virtualized environment detected.
Notice	: Linux Distribution: Ubuntu
Notice	: Detection complete.
Warning : Unable to detect java version! Java may not be installed or may be outdated.
Error	: McMyAdmin was not shut down properly!
Error	: To avoid potential data loss, please perform /quit on this console.
Error	: Startup will resume in 5 seconds...
Notice	: Starting McMyAdmin Personal v2.7.0.2
Notice	: Checking for updates...
Notice	: Checking for Minecraft Server updates...
Notice	: Starting webserver...
Notice	: McMyAdmin has started and is ready for use.
Notice	: Server jar hash is d38e7271-d0fb-d1ac-394b-f3ade2649a5c
Notice	: Starting Minecraft Server...
Console	: [17:18:32] [Server thread/INFO]: Starting minecraft server version 1.12.2
Console	: [17:18:32] [Server thread/INFO]: Loading properties
Console	: [17:18:32] [Server thread/INFO]: Default game type: SURVIVAL
Console	: [17:18:32] [Server thread/INFO]: Generating keypair
Console	: [17:18:33] [Server thread/INFO]: Starting Minecraft server on *:25565
Console	: [17:18:34] [Server thread/INFO]: Using epoll channel type
Console	: [17:18:35] [Server thread/INFO]: Preparing level "world"
Console	: [17:18:38] [Server thread/INFO]: Loaded 488 advancements
Console	: [17:18:38] [Server thread/INFO]: Preparing start region for level 0
Console	: [17:18:42] [Server thread/INFO]: Preparing spawn area: 0%
Console	: [17:18:43] [Server thread/INFO]: Preparing spawn area: 4%
Console	: [17:18:44] [Server thread/INFO]: Preparing spawn area: 14%
Console	: [17:18:45] [Server thread/INFO]: Preparing spawn area: 25%
Console	: [17:18:46] [Server thread/INFO]: Preparing spawn area: 33%
Console	: [17:18:47] [Server thread/WARN]: Keeping entity minecraft:skeleton that already exists with UUID a0d8fab1-8d9a-4e93-8810-a9b8dcec051b
Console	: [17:18:47] [Server thread/INFO]: Preparing spawn area: 42%
Console	: [17:18:48] [Server thread/INFO]: Preparing spawn area: 53%
Console	: [17:18:49] [Server thread/INFO]: Preparing spawn area: 63%
Console	: [17:18:50] [Server thread/WARN]: Keeping entity minecraft:wolf that already exists with UUID 0c0051a8-17ba-4dac-a7cd-da9eb1a0208d
Console	: [17:18:50] [Server thread/INFO]: Preparing spawn area: 73%
Console	: [17:18:51] [Server thread/INFO]: Done (16.335s)! For help, type "help" or "?"
Console	: [17:18:54] [Server thread/WARN]: Can't keep up! Did the system time change, or is the server overloaded? Running 2067ms behind, skipping 41 tick(s)
Console	: [17:24:00] [Server thread/INFO]: There are 0/10 players online:
Console	: [17:24:00] [Server thread/INFO]: 
Console	: [17:30:00] [Server thread/INFO]: [Server] This server is running McMyAdmin Personal v2.7.0.2
Console	: [17:30:00] [Server thread/INFO]: There are 0/10 players online:
Console	: [17:30:00] [Server thread/INFO]: 
Console	: [17:30:00] [Server thread/INFO]: [Server] Saving world data. Expect lag for a short while.
Console	: [17:30:00] [Server thread/INFO]: Saving...
Console	: [17:30:00] [Server thread/INFO]: Saved the world
Console	: [17:30:00] [Server thread/INFO]: [Server] Save Complete
