Notice	: Detecting System...
Notice	: No virtualized environment detected.
Notice	: Linux Distribution: Ubuntu
Notice	: Detection complete.
Warning : Unable to detect java version! Java may not be installed or may be outdated.
Error	: McMyAdmin was not shut down properly!
Error	: To avoid potential data loss, please perform /quit on this console.
Error	: Startup will resume in 5 seconds...
Notice	: Starting McMyAdmin Personal v2.7.0.2
Notice	: Checking for updates...
Notice	: Checking for Minecraft Server updates...
Notice	: Starting webserver...
Notice	: McMyAdmin has started and is ready for use.
Notice	: Server jar hash is d38e7271-d0fb-d1ac-394b-f3ade2649a5c
Notice	: Starting Minecraft Server...
Console	: [18:15:53] [Server thread/INFO]: Starting minecraft server version 1.12.2
Console	: [18:15:53] [Server thread/INFO]: Loading properties
Console	: [18:15:53] [Server thread/INFO]: Default game type: SURVIVAL
Console	: [18:15:53] [Server thread/INFO]: Generating keypair
Console	: [18:15:53] [Server thread/INFO]: Starting Minecraft server on *:25565
Console	: [18:15:54] [Server thread/INFO]: Using epoll channel type
Console	: [18:15:54] [Server thread/INFO]: Preparing level "world"
Console	: [18:15:56] [Server thread/INFO]: Loaded 488 advancements
Console	: [18:15:56] [Server thread/INFO]: Preparing start region for level 0
Console	: [18:15:58] [Server thread/INFO]: Preparing spawn area: 0%
Console	: [18:15:59] [Server thread/INFO]: Preparing spawn area: 10%
Console	: [18:16:00] [Server thread/INFO]: Preparing spawn area: 31%
Console	: [18:16:01] [Server thread/INFO]: Preparing spawn area: 59%
Console	: [18:16:02] [Server thread/INFO]: Preparing spawn area: 84%
Console	: [18:16:02] [Server thread/INFO]: Done (8.152s)! For help, type "help" or "?"
Console	: [18:22:00] [Server thread/INFO]: There are 0/10 players online:
Console	: [18:22:00] [Server thread/INFO]: 
Console	: [18:28:00] [Server thread/INFO]: There are 0/10 players online:
Console	: [18:28:00] [Server thread/INFO]: 
Console	: [18:30:00] [Server thread/INFO]: [Server] This server is running McMyAdmin Personal v2.7.0.2
Console	: [18:30:00] [Server thread/INFO]: [Server] Saving world data. Expect lag for a short while.
Console	: [18:30:00] [Server thread/INFO]: Saving...
Console	: [18:30:00] [Server thread/INFO]: Saved the world
Console	: [18:30:00] [Server thread/INFO]: [Server] Save Complete
