Notice	: Detecting System...
Notice	: No virtualized environment detected.
Notice	: Linux Distribution: Ubuntu
Notice	: Detection complete.
Warning : Unable to detect java version! Java may not be installed or may be outdated.
Error	: McMyAdmin was not shut down properly!
Error	: To avoid potential data loss, please perform /quit on this console.
Error	: Startup will resume in 5 seconds...
Notice	: Starting McMyAdmin Personal v2.7.0.2
Notice	: Checking for updates...
Notice	: Starting webserver...
Notice	: Checking for Minecraft Server updates...
Notice	: McMyAdmin has started and is ready for use.
Notice	: Server jar hash is d38e7271-d0fb-d1ac-394b-f3ade2649a5c
Notice	: Starting Minecraft Server...
Console	: [19:16:05] [Server thread/INFO]: Starting minecraft server version 1.12.2
Console	: [19:16:05] [Server thread/INFO]: Loading properties
Console	: [19:16:06] [Server thread/INFO]: Default game type: SURVIVAL
Console	: [19:16:06] [Server thread/INFO]: Generating keypair
Console	: [19:16:06] [Server thread/INFO]: Starting Minecraft server on *:25565
Console	: [19:16:06] [Server thread/INFO]: Using epoll channel type
Console	: [19:16:07] [Server thread/INFO]: Preparing level "world"
Console	: [19:16:07] [Server thread/ERROR]: Exception reading ./world/level.dat
Console	: java.io.EOFException: null
Console	: 	at java.util.zip.GZIPInputStream.readUByte(GZIPInputStream.java:268) ~[?:1.8.0_171]
Console	: 	at java.util.zip.GZIPInputStream.readUShort(GZIPInputStream.java:258) ~[?:1.8.0_171]
Console	: 	at java.util.zip.GZIPInputStream.readHeader(GZIPInputStream.java:164) ~[?:1.8.0_171]
Console	: 	at java.util.zip.GZIPInputStream.<init>(GZIPInputStream.java:79) ~[?:1.8.0_171]
Console	: 	at java.util.zip.GZIPInputStream.<init>(GZIPInputStream.java:91) ~[?:1.8.0_171]
Console	: 	at gi.a(SourceFile:25) ~[minecraft_server.jar:?]
Console	: 	at bfc.a(SourceFile:83) [minecraft_server.jar:?]
Console	: 	at bfc.c(SourceFile:67) [minecraft_server.jar:?]
Console	: 	at bez.b(SourceFile:96) [minecraft_server.jar:?]
Console	: 	at net.minecraft.server.MinecraftServer.a(SourceFile:195) [minecraft_server.jar:?]
Console	: 	at net.minecraft.server.MinecraftServer.a(SourceFile:238) [minecraft_server.jar:?]
Console	: 	at nz.j(SourceFile:233) [minecraft_server.jar:?]
Console	: 	at net.minecraft.server.MinecraftServer.run(SourceFile:434) [minecraft_server.jar:?]
Console	: 	at java.lang.Thread.run(Thread.java:748) [?:1.8.0_171]
Console	: [19:16:07] [Server thread/ERROR]: Exception reading ./world/level.dat
Console	: java.io.EOFException: null
Console	: 	at java.util.zip.GZIPInputStream.readUByte(GZIPInputStream.java:268) ~[?:1.8.0_171]
Console	: 	at java.util.zip.GZIPInputStream.readUShort(GZIPInputStream.java:258) ~[?:1.8.0_171]
Console	: 	at java.util.zip.GZIPInputStream.readHeader(GZIPInputStream.java:164) ~[?:1.8.0_171]
Console	: 	at java.util.zip.GZIPInputStream.<init>(GZIPInputStream.java:79) ~[?:1.8.0_171]
Console	: 	at java.util.zip.GZIPInputStream.<init>(GZIPInputStream.java:91) ~[?:1.8.0_171]
Console	: 	at gi.a(SourceFile:25) ~[minecraft_server.jar:?]
Console	: 	at bfc.a(SourceFile:83) [minecraft_server.jar:?]
Console	: 	at bfb.d(SourceFile:100) [minecraft_server.jar:?]
Console	: 	at net.minecraft.server.MinecraftServer.a(SourceFile:248) [minecraft_server.jar:?]
Console	: 	at nz.j(SourceFile:233) [minecraft_server.jar:?]
Console	: 	at net.minecraft.server.MinecraftServer.run(SourceFile:434) [minecraft_server.jar:?]
Console	: 	at java.lang.Thread.run(Thread.java:748) [?:1.8.0_171]
Console	: [19:16:09] [Server thread/INFO]: Loaded 488 advancements
Console	: [19:16:09] [Server thread/INFO]: Preparing start region for level 0
Console	: [19:16:11] [Server thread/INFO]: Preparing spawn area: 0%
Console	: [19:16:12] [Server thread/INFO]: Preparing spawn area: 5%
Console	: [19:16:13] [Server thread/INFO]: Preparing spawn area: 19%
Console	: [19:16:14] [Server thread/INFO]: Preparing spawn area: 41%
Console	: [19:16:15] [Server thread/INFO]: Preparing spawn area: 62%
Console	: [19:16:16] [Server thread/INFO]: Preparing spawn area: 79%
Console	: [19:16:17] [Server thread/INFO]: Done (9.776s)! For help, type "help" or "?"
Console	: [19:16:22] [Server thread/WARN]: Can't keep up! Did the system time change, or is the server overloaded? Running 3998ms behind, skipping 79 tick(s)
Console	: [19:22:00] [Server thread/INFO]: There are 0/10 players online:
Console	: [19:22:00] [Server thread/INFO]: 
