Notice	: Detecting System...
Notice	: No virtualized environment detected.
Notice	: Linux Distribution: Ubuntu
Notice	: Detection complete.
Warning : Unable to detect java version! Java may not be installed or may be outdated.
Error	: McMyAdmin was not shut down properly!
Error	: To avoid potential data loss, please perform /quit on this console.
Error	: Startup will resume in 5 seconds...
Notice	: Starting McMyAdmin Personal v2.7.0.2
Notice	: Checking for updates...
Notice	: Checking for Minecraft Server updates...
Notice	: Starting webserver...
Notice	: McMyAdmin has started and is ready for use.
Notice	: Server jar hash is d38e7271-d0fb-d1ac-394b-f3ade2649a5c
Notice	: Starting Minecraft Server...
Console	: [18:43:38] [Server thread/INFO]: Starting minecraft server version 1.12.2
Console	: [18:43:38] [Server thread/INFO]: Loading properties
Console	: [18:43:38] [Server thread/INFO]: Default game type: SURVIVAL
Console	: [18:43:38] [Server thread/INFO]: Generating keypair
Console	: [18:43:39] [Server thread/INFO]: Starting Minecraft server on *:25565
Console	: [18:43:40] [Server thread/INFO]: Using epoll channel type
Console	: [18:43:40] [Server thread/INFO]: Preparing level "world"
Console	: [18:43:43] [Server thread/INFO]: Loaded 488 advancements
Console	: [18:43:43] [Server thread/INFO]: Preparing start region for level 0
Console	: [18:43:48] [Server thread/INFO]: Preparing spawn area: 0%
Console	: [18:43:49] [Server thread/INFO]: Preparing spawn area: 4%
Console	: [18:43:50] [Server thread/INFO]: Preparing spawn area: 18%
Console	: [18:43:51] [Server thread/INFO]: Preparing spawn area: 31%
Console	: [18:43:52] [Server thread/WARN]: Keeping entity minecraft:skeleton that already exists with UUID a0d8fab1-8d9a-4e93-8810-a9b8dcec051b
Console	: [18:43:52] [Server thread/INFO]: Preparing spawn area: 47%
Console	: [18:43:53] [Server thread/INFO]: Preparing spawn area: 66%
Console	: [18:43:53] [Server thread/WARN]: Keeping entity minecraft:wolf that already exists with UUID 0c0051a8-17ba-4dac-a7cd-da9eb1a0208d
Console	: [18:43:54] [Server thread/INFO]: Done (13.177s)! For help, type "help" or "?"
Console	: [18:43:58] [Server thread/WARN]: Can't keep up! Did the system time change, or is the server overloaded? Running 2046ms behind, skipping 40 tick(s)
Console	: [18:45:00] [Server thread/INFO]: [Server] Saving world data. Expect lag for a short while.
Console	: [18:45:00] [Server thread/INFO]: Saving...
Console	: [18:45:00] [Server thread/INFO]: Saved the world
Console	: [18:45:00] [Server thread/INFO]: [Server] Save Complete
Console	: [18:51:00] [Server thread/INFO]: There are 0/10 players online:
Console	: [18:51:00] [Server thread/INFO]: 
Console	: [18:57:00] [Server thread/INFO]: There are 0/10 players online:
Console	: [18:57:00] [Server thread/INFO]: 
Console	: [19:00:00] [Server thread/INFO]: [Server] This server is running McMyAdmin Personal v2.7.0.2
Console	: [19:00:00] [Server thread/INFO]: [Server] Saving world data. Expect lag for a short while.
Console	: [19:00:00] [Server thread/INFO]: Saving...
Console	: [19:00:00] [Server thread/INFO]: Saved the world
Console	: [19:00:00] [Server thread/INFO]: [Server] Save Complete
Console	: [19:06:00] [Server thread/INFO]: There are 0/10 players online:
Console	: [19:06:00] [Server thread/INFO]: 
Console	: [19:12:00] [Server thread/INFO]: There are 0/10 players online:
Console	: [19:12:00] [Server thread/INFO]: 
Console	: [19:15:00] [Server thread/INFO]: [Server] Saving world data. Expect lag for a short while.
Console	: [19:15:00] [Server thread/INFO]: Saving...
Console	: [19:15:00] [Server thread/INFO]: Saved the world
Console	: [19:15:00] [Server thread/INFO]: [Server] Save Complete
Console	: [19:21:00] [Server thread/INFO]: There are 0/10 players online:
Console	: [19:21:00] [Server thread/INFO]: 
Console	: [19:27:00] [Server thread/INFO]: There are 0/10 players online:
Console	: [19:27:00] [Server thread/INFO]: 
Console	: [19:30:00] [Server thread/INFO]: [Server] This server is running McMyAdmin Personal v2.7.0.2
Console	: [19:30:00] [Server thread/INFO]: [Server] Saving world data. Expect lag for a short while.
Console	: [19:30:00] [Server thread/INFO]: Saving...
Console	: [19:30:00] [Server thread/INFO]: Saved the world
Console	: [19:30:00] [Server thread/INFO]: [Server] Save Complete
Console	: [19:36:00] [Server thread/INFO]: There are 0/10 players online:
Console	: [19:36:00] [Server thread/INFO]: 
Console	: [19:42:00] [Server thread/INFO]: There are 0/10 players online:
Console	: [19:42:00] [Server thread/INFO]: 
Console	: [19:45:00] [Server thread/INFO]: [Server] Saving world data. Expect lag for a short while.
Console	: [19:45:00] [Server thread/INFO]: Saving...
Console	: [19:45:00] [Server thread/INFO]: Saved the world
Console	: [19:45:00] [Server thread/INFO]: [Server] Save Complete
Console	: [19:51:00] [Server thread/INFO]: There are 0/10 players online:
Console	: [19:51:00] [Server thread/INFO]: 
Console	: [19:57:00] [Server thread/INFO]: There are 0/10 players online:
Console	: [19:57:00] [Server thread/INFO]: 
Console	: [20:00:00] [Server thread/INFO]: [Server] This server is running McMyAdmin Personal v2.7.0.2
Console	: [20:00:00] [Server thread/INFO]: [Server] Saving world data. Expect lag for a short while.
Console	: [20:00:00] [Server thread/INFO]: Saving...
Console	: [20:00:00] [Server thread/INFO]: Saved the world
Console	: [20:00:00] [Server thread/INFO]: [Server] Save Complete
Console	: [20:06:00] [Server thread/INFO]: There are 0/10 players online:
Console	: [20:06:00] [Server thread/INFO]: 
Console	: [20:12:00] [Server thread/INFO]: There are 0/10 players online:
Console	: [20:12:00] [Server thread/INFO]: 
Console	: [20:15:00] [Server thread/INFO]: [Server] Saving world data. Expect lag for a short while.
Console	: [20:15:00] [Server thread/INFO]: Saving...
Console	: [20:15:00] [Server thread/INFO]: Saved the world
Console	: [20:15:00] [Server thread/INFO]: [Server] Save Complete
