Notice	: Detecting System...
Notice	: No virtualized environment detected.
Notice	: Linux Distribution: Ubuntu
Notice	: Detection complete.
Warning : Unable to detect java version! Java may not be installed or may be outdated.
Error	: McMyAdmin was not shut down properly!
Error	: To avoid potential data loss, please perform /quit on this console.
Error	: Startup will resume in 5 seconds...
Notice	: Starting McMyAdmin Personal v2.7.0.2
Notice	: Checking for updates...
Notice	: Checking for Minecraft Server updates...
Notice	: Starting webserver...
Notice	: McMyAdmin has started and is ready for use.
Notice	: Server jar hash is d38e7271-d0fb-d1ac-394b-f3ade2649a5c
Notice	: Starting Minecraft Server...
Console	: [20:44:34] [Server thread/INFO]: Starting minecraft server version 1.12.2
Console	: [20:44:34] [Server thread/INFO]: Loading properties
Console	: [20:44:34] [Server thread/INFO]: Default game type: SURVIVAL
Console	: [20:44:34] [Server thread/INFO]: Generating keypair
Console	: [20:44:35] [Server thread/INFO]: Starting Minecraft server on *:25565
Console	: [20:44:35] [Server thread/INFO]: Using epoll channel type
Console	: [20:44:36] [Server thread/INFO]: Preparing level "world"
Console	: [20:44:37] [Server thread/INFO]: Loaded 488 advancements
Console	: [20:44:38] [Server thread/INFO]: Preparing start region for level 0
Console	: [20:44:42] [Server thread/INFO]: Preparing spawn area: 0%
Console	: [20:44:43] [Server thread/INFO]: Preparing spawn area: 3%
Console	: [20:44:44] [Server thread/INFO]: Preparing spawn area: 7%
Console	: [20:44:45] [Server thread/INFO]: Preparing spawn area: 19%
Console	: [20:44:46] [Server thread/INFO]: Preparing spawn area: 27%
Console	: [20:44:47] [Server thread/INFO]: Preparing spawn area: 34%
Console	: [20:44:48] [Server thread/WARN]: Keeping entity minecraft:skeleton that already exists with UUID a0d8fab1-8d9a-4e93-8810-a9b8dcec051b
Console	: [20:44:48] [Server thread/INFO]: Preparing spawn area: 44%
Console	: [20:44:49] [Server thread/INFO]: Preparing spawn area: 58%
Console	: [20:44:50] [Server thread/WARN]: Keeping entity minecraft:wolf that already exists with UUID 0c0051a8-17ba-4dac-a7cd-da9eb1a0208d
Console	: [20:44:50] [Server thread/INFO]: Preparing spawn area: 71%
Console	: [20:44:51] [Server thread/INFO]: Preparing spawn area: 86%
Console	: [20:44:52] [Server thread/INFO]: Done (16.388s)! For help, type "help" or "?"
Console	: [20:44:59] [Server thread/WARN]: Can't keep up! Did the system time change, or is the server overloaded? Running 5501ms behind, skipping 110 tick(s)
Console	: [20:45:00] [Server thread/INFO]: [Server] Saving world data. Expect lag for a short while.
Console	: [20:45:00] [Server thread/INFO]: Saving...
Console	: [20:45:02] [Server thread/INFO]: Saved the world
Console	: [20:45:02] [Server thread/INFO]: [Server] Save Complete
Console	: [20:45:12] [Server thread/WARN]: Can't keep up! Did the system time change, or is the server overloaded? Running 2815ms behind, skipping 56 tick(s)
