Notice	: Detecting System...
Notice	: No virtualized environment detected.
Notice	: Linux Distribution: Ubuntu
Notice	: Detection complete.
Warning : Unable to detect java version! Java may not be installed or may be outdated.
Error	: McMyAdmin was not shut down properly!
Error	: To avoid potential data loss, please perform /quit on this console.
Error	: Startup will resume in 5 seconds...
Notice	: Starting McMyAdmin Personal v2.7.0.2
Notice	: Checking for updates...
Notice	: Checking for Minecraft Server updates...
Notice	: Starting webserver...
Notice	: McMyAdmin has started and is ready for use.
Notice	: Server jar hash is d38e7271-d0fb-d1ac-394b-f3ade2649a5c
Notice	: Starting Minecraft Server...
Console	: [19:29:53] [Server thread/INFO]: Starting minecraft server version 1.12.2
Console	: [19:29:53] [Server thread/INFO]: Loading properties
Console	: [19:29:53] [Server thread/INFO]: Default game type: SURVIVAL
Console	: [19:29:53] [Server thread/INFO]: Generating keypair
Console	: [19:29:54] [Server thread/INFO]: Starting Minecraft server on *:25565
Console	: [19:29:55] [Server thread/INFO]: Using epoll channel type
Console	: [19:29:55] [Server thread/INFO]: Preparing level "world"
Console	: [19:29:58] [Server thread/INFO]: Loaded 488 advancements
Console	: [19:29:58] [Server thread/INFO]: Preparing start region for level 0
Console	: [19:30:04] [Server thread/INFO]: Preparing spawn area: 0%
Console	: [19:30:05] [Server thread/INFO]: Preparing spawn area: 3%
Console	: [19:30:06] [Server thread/INFO]: Preparing spawn area: 7%
Console	: [19:30:07] [Server thread/INFO]: Preparing spawn area: 12%
Console	: [19:30:08] [Server thread/INFO]: Preparing spawn area: 20%
Console	: [19:30:09] [Server thread/INFO]: Preparing spawn area: 42%
Console	: [19:30:10] [Server thread/WARN]: Keeping entity minecraft:skeleton that already exists with UUID a0d8fab1-8d9a-4e93-8810-a9b8dcec051b
Console	: [19:30:11] [Server thread/INFO]: Preparing spawn area: 58%
Console	: [19:30:11] [Server thread/WARN]: Keeping entity minecraft:wolf that already exists with UUID 0c0051a8-17ba-4dac-a7cd-da9eb1a0208d
Console	: [19:30:12] [Server thread/INFO]: Preparing spawn area: 79%
Console	: [19:30:12] [Server thread/INFO]: Done (17.031s)! For help, type "help" or "?"
Console	: [19:30:16] [Server thread/WARN]: Can't keep up! Did the system time change, or is the server overloaded? Running 2353ms behind, skipping 47 tick(s)
Console	: [19:36:00] [Server thread/INFO]: There are 0/10 players online:
Console	: [19:36:00] [Server thread/INFO]: 
Console	: [19:42:00] [Server thread/INFO]: There are 0/10 players online:
Console	: [19:42:00] [Server thread/INFO]: 
Console	: [19:45:00] [Server thread/INFO]: [Server] Saving world data. Expect lag for a short while.
Console	: [19:45:00] [Server thread/INFO]: Saving...
Console	: [19:45:00] [Server thread/INFO]: Saved the world
Console	: [19:45:00] [Server thread/INFO]: [Server] Save Complete
Console	: [19:51:00] [Server thread/INFO]: There are 0/10 players online:
Console	: [19:51:00] [Server thread/INFO]: 
Console	: [19:57:00] [Server thread/INFO]: There are 0/10 players online:
Console	: [19:57:00] [Server thread/INFO]: 
Console	: [20:00:00] [Server thread/INFO]: [Server] This server is running McMyAdmin Personal v2.7.0.2
Console	: [20:00:00] [Server thread/INFO]: [Server] Saving world data. Expect lag for a short while.
Console	: [20:00:00] [Server thread/INFO]: Saving...
Console	: [20:00:00] [Server thread/INFO]: Saved the world
Console	: [20:00:00] [Server thread/INFO]: [Server] Save Complete
Console	: [20:06:00] [Server thread/INFO]: There are 0/10 players online:
Console	: [20:06:00] [Server thread/INFO]: 
Console	: [20:12:00] [Server thread/INFO]: There are 0/10 players online:
Console	: [20:12:00] [Server thread/INFO]: 
Console	: [20:15:00] [Server thread/INFO]: [Server] Saving world data. Expect lag for a short while.
Console	: [20:15:00] [Server thread/INFO]: Saving...
Console	: [20:15:00] [Server thread/INFO]: Saved the world
Console	: [20:15:00] [Server thread/INFO]: [Server] Save Complete
Console	: [20:21:00] [Server thread/INFO]: There are 0/10 players online:
Console	: [20:21:00] [Server thread/INFO]: 
Console	: [20:27:00] [Server thread/INFO]: There are 0/10 players online:
Console	: [20:27:00] [Server thread/INFO]: 
Console	: [20:30:00] [Server thread/INFO]: [Server] This server is running McMyAdmin Personal v2.7.0.2
Console	: [20:30:00] [Server thread/INFO]: [Server] Saving world data. Expect lag for a short while.
Console	: [20:30:00] [Server thread/INFO]: Saving...
Console	: [20:30:00] [Server thread/INFO]: Saved the world
Console	: [20:30:00] [Server thread/INFO]: [Server] Save Complete
